{"uid":"e2f61f1323c4e4d9","name":"testDeletePlayerById","fullName":"com.companyname.playerservice.functionaltests.delete.DeletePlayerTests.testDeletePlayerById","historyId":"5d7c67cba1dc34f09dfd2922b783520b","time":{"start":1728299906974,"stop":1728299907317,"duration":343},"description":"Verify that user with different roles are able to CREATE Players","descriptionHtml":"<p>Verify that user with different roles are able to CREATE Players</p>\n","status":"failed","statusMessage":"1 expectation failed.\nExpected status code <200> but was <403>.\n","statusTrace":"java.lang.AssertionError: 1 expectation failed.\nExpected status code <200> but was <403>.\n\n\tat java.base/jdk.internal.reflect.NativeConstructorAccessorImpl.newInstance0(Native Method)\n\tat java.base/jdk.internal.reflect.NativeConstructorAccessorImpl.newInstance(NativeConstructorAccessorImpl.java:62)\n\tat java.base/jdk.internal.reflect.DelegatingConstructorAccessorImpl.newInstance(DelegatingConstructorAccessorImpl.java:45)\n\tat java.base/java.lang.reflect.Constructor.newInstance(Constructor.java:490)\n\tat org.codehaus.groovy.reflection.CachedConstructor.invoke(CachedConstructor.java:72)\n\tat org.codehaus.groovy.reflection.CachedConstructor.doConstructorInvoke(CachedConstructor.java:59)\n\tat org.codehaus.groovy.runtime.callsite.ConstructorSite$ConstructorSiteNoUnwrap.callConstructor(ConstructorSite.java:84)\n\tat org.codehaus.groovy.runtime.callsite.AbstractCallSite.callConstructor(AbstractCallSite.java:277)\n\tat io.restassured.internal.ResponseSpecificationImpl$HamcrestAssertionClosure.validate(ResponseSpecificationImpl.groovy:512)\n\tat io.restassured.internal.ResponseSpecificationImpl$HamcrestAssertionClosure$validate$4.call(Unknown Source)\n\tat io.restassured.internal.ResponseSpecificationImpl.validateResponseIfRequired(ResponseSpecificationImpl.groovy:696)\n\tat io.restassured.internal.ResponseSpecificationImpl.this$2$validateResponseIfRequired(ResponseSpecificationImpl.groovy)\n\tat java.base/jdk.internal.reflect.NativeMethodAccessorImpl.invoke0(Native Method)\n\tat java.base/jdk.internal.reflect.NativeMethodAccessorImpl.invoke(NativeMethodAccessorImpl.java:62)\n\tat java.base/jdk.internal.reflect.DelegatingMethodAccessorImpl.invoke(DelegatingMethodAccessorImpl.java:43)\n\tat java.base/java.lang.reflect.Method.invoke(Method.java:566)\n\tat org.codehaus.groovy.runtime.callsite.PlainObjectMetaMethodSite.doInvoke(PlainObjectMetaMethodSite.java:48)\n\tat org.codehaus.groovy.runtime.callsite.PogoMetaMethodSite$PogoCachedMethodSiteNoUnwrapNoCoerce.invoke(PogoMetaMethodSite.java:189)\n\tat org.codehaus.groovy.runtime.callsite.PogoMetaMethodSite.callCurrent(PogoMetaMethodSite.java:57)\n\tat org.codehaus.groovy.runtime.callsite.AbstractCallSite.callCurrent(AbstractCallSite.java:185)\n\tat io.restassured.internal.ResponseSpecificationImpl.statusCode(ResponseSpecificationImpl.groovy:135)\n\tat io.restassured.specification.ResponseSpecification$statusCode$0.callCurrent(Unknown Source)\n\tat io.restassured.internal.ResponseSpecificationImpl.statusCode(ResponseSpecificationImpl.groovy:143)\n\tat io.restassured.internal.ValidatableResponseOptionsImpl.statusCode(ValidatableResponseOptionsImpl.java:89)\n\tat com.companyname.playerservice.functionaltests.delete.DeletePlayerTests.testDeletePlayerById(DeletePlayerTests.java:30)\n\tat java.base/jdk.internal.reflect.NativeMethodAccessorImpl.invoke0(Native Method)\n\tat java.base/jdk.internal.reflect.NativeMethodAccessorImpl.invoke(NativeMethodAccessorImpl.java:62)\n\tat java.base/jdk.internal.reflect.DelegatingMethodAccessorImpl.invoke(DelegatingMethodAccessorImpl.java:43)\n\tat java.base/java.lang.reflect.Method.invoke(Method.java:566)\n\tat org.testng.internal.MethodInvocationHelper.invokeMethod(MethodInvocationHelper.java:124)\n\tat org.testng.internal.Invoker.invokeMethod(Invoker.java:583)\n\tat org.testng.internal.Invoker.invokeTestMethod(Invoker.java:719)\n\tat org.testng.internal.Invoker.invokeTestMethods(Invoker.java:989)\n\tat org.testng.internal.TestMethodWorker.invokeTestMethods(TestMethodWorker.java:125)\n\tat org.testng.internal.TestMethodWorker.run(TestMethodWorker.java:109)\n\tat java.base/java.util.concurrent.ThreadPoolExecutor.runWorker(ThreadPoolExecutor.java:1128)\n\tat java.base/java.util.concurrent.ThreadPoolExecutor$Worker.run(ThreadPoolExecutor.java:628)\n\tat java.base/java.lang.Thread.run(Thread.java:829)\n","flaky":false,"newFailed":false,"newBroken":false,"newPassed":false,"retriesCount":0,"retriesStatusChange":false,"beforeStages":[{"name":"setupClass","time":{"start":1728299899840,"stop":1728299901297,"duration":1457},"description":"","status":"passed","steps":[],"attachments":[],"parameters":[],"shouldDisplayMessage":false,"stepsCount":0,"attachmentsCount":0,"hasContent":false}],"testStage":{"description":"Verify that user with different roles are able to CREATE Players","status":"failed","statusMessage":"1 expectation failed.\nExpected status code <200> but was <403>.\n","statusTrace":"java.lang.AssertionError: 1 expectation failed.\nExpected status code <200> but was <403>.\n\n\tat java.base/jdk.internal.reflect.NativeConstructorAccessorImpl.newInstance0(Native Method)\n\tat java.base/jdk.internal.reflect.NativeConstructorAccessorImpl.newInstance(NativeConstructorAccessorImpl.java:62)\n\tat java.base/jdk.internal.reflect.DelegatingConstructorAccessorImpl.newInstance(DelegatingConstructorAccessorImpl.java:45)\n\tat java.base/java.lang.reflect.Constructor.newInstance(Constructor.java:490)\n\tat org.codehaus.groovy.reflection.CachedConstructor.invoke(CachedConstructor.java:72)\n\tat org.codehaus.groovy.reflection.CachedConstructor.doConstructorInvoke(CachedConstructor.java:59)\n\tat org.codehaus.groovy.runtime.callsite.ConstructorSite$ConstructorSiteNoUnwrap.callConstructor(ConstructorSite.java:84)\n\tat org.codehaus.groovy.runtime.callsite.AbstractCallSite.callConstructor(AbstractCallSite.java:277)\n\tat io.restassured.internal.ResponseSpecificationImpl$HamcrestAssertionClosure.validate(ResponseSpecificationImpl.groovy:512)\n\tat io.restassured.internal.ResponseSpecificationImpl$HamcrestAssertionClosure$validate$4.call(Unknown Source)\n\tat io.restassured.internal.ResponseSpecificationImpl.validateResponseIfRequired(ResponseSpecificationImpl.groovy:696)\n\tat io.restassured.internal.ResponseSpecificationImpl.this$2$validateResponseIfRequired(ResponseSpecificationImpl.groovy)\n\tat java.base/jdk.internal.reflect.NativeMethodAccessorImpl.invoke0(Native Method)\n\tat java.base/jdk.internal.reflect.NativeMethodAccessorImpl.invoke(NativeMethodAccessorImpl.java:62)\n\tat java.base/jdk.internal.reflect.DelegatingMethodAccessorImpl.invoke(DelegatingMethodAccessorImpl.java:43)\n\tat java.base/java.lang.reflect.Method.invoke(Method.java:566)\n\tat org.codehaus.groovy.runtime.callsite.PlainObjectMetaMethodSite.doInvoke(PlainObjectMetaMethodSite.java:48)\n\tat org.codehaus.groovy.runtime.callsite.PogoMetaMethodSite$PogoCachedMethodSiteNoUnwrapNoCoerce.invoke(PogoMetaMethodSite.java:189)\n\tat org.codehaus.groovy.runtime.callsite.PogoMetaMethodSite.callCurrent(PogoMetaMethodSite.java:57)\n\tat org.codehaus.groovy.runtime.callsite.AbstractCallSite.callCurrent(AbstractCallSite.java:185)\n\tat io.restassured.internal.ResponseSpecificationImpl.statusCode(ResponseSpecificationImpl.groovy:135)\n\tat io.restassured.specification.ResponseSpecification$statusCode$0.callCurrent(Unknown Source)\n\tat io.restassured.internal.ResponseSpecificationImpl.statusCode(ResponseSpecificationImpl.groovy:143)\n\tat io.restassured.internal.ValidatableResponseOptionsImpl.statusCode(ValidatableResponseOptionsImpl.java:89)\n\tat com.companyname.playerservice.functionaltests.delete.DeletePlayerTests.testDeletePlayerById(DeletePlayerTests.java:30)\n\tat java.base/jdk.internal.reflect.NativeMethodAccessorImpl.invoke0(Native Method)\n\tat java.base/jdk.internal.reflect.NativeMethodAccessorImpl.invoke(NativeMethodAccessorImpl.java:62)\n\tat java.base/jdk.internal.reflect.DelegatingMethodAccessorImpl.invoke(DelegatingMethodAccessorImpl.java:43)\n\tat java.base/java.lang.reflect.Method.invoke(Method.java:566)\n\tat org.testng.internal.MethodInvocationHelper.invokeMethod(MethodInvocationHelper.java:124)\n\tat org.testng.internal.Invoker.invokeMethod(Invoker.java:583)\n\tat org.testng.internal.Invoker.invokeTestMethod(Invoker.java:719)\n\tat org.testng.internal.Invoker.invokeTestMethods(Invoker.java:989)\n\tat org.testng.internal.TestMethodWorker.invokeTestMethods(TestMethodWorker.java:125)\n\tat org.testng.internal.TestMethodWorker.run(TestMethodWorker.java:109)\n\tat java.base/java.util.concurrent.ThreadPoolExecutor.runWorker(ThreadPoolExecutor.java:1128)\n\tat java.base/java.util.concurrent.ThreadPoolExecutor$Worker.run(ThreadPoolExecutor.java:628)\n\tat java.base/java.lang.Thread.run(Thread.java:829)\n","steps":[{"name":"Execute GET request to CREATE player","time":{"start":1728299906974,"stop":1728299907315,"duration":341},"status":"passed","steps":[],"attachments":[{"uid":"92a47dda652a0710","name":"Request","source":"92a47dda652a0710.html","type":"text/html","size":565},{"uid":"3885dd1282c8f8be","name":"HTTP/1.1 403 ","source":"3885dd1282c8f8be.html","type":"text/html","size":312}],"parameters":[{"name":"editor","value":"admin"},{"name":"player","value":"PlayerCreateRequestDTO(age=55, editor=supervisor, gender=Male, login=Owen Moore, password=null, role=user, screenName=yankv)"}],"shouldDisplayMessage":false,"stepsCount":0,"attachmentsCount":2,"hasContent":true}],"attachments":[],"parameters":[],"shouldDisplayMessage":true,"stepsCount":1,"attachmentsCount":2,"hasContent":true},"afterStages":[],"labels":[{"name":"package","value":"com.companyname.playerservice.functionaltests.delete.DeletePlayerTests"},{"name":"testClass","value":"com.companyname.playerservice.functionaltests.delete.DeletePlayerTests"},{"name":"testMethod","value":"testDeletePlayerById"},{"name":"parentSuite","value":"Surefire suite"},{"name":"suite","value":"Surefire test"},{"name":"subSuite","value":"com.companyname.playerservice.functionaltests.delete.DeletePlayerTests"},{"name":"host","value":"fv-az735-553"},{"name":"thread","value":"2192@fv-az735-553.TestNG-test=Surefire test-2(16)"},{"name":"framework","value":"testng"},{"name":"language","value":"java"},{"name":"tag","value":"SMOKE"},{"name":"epic","value":"Player service implementation"},{"name":"feature","value":"Delete Player"},{"name":"story","value":"Admin or Supervisor is able to delete Player"},{"name":"severity","value":"critical"},{"name":"resultFormat","value":"allure2"}],"parameters":[{"name":"arg0","value":"admin"}],"links":[{"name":"PS-326","type":"tms"}],"hidden":false,"retry":false,"extra":{"severity":"critical","retries":[],"categories":[{"name":"Product defects","matchedStatuses":[],"flaky":false}],"history":{"statistic":{"failed":33,"broken":0,"skipped":0,"passed":0,"unknown":0,"total":33},"items":[{"uid":"a6048ed227d87360","reportUrl":"https://Dmytro-Vusyk.github.io/player-service-taf/19//#testresult/a6048ed227d87360","status":"failed","statusDetails":"1 expectation failed.\nExpected status code <200> but was <403>.\n","time":{"start":1728296509701,"stop":1728296510045,"duration":344}},{"uid":"c9c631687e568e21","reportUrl":"https://Dmytro-Vusyk.github.io/player-service-taf/18//#testresult/c9c631687e568e21","status":"failed","statusDetails":"1 expectation failed.\nExpected status code <200> but was <403>.\n","time":{"start":1728292915847,"stop":1728292916087,"duration":240}},{"uid":"59bbcf1b2660beda","reportUrl":"https://Dmytro-Vusyk.github.io/player-service-taf/17//#testresult/59bbcf1b2660beda","status":"failed","statusDetails":"1 expectation failed.\nExpected status code <200> but was <403>.\n","time":{"start":1728289547828,"stop":1728289548169,"duration":341}},{"uid":"f62108a08e44d0b2","reportUrl":"https://Dmytro-Vusyk.github.io/player-service-taf/16//#testresult/f62108a08e44d0b2","status":"failed","statusDetails":"1 expectation failed.\nExpected status code <200> but was <403>.\n","time":{"start":1728285554897,"stop":1728285555131,"duration":234}},{"uid":"f68f23e52622ca39","reportUrl":"https://Dmytro-Vusyk.github.io/player-service-taf/15//#testresult/f68f23e52622ca39","status":"failed","statusDetails":"1 expectation failed.\nExpected status code <200> but was <403>.\n","time":{"start":1728282494617,"stop":1728282494852,"duration":235}},{"uid":"5f46c61b81d53797","reportUrl":"https://Dmytro-Vusyk.github.io/player-service-taf/14//#testresult/5f46c61b81d53797","status":"failed","statusDetails":"1 expectation failed.\nExpected status code <200> but was <403>.\n","time":{"start":1728278410615,"stop":1728278410851,"duration":236}},{"uid":"6a60d5a59df56896","reportUrl":"https://Dmytro-Vusyk.github.io/player-service-taf/13//#testresult/6a60d5a59df56896","status":"failed","statusDetails":"1 expectation failed.\nExpected status code <200> but was <403>.\n","time":{"start":1728275046517,"stop":1728275046754,"duration":237}},{"uid":"3c3bd610fcb3f2e2","reportUrl":"https://Dmytro-Vusyk.github.io/player-service-taf/12//#testresult/3c3bd610fcb3f2e2","status":"failed","statusDetails":"1 expectation failed.\nExpected status code <200> but was <403>.\n","time":{"start":1728271631319,"stop":1728271631666,"duration":347}},{"uid":"52bf1c8e04f52f5b","reportUrl":"https://Dmytro-Vusyk.github.io/player-service-taf/11//#testresult/52bf1c8e04f52f5b","status":"failed","statusDetails":"1 expectation failed.\nExpected status code <200> but was <403>.\n","time":{"start":1728269647271,"stop":1728269647469,"duration":198}},{"uid":"86099e6263ef48d6","reportUrl":"https://Dmytro-Vusyk.github.io/player-service-taf/10//#testresult/86099e6263ef48d6","status":"failed","statusDetails":"1 expectation failed.\nExpected status code <200> but was <403>.\n","time":{"start":1728265003578,"stop":1728265003812,"duration":234}},{"uid":"bf617548b5bf82ce","reportUrl":"https://Dmytro-Vusyk.github.io/player-service-taf/9//#testresult/bf617548b5bf82ce","status":"failed","statusDetails":"1 expectation failed.\nExpected status code <200> but was <403>.\n","time":{"start":1728256674064,"stop":1728256674296,"duration":232}},{"uid":"13848d2c58e922d9","reportUrl":"https://Dmytro-Vusyk.github.io/player-service-taf/8//#testresult/13848d2c58e922d9","status":"failed","statusDetails":"1 expectation failed.\nExpected status code <200> but was <403>.\n","time":{"start":1728253057955,"stop":1728253058160,"duration":205}},{"uid":"d9f697d29543e44f","reportUrl":"https://Dmytro-Vusyk.github.io/player-service-taf/7//#testresult/d9f697d29543e44f","status":"failed","statusDetails":"1 expectation failed.\nExpected status code <200> but was <403>.\n","time":{"start":1728249426178,"stop":1728249426373,"duration":195}},{"uid":"9f571fa5bd7a5d6f","reportUrl":"https://Dmytro-Vusyk.github.io/player-service-taf/6//#testresult/9f571fa5bd7a5d6f","status":"failed","statusDetails":"1 expectation failed.\nExpected status code <200> but was <403>.\n","time":{"start":1728245951487,"stop":1728245951722,"duration":235}},{"uid":"2658031219084bc2","reportUrl":"https://Dmytro-Vusyk.github.io/player-service-taf/5//#testresult/2658031219084bc2","status":"failed","statusDetails":"1 expectation failed.\nExpected status code <200> but was <403>.\n","time":{"start":1728242152534,"stop":1728242152748,"duration":214}},{"uid":"ec7d54fe7b6f8a6a","reportUrl":"https://Dmytro-Vusyk.github.io/player-service-taf/4//#testresult/ec7d54fe7b6f8a6a","status":"failed","statusDetails":"1 expectation failed.\nExpected status code <200> but was <403>.\n","time":{"start":1728239023876,"stop":1728239024078,"duration":202}},{"uid":"596f5d94e9712d6d","reportUrl":"https://Dmytro-Vusyk.github.io/player-service-taf/3//#testresult/596f5d94e9712d6d","status":"failed","statusDetails":"1 expectation failed.\nExpected status code <200> but was <403>.\n","time":{"start":1728235009926,"stop":1728235010128,"duration":202}},{"uid":"2e31e252fc060f6f","reportUrl":"https://Dmytro-Vusyk.github.io/player-service-taf/2//#testresult/2e31e252fc060f6f","status":"failed","statusDetails":"1 expectation failed.\nExpected status code <200> but was <403>.\n","time":{"start":1728231729785,"stop":1728231729997,"duration":212}},{"uid":"37dab8d77d470af1","reportUrl":"https://Dmytro-Vusyk.github.io/player-service-taf/31//#testresult/37dab8d77d470af1","status":"failed","statusDetails":"1 expectation failed.\nExpected status code <200> but was <403>.\n","time":{"start":1728229498540,"stop":1728229498736,"duration":196}},{"uid":"b5a765cc33c441c4","reportUrl":"https://Dmytro-Vusyk.github.io/player-service-taf/30//#testresult/b5a765cc33c441c4","status":"failed","statusDetails":"1 expectation failed.\nExpected status code <200> but was <403>.\n","time":{"start":1728228948993,"stop":1728228949235,"duration":242}}]},"tags":["SMOKE"]},"source":"e2f61f1323c4e4d9.json","parameterValues":["admin"]}