{"uid":"79e72aa2ccb16183","name":"testGetAllPlayersRequest","fullName":"com.companyname.playerservice.functionaltests.get.GetAllPlayersTests.testGetAllPlayersRequest","historyId":"322eec98b0e61e98843cde40013a4cdc","time":{"start":1728631136641,"stop":1728631136984,"duration":343},"description":"Verify that GET All players call returns data as expected","descriptionHtml":"<p>Verify that GET All players call returns data as expected</p>\n","status":"failed","statusMessage":"1 expectation failed.\nResponse body doesn't match expectation.\nExpected: The content to match the given JSON schema.\nerror: object has missing required properties ([\"role\"])\n    level: \"error\"\n    schema: {\"loadingURI\":\"file:/home/runner/work/player-service-taf/player-service-taf/player-service-test/target/test-classes/playerservice/schemas/get-all-players-response.json#\",\"pointer\":\"/properties/players/items\"}\n    instance: {\"pointer\":\"/players/0\"}\n    domain: \"validation\"\n    keyword: \"required\"\n    required: [\"age\",\"gender\",\"id\",\"role\",\"screenName\"]\n    missing: [\"role\"]\n\n  Actual: {\"players\":[{\"id\":1,\"screenName\":\"testSupervisor\",\"gender\":\"male\",\"age\":28}]}\n","statusTrace":"java.lang.AssertionError: 1 expectation failed.\nResponse body doesn't match expectation.\nExpected: The content to match the given JSON schema.\nerror: object has missing required properties ([\"role\"])\n    level: \"error\"\n    schema: {\"loadingURI\":\"file:/home/runner/work/player-service-taf/player-service-taf/player-service-test/target/test-classes/playerservice/schemas/get-all-players-response.json#\",\"pointer\":\"/properties/players/items\"}\n    instance: {\"pointer\":\"/players/0\"}\n    domain: \"validation\"\n    keyword: \"required\"\n    required: [\"age\",\"gender\",\"id\",\"role\",\"screenName\"]\n    missing: [\"role\"]\n\n  Actual: {\"players\":[{\"id\":1,\"screenName\":\"testSupervisor\",\"gender\":\"male\",\"age\":28}]}\n\n\tat java.base/jdk.internal.reflect.NativeConstructorAccessorImpl.newInstance0(Native Method)\n\tat java.base/jdk.internal.reflect.NativeConstructorAccessorImpl.newInstance(NativeConstructorAccessorImpl.java:62)\n\tat java.base/jdk.internal.reflect.DelegatingConstructorAccessorImpl.newInstance(DelegatingConstructorAccessorImpl.java:45)\n\tat java.base/java.lang.reflect.Constructor.newInstance(Constructor.java:490)\n\tat org.codehaus.groovy.reflection.CachedConstructor.invoke(CachedConstructor.java:72)\n\tat org.codehaus.groovy.reflection.CachedConstructor.doConstructorInvoke(CachedConstructor.java:59)\n\tat org.codehaus.groovy.runtime.callsite.ConstructorSite$ConstructorSiteNoUnwrap.callConstructor(ConstructorSite.java:84)\n\tat org.codehaus.groovy.runtime.callsite.AbstractCallSite.callConstructor(AbstractCallSite.java:277)\n\tat io.restassured.internal.ResponseSpecificationImpl$HamcrestAssertionClosure.validate(ResponseSpecificationImpl.groovy:512)\n\tat io.restassured.internal.ResponseSpecificationImpl$HamcrestAssertionClosure$validate$3.call(Unknown Source)\n\tat io.restassured.internal.ResponseSpecificationImpl.validateResponseIfRequired(ResponseSpecificationImpl.groovy:696)\n\tat io.restassured.internal.ResponseSpecificationImpl.this$2$validateResponseIfRequired(ResponseSpecificationImpl.groovy)\n\tat java.base/jdk.internal.reflect.NativeMethodAccessorImpl.invoke0(Native Method)\n\tat java.base/jdk.internal.reflect.NativeMethodAccessorImpl.invoke(NativeMethodAccessorImpl.java:62)\n\tat java.base/jdk.internal.reflect.DelegatingMethodAccessorImpl.invoke(DelegatingMethodAccessorImpl.java:43)\n\tat java.base/java.lang.reflect.Method.invoke(Method.java:566)\n\tat org.codehaus.groovy.runtime.callsite.PlainObjectMetaMethodSite.doInvoke(PlainObjectMetaMethodSite.java:48)\n\tat org.codehaus.groovy.runtime.callsite.PogoMetaMethodSite$PogoCachedMethodSiteNoUnwrapNoCoerce.invoke(PogoMetaMethodSite.java:189)\n\tat org.codehaus.groovy.runtime.callsite.PogoMetaMethodSite.callCurrent(PogoMetaMethodSite.java:57)\n\tat org.codehaus.groovy.runtime.callsite.AbstractCallSite.callCurrent(AbstractCallSite.java:185)\n\tat io.restassured.internal.ResponseSpecificationImpl.body(ResponseSpecificationImpl.groovy:107)\n\tat io.restassured.internal.ValidatableResponseOptionsImpl.body(ValidatableResponseOptionsImpl.java:238)\n\tat com.companyname.assertions.TestAssertions.assertResponseMatchesJsonSchema(TestAssertions.java:24)\n\tat com.companyname.playerservice.functionaltests.get.GetAllPlayersTests.testGetAllPlayersRequest(GetAllPlayersTests.java:26)\n\tat java.base/jdk.internal.reflect.NativeMethodAccessorImpl.invoke0(Native Method)\n\tat java.base/jdk.internal.reflect.NativeMethodAccessorImpl.invoke(NativeMethodAccessorImpl.java:62)\n\tat java.base/jdk.internal.reflect.DelegatingMethodAccessorImpl.invoke(DelegatingMethodAccessorImpl.java:43)\n\tat java.base/java.lang.reflect.Method.invoke(Method.java:566)\n\tat org.testng.internal.MethodInvocationHelper.invokeMethod(MethodInvocationHelper.java:124)\n\tat org.testng.internal.Invoker.invokeMethod(Invoker.java:583)\n\tat org.testng.internal.Invoker.invokeTestMethod(Invoker.java:719)\n\tat org.testng.internal.Invoker.invokeTestMethods(Invoker.java:989)\n\tat org.testng.internal.TestMethodWorker.invokeTestMethods(TestMethodWorker.java:125)\n\tat org.testng.internal.TestMethodWorker.run(TestMethodWorker.java:109)\n\tat java.base/java.util.concurrent.ThreadPoolExecutor.runWorker(ThreadPoolExecutor.java:1128)\n\tat java.base/java.util.concurrent.ThreadPoolExecutor$Worker.run(ThreadPoolExecutor.java:628)\n\tat java.base/java.lang.Thread.run(Thread.java:829)\n","flaky":false,"newFailed":false,"newBroken":false,"newPassed":false,"retriesCount":0,"retriesStatusChange":false,"beforeStages":[{"name":"setupClass","time":{"start":1728631136634,"stop":1728631136637,"duration":3},"description":"","status":"passed","steps":[],"attachments":[],"parameters":[],"shouldDisplayMessage":false,"stepsCount":0,"attachmentsCount":0,"hasContent":false}],"testStage":{"description":"Verify that GET All players call returns data as expected","status":"failed","statusMessage":"1 expectation failed.\nResponse body doesn't match expectation.\nExpected: The content to match the given JSON schema.\nerror: object has missing required properties ([\"role\"])\n    level: \"error\"\n    schema: {\"loadingURI\":\"file:/home/runner/work/player-service-taf/player-service-taf/player-service-test/target/test-classes/playerservice/schemas/get-all-players-response.json#\",\"pointer\":\"/properties/players/items\"}\n    instance: {\"pointer\":\"/players/0\"}\n    domain: \"validation\"\n    keyword: \"required\"\n    required: [\"age\",\"gender\",\"id\",\"role\",\"screenName\"]\n    missing: [\"role\"]\n\n  Actual: {\"players\":[{\"id\":1,\"screenName\":\"testSupervisor\",\"gender\":\"male\",\"age\":28}]}\n","statusTrace":"java.lang.AssertionError: 1 expectation failed.\nResponse body doesn't match expectation.\nExpected: The content to match the given JSON schema.\nerror: object has missing required properties ([\"role\"])\n    level: \"error\"\n    schema: {\"loadingURI\":\"file:/home/runner/work/player-service-taf/player-service-taf/player-service-test/target/test-classes/playerservice/schemas/get-all-players-response.json#\",\"pointer\":\"/properties/players/items\"}\n    instance: {\"pointer\":\"/players/0\"}\n    domain: \"validation\"\n    keyword: \"required\"\n    required: [\"age\",\"gender\",\"id\",\"role\",\"screenName\"]\n    missing: [\"role\"]\n\n  Actual: {\"players\":[{\"id\":1,\"screenName\":\"testSupervisor\",\"gender\":\"male\",\"age\":28}]}\n\n\tat java.base/jdk.internal.reflect.NativeConstructorAccessorImpl.newInstance0(Native Method)\n\tat java.base/jdk.internal.reflect.NativeConstructorAccessorImpl.newInstance(NativeConstructorAccessorImpl.java:62)\n\tat java.base/jdk.internal.reflect.DelegatingConstructorAccessorImpl.newInstance(DelegatingConstructorAccessorImpl.java:45)\n\tat java.base/java.lang.reflect.Constructor.newInstance(Constructor.java:490)\n\tat org.codehaus.groovy.reflection.CachedConstructor.invoke(CachedConstructor.java:72)\n\tat org.codehaus.groovy.reflection.CachedConstructor.doConstructorInvoke(CachedConstructor.java:59)\n\tat org.codehaus.groovy.runtime.callsite.ConstructorSite$ConstructorSiteNoUnwrap.callConstructor(ConstructorSite.java:84)\n\tat org.codehaus.groovy.runtime.callsite.AbstractCallSite.callConstructor(AbstractCallSite.java:277)\n\tat io.restassured.internal.ResponseSpecificationImpl$HamcrestAssertionClosure.validate(ResponseSpecificationImpl.groovy:512)\n\tat io.restassured.internal.ResponseSpecificationImpl$HamcrestAssertionClosure$validate$3.call(Unknown Source)\n\tat io.restassured.internal.ResponseSpecificationImpl.validateResponseIfRequired(ResponseSpecificationImpl.groovy:696)\n\tat io.restassured.internal.ResponseSpecificationImpl.this$2$validateResponseIfRequired(ResponseSpecificationImpl.groovy)\n\tat java.base/jdk.internal.reflect.NativeMethodAccessorImpl.invoke0(Native Method)\n\tat java.base/jdk.internal.reflect.NativeMethodAccessorImpl.invoke(NativeMethodAccessorImpl.java:62)\n\tat java.base/jdk.internal.reflect.DelegatingMethodAccessorImpl.invoke(DelegatingMethodAccessorImpl.java:43)\n\tat java.base/java.lang.reflect.Method.invoke(Method.java:566)\n\tat org.codehaus.groovy.runtime.callsite.PlainObjectMetaMethodSite.doInvoke(PlainObjectMetaMethodSite.java:48)\n\tat org.codehaus.groovy.runtime.callsite.PogoMetaMethodSite$PogoCachedMethodSiteNoUnwrapNoCoerce.invoke(PogoMetaMethodSite.java:189)\n\tat org.codehaus.groovy.runtime.callsite.PogoMetaMethodSite.callCurrent(PogoMetaMethodSite.java:57)\n\tat org.codehaus.groovy.runtime.callsite.AbstractCallSite.callCurrent(AbstractCallSite.java:185)\n\tat io.restassured.internal.ResponseSpecificationImpl.body(ResponseSpecificationImpl.groovy:107)\n\tat io.restassured.internal.ValidatableResponseOptionsImpl.body(ValidatableResponseOptionsImpl.java:238)\n\tat com.companyname.assertions.TestAssertions.assertResponseMatchesJsonSchema(TestAssertions.java:24)\n\tat com.companyname.playerservice.functionaltests.get.GetAllPlayersTests.testGetAllPlayersRequest(GetAllPlayersTests.java:26)\n\tat java.base/jdk.internal.reflect.NativeMethodAccessorImpl.invoke0(Native Method)\n\tat java.base/jdk.internal.reflect.NativeMethodAccessorImpl.invoke(NativeMethodAccessorImpl.java:62)\n\tat java.base/jdk.internal.reflect.DelegatingMethodAccessorImpl.invoke(DelegatingMethodAccessorImpl.java:43)\n\tat java.base/java.lang.reflect.Method.invoke(Method.java:566)\n\tat org.testng.internal.MethodInvocationHelper.invokeMethod(MethodInvocationHelper.java:124)\n\tat org.testng.internal.Invoker.invokeMethod(Invoker.java:583)\n\tat org.testng.internal.Invoker.invokeTestMethod(Invoker.java:719)\n\tat org.testng.internal.Invoker.invokeTestMethods(Invoker.java:989)\n\tat org.testng.internal.TestMethodWorker.invokeTestMethods(TestMethodWorker.java:125)\n\tat org.testng.internal.TestMethodWorker.run(TestMethodWorker.java:109)\n\tat java.base/java.util.concurrent.ThreadPoolExecutor.runWorker(ThreadPoolExecutor.java:1128)\n\tat java.base/java.util.concurrent.ThreadPoolExecutor$Worker.run(ThreadPoolExecutor.java:628)\n\tat java.base/java.lang.Thread.run(Thread.java:829)\n","steps":[{"name":"Get all players","time":{"start":1728631136641,"stop":1728631136974,"duration":333},"status":"passed","steps":[{"name":"Execute GET request to GET all players","time":{"start":1728631136641,"stop":1728631136974,"duration":333},"status":"passed","steps":[],"attachments":[{"uid":"d135f6a2880421a1","name":"Request","source":"d135f6a2880421a1.html","type":"text/html","size":323},{"uid":"c0ad62efb20ec62b","name":"HTTP/1.1 200 ","source":"c0ad62efb20ec62b.html","type":"text/html","size":604}],"parameters":[],"shouldDisplayMessage":false,"stepsCount":0,"attachmentsCount":2,"hasContent":true}],"attachments":[],"parameters":[],"shouldDisplayMessage":false,"stepsCount":1,"attachmentsCount":2,"hasContent":true},{"name":"Assert response HTTP Status code is: 200","time":{"start":1728631136974,"stop":1728631136974,"duration":0},"status":"passed","steps":[{"name":"assertThat '200'","time":{"start":1728631136974,"stop":1728631136974,"duration":0},"status":"passed","steps":[],"attachments":[],"parameters":[],"shouldDisplayMessage":false,"stepsCount":0,"attachmentsCount":0,"hasContent":false},{"name":"as 'Verify status code is 200 []'","time":{"start":1728631136974,"stop":1728631136974,"duration":0},"status":"passed","steps":[{"name":"describedAs 'Verify status code is 200'","time":{"start":1728631136974,"stop":1728631136974,"duration":0},"status":"passed","steps":[],"attachments":[],"parameters":[],"shouldDisplayMessage":false,"stepsCount":0,"attachmentsCount":0,"hasContent":false}],"attachments":[],"parameters":[],"shouldDisplayMessage":false,"stepsCount":1,"attachmentsCount":0,"hasContent":true},{"name":"isEqualTo '200'","time":{"start":1728631136974,"stop":1728631136974,"duration":0},"status":"passed","steps":[],"attachments":[],"parameters":[],"shouldDisplayMessage":false,"stepsCount":0,"attachmentsCount":0,"hasContent":false}],"attachments":[],"parameters":[{"name":"response","value":"io.restassured.internal.ValidatableResponseImpl@34785856"},{"name":"expectedStatusCode","value":"200"}],"shouldDisplayMessage":false,"stepsCount":4,"attachmentsCount":0,"hasContent":true},{"name":"Assert response matches JSON schema: playerservice/schemas/get-all-players-response.json","time":{"start":1728631136975,"stop":1728631136983,"duration":8},"status":"failed","statusMessage":"1 expectation failed.\nResponse body doesn't match expectation.\nExpected: The content to match the given JSON schema.\nerror: object has missing required properties ([\"role\"])\n    level: \"error\"\n    schema: {\"loadingURI\":\"file:/home/runner/work/player-service-taf/player-service-taf/player-service-test/target/test-classes/playerservice/schemas/get-all-players-response.json#\",\"pointer\":\"/properties/players/items\"}\n    instance: {\"pointer\":\"/players/0\"}\n    domain: \"validation\"\n    keyword: \"required\"\n    required: [\"age\",\"gender\",\"id\",\"role\",\"screenName\"]\n    missing: [\"role\"]\n\n  Actual: {\"players\":[{\"id\":1,\"screenName\":\"testSupervisor\",\"gender\":\"male\",\"age\":28}]}\n","statusTrace":"java.lang.AssertionError: 1 expectation failed.\nResponse body doesn't match expectation.\nExpected: The content to match the given JSON schema.\nerror: object has missing required properties ([\"role\"])\n    level: \"error\"\n    schema: {\"loadingURI\":\"file:/home/runner/work/player-service-taf/player-service-taf/player-service-test/target/test-classes/playerservice/schemas/get-all-players-response.json#\",\"pointer\":\"/properties/players/items\"}\n    instance: {\"pointer\":\"/players/0\"}\n    domain: \"validation\"\n    keyword: \"required\"\n    required: [\"age\",\"gender\",\"id\",\"role\",\"screenName\"]\n    missing: [\"role\"]\n\n  Actual: {\"players\":[{\"id\":1,\"screenName\":\"testSupervisor\",\"gender\":\"male\",\"age\":28}]}\n\n\tat java.base/jdk.internal.reflect.NativeConstructorAccessorImpl.newInstance0(Native Method)\n\tat java.base/jdk.internal.reflect.NativeConstructorAccessorImpl.newInstance(NativeConstructorAccessorImpl.java:62)\n\tat java.base/jdk.internal.reflect.DelegatingConstructorAccessorImpl.newInstance(DelegatingConstructorAccessorImpl.java:45)\n\tat java.base/java.lang.reflect.Constructor.newInstance(Constructor.java:490)\n\tat org.codehaus.groovy.reflection.CachedConstructor.invoke(CachedConstructor.java:72)\n\tat org.codehaus.groovy.reflection.CachedConstructor.doConstructorInvoke(CachedConstructor.java:59)\n\tat org.codehaus.groovy.runtime.callsite.ConstructorSite$ConstructorSiteNoUnwrap.callConstructor(ConstructorSite.java:84)\n\tat org.codehaus.groovy.runtime.callsite.AbstractCallSite.callConstructor(AbstractCallSite.java:277)\n\tat io.restassured.internal.ResponseSpecificationImpl$HamcrestAssertionClosure.validate(ResponseSpecificationImpl.groovy:512)\n\tat io.restassured.internal.ResponseSpecificationImpl$HamcrestAssertionClosure$validate$3.call(Unknown Source)\n\tat io.restassured.internal.ResponseSpecificationImpl.validateResponseIfRequired(ResponseSpecificationImpl.groovy:696)\n\tat io.restassured.internal.ResponseSpecificationImpl.this$2$validateResponseIfRequired(ResponseSpecificationImpl.groovy)\n\tat java.base/jdk.internal.reflect.NativeMethodAccessorImpl.invoke0(Native Method)\n\tat java.base/jdk.internal.reflect.NativeMethodAccessorImpl.invoke(NativeMethodAccessorImpl.java:62)\n\tat java.base/jdk.internal.reflect.DelegatingMethodAccessorImpl.invoke(DelegatingMethodAccessorImpl.java:43)\n\tat java.base/java.lang.reflect.Method.invoke(Method.java:566)\n\tat org.codehaus.groovy.runtime.callsite.PlainObjectMetaMethodSite.doInvoke(PlainObjectMetaMethodSite.java:48)\n\tat org.codehaus.groovy.runtime.callsite.PogoMetaMethodSite$PogoCachedMethodSiteNoUnwrapNoCoerce.invoke(PogoMetaMethodSite.java:189)\n\tat org.codehaus.groovy.runtime.callsite.PogoMetaMethodSite.callCurrent(PogoMetaMethodSite.java:57)\n\tat org.codehaus.groovy.runtime.callsite.AbstractCallSite.callCurrent(AbstractCallSite.java:185)\n\tat io.restassured.internal.ResponseSpecificationImpl.body(ResponseSpecificationImpl.groovy:107)\n\tat io.restassured.internal.ValidatableResponseOptionsImpl.body(ValidatableResponseOptionsImpl.java:238)\n\tat com.companyname.assertions.TestAssertions.assertResponseMatchesJsonSchema(TestAssertions.java:24)\n\tat com.companyname.playerservice.functionaltests.get.GetAllPlayersTests.testGetAllPlayersRequest(GetAllPlayersTests.java:26)\n\tat java.base/jdk.internal.reflect.NativeMethodAccessorImpl.invoke0(Native Method)\n\tat java.base/jdk.internal.reflect.NativeMethodAccessorImpl.invoke(NativeMethodAccessorImpl.java:62)\n\tat java.base/jdk.internal.reflect.DelegatingMethodAccessorImpl.invoke(DelegatingMethodAccessorImpl.java:43)\n\tat java.base/java.lang.reflect.Method.invoke(Method.java:566)\n\tat org.testng.internal.MethodInvocationHelper.invokeMethod(MethodInvocationHelper.java:124)\n\tat org.testng.internal.Invoker.invokeMethod(Invoker.java:583)\n\tat org.testng.internal.Invoker.invokeTestMethod(Invoker.java:719)\n\tat org.testng.internal.Invoker.invokeTestMethods(Invoker.java:989)\n\tat org.testng.internal.TestMethodWorker.invokeTestMethods(TestMethodWorker.java:125)\n\tat org.testng.internal.TestMethodWorker.run(TestMethodWorker.java:109)\n\tat java.base/java.util.concurrent.ThreadPoolExecutor.runWorker(ThreadPoolExecutor.java:1128)\n\tat java.base/java.util.concurrent.ThreadPoolExecutor$Worker.run(ThreadPoolExecutor.java:628)\n\tat java.base/java.lang.Thread.run(Thread.java:829)\n","steps":[],"attachments":[],"parameters":[{"name":"response","value":"io.restassured.internal.ValidatableResponseImpl@34785856"},{"name":"schemaPath","value":"playerservice/schemas/get-all-players-response.json"}],"shouldDisplayMessage":true,"stepsCount":0,"attachmentsCount":0,"hasContent":true}],"attachments":[],"parameters":[],"shouldDisplayMessage":false,"stepsCount":8,"attachmentsCount":2,"hasContent":true},"afterStages":[],"labels":[{"name":"package","value":"com.companyname.playerservice.functionaltests.get.GetAllPlayersTests"},{"name":"testClass","value":"com.companyname.playerservice.functionaltests.get.GetAllPlayersTests"},{"name":"testMethod","value":"testGetAllPlayersRequest"},{"name":"parentSuite","value":"Surefire suite"},{"name":"suite","value":"Surefire test"},{"name":"subSuite","value":"com.companyname.playerservice.functionaltests.get.GetAllPlayersTests"},{"name":"host","value":"fv-az979-446"},{"name":"thread","value":"2263@fv-az979-446.TestNG-test=Surefire test-3(17)"},{"name":"framework","value":"testng"},{"name":"language","value":"java"},{"name":"tag","value":"SMOKE"},{"name":"tag","value":"BUG"},{"name":"epic","value":"Player service implementation"},{"name":"story","value":"API consumer is able to get all Players"},{"name":"feature","value":"Get Player"},{"name":"severity","value":"critical"},{"name":"resultFormat","value":"allure2"}],"parameters":[],"links":[{"name":"PS-320","type":"tms"},{"name":"PS-12350","type":"issue"}],"hidden":false,"retry":false,"extra":{"severity":"critical","retries":[],"categories":[{"name":"Product defects","matchedStatuses":[],"flaky":false}],"history":{"statistic":{"failed":124,"broken":0,"skipped":0,"passed":0,"unknown":0,"total":124},"items":[{"uid":"7ef76f65bd476eb6","reportUrl":"https://Dmytro-Vusyk.github.io/player-service-taf/107//#testresult/7ef76f65bd476eb6","status":"failed","statusDetails":"1 expectation failed.\nResponse body doesn't match expectation.\nExpected: The content to match the given JSON schema.\nerror: object has missing required properties ([\"role\"])\n    level: \"error\"\n    schema: {\"loadingURI\":\"file:/home/runner/work/player-service-taf/player-service-taf/player-service-test/target/test-classes/playerservice/schemas/get-all-players-response.json#\",\"pointer\":\"/properties/players/items\"}\n    instance: {\"pointer\":\"/players/0\"}\n    domain: \"validation\"\n    keyword: \"required\"\n    required: [\"age\",\"gender\",\"id\",\"role\",\"screenName\"]\n    missing: [\"role\"]\n\n  Actual: {\"players\":[{\"id\":1,\"screenName\":\"testSupervisor\",\"gender\":\"male\",\"age\":28}]}\n","time":{"start":1728628066272,"stop":1728628066616,"duration":344}},{"uid":"af8a9a3b8ab924fe","reportUrl":"https://Dmytro-Vusyk.github.io/player-service-taf/106//#testresult/af8a9a3b8ab924fe","status":"failed","statusDetails":"1 expectation failed.\nResponse body doesn't match expectation.\nExpected: The content to match the given JSON schema.\nerror: object has missing required properties ([\"role\"])\n    level: \"error\"\n    schema: {\"loadingURI\":\"file:/home/runner/work/player-service-taf/player-service-taf/player-service-test/target/test-classes/playerservice/schemas/get-all-players-response.json#\",\"pointer\":\"/properties/players/items\"}\n    instance: {\"pointer\":\"/players/0\"}\n    domain: \"validation\"\n    keyword: \"required\"\n    required: [\"age\",\"gender\",\"id\",\"role\",\"screenName\"]\n    missing: [\"role\"]\n\n  Actual: {\"players\":[{\"id\":1,\"screenName\":\"testSupervisor\",\"gender\":\"male\",\"age\":28}]}\n","time":{"start":1728623917452,"stop":1728623917657,"duration":205}},{"uid":"26e9d37c19fcf588","reportUrl":"https://Dmytro-Vusyk.github.io/player-service-taf/105//#testresult/26e9d37c19fcf588","status":"failed","statusDetails":"1 expectation failed.\nResponse body doesn't match expectation.\nExpected: The content to match the given JSON schema.\nerror: object has missing required properties ([\"role\"])\n    level: \"error\"\n    schema: {\"loadingURI\":\"file:/home/runner/work/player-service-taf/player-service-taf/player-service-test/target/test-classes/playerservice/schemas/get-all-players-response.json#\",\"pointer\":\"/properties/players/items\"}\n    instance: {\"pointer\":\"/players/0\"}\n    domain: \"validation\"\n    keyword: \"required\"\n    required: [\"age\",\"gender\",\"id\",\"role\",\"screenName\"]\n    missing: [\"role\"]\n\n  Actual: {\"players\":[{\"id\":1,\"screenName\":\"testSupervisor\",\"gender\":\"male\",\"age\":28}]}\n","time":{"start":1728620612556,"stop":1728620612868,"duration":312}},{"uid":"1811675d443ebe3b","reportUrl":"https://Dmytro-Vusyk.github.io/player-service-taf/104//#testresult/1811675d443ebe3b","status":"failed","statusDetails":"1 expectation failed.\nResponse body doesn't match expectation.\nExpected: The content to match the given JSON schema.\nerror: object has missing required properties ([\"role\"])\n    level: \"error\"\n    schema: {\"loadingURI\":\"file:/home/runner/work/player-service-taf/player-service-taf/player-service-test/target/test-classes/playerservice/schemas/get-all-players-response.json#\",\"pointer\":\"/properties/players/items\"}\n    instance: {\"pointer\":\"/players/0\"}\n    domain: \"validation\"\n    keyword: \"required\"\n    required: [\"age\",\"gender\",\"id\",\"role\",\"screenName\"]\n    missing: [\"role\"]\n\n  Actual: {\"players\":[{\"id\":1,\"screenName\":\"testSupervisor\",\"gender\":\"male\",\"age\":28}]}\n","time":{"start":1728617040644,"stop":1728617040886,"duration":242}},{"uid":"5b8c646c23b157e4","reportUrl":"https://Dmytro-Vusyk.github.io/player-service-taf/103//#testresult/5b8c646c23b157e4","status":"failed","statusDetails":"1 expectation failed.\nResponse body doesn't match expectation.\nExpected: The content to match the given JSON schema.\nerror: object has missing required properties ([\"role\"])\n    level: \"error\"\n    schema: {\"loadingURI\":\"file:/home/runner/work/player-service-taf/player-service-taf/player-service-test/target/test-classes/playerservice/schemas/get-all-players-response.json#\",\"pointer\":\"/properties/players/items\"}\n    instance: {\"pointer\":\"/players/0\"}\n    domain: \"validation\"\n    keyword: \"required\"\n    required: [\"age\",\"gender\",\"id\",\"role\",\"screenName\"]\n    missing: [\"role\"]\n\n  Actual: {\"players\":[{\"id\":1,\"screenName\":\"testSupervisor\",\"gender\":\"male\",\"age\":28}]}\n","time":{"start":1728614994649,"stop":1728614994869,"duration":220}},{"uid":"e64b32f94bd7cb52","reportUrl":"https://Dmytro-Vusyk.github.io/player-service-taf/102//#testresult/e64b32f94bd7cb52","status":"failed","statusDetails":"1 expectation failed.\nResponse body doesn't match expectation.\nExpected: The content to match the given JSON schema.\nerror: object has missing required properties ([\"role\"])\n    level: \"error\"\n    schema: {\"loadingURI\":\"file:/home/runner/work/player-service-taf/player-service-taf/player-service-test/target/test-classes/playerservice/schemas/get-all-players-response.json#\",\"pointer\":\"/properties/players/items\"}\n    instance: {\"pointer\":\"/players/0\"}\n    domain: \"validation\"\n    keyword: \"required\"\n    required: [\"age\",\"gender\",\"id\",\"role\",\"screenName\"]\n    missing: [\"role\"]\n\n  Actual: {\"players\":[{\"id\":1,\"screenName\":\"testSupervisor\",\"gender\":\"male\",\"age\":28}]}\n","time":{"start":1728609964771,"stop":1728609965002,"duration":231}},{"uid":"d02d73dc6d8da5d3","reportUrl":"https://Dmytro-Vusyk.github.io/player-service-taf/101//#testresult/d02d73dc6d8da5d3","status":"failed","statusDetails":"1 expectation failed.\nResponse body doesn't match expectation.\nExpected: The content to match the given JSON schema.\nerror: object has missing required properties ([\"role\"])\n    level: \"error\"\n    schema: {\"loadingURI\":\"file:/home/runner/work/player-service-taf/player-service-taf/player-service-test/target/test-classes/playerservice/schemas/get-all-players-response.json#\",\"pointer\":\"/properties/players/items\"}\n    instance: {\"pointer\":\"/players/0\"}\n    domain: \"validation\"\n    keyword: \"required\"\n    required: [\"age\",\"gender\",\"id\",\"role\",\"screenName\"]\n    missing: [\"role\"]\n\n  Actual: {\"players\":[{\"id\":1,\"screenName\":\"testSupervisor\",\"gender\":\"male\",\"age\":28}]}\n","time":{"start":1728602321368,"stop":1728602321632,"duration":264}},{"uid":"990a9a9e516443b9","reportUrl":"https://Dmytro-Vusyk.github.io/player-service-taf/100//#testresult/990a9a9e516443b9","status":"failed","statusDetails":"1 expectation failed.\nResponse body doesn't match expectation.\nExpected: The content to match the given JSON schema.\nerror: object has missing required properties ([\"role\"])\n    level: \"error\"\n    schema: {\"loadingURI\":\"file:/home/runner/work/player-service-taf/player-service-taf/player-service-test/target/test-classes/playerservice/schemas/get-all-players-response.json#\",\"pointer\":\"/properties/players/items\"}\n    instance: {\"pointer\":\"/players/0\"}\n    domain: \"validation\"\n    keyword: \"required\"\n    required: [\"age\",\"gender\",\"id\",\"role\",\"screenName\"]\n    missing: [\"role\"]\n\n  Actual: {\"players\":[{\"id\":1,\"screenName\":\"testSupervisor\",\"gender\":\"male\",\"age\":28}]}\n","time":{"start":1728598717971,"stop":1728598718233,"duration":262}},{"uid":"4afdeaaf085770a2","reportUrl":"https://Dmytro-Vusyk.github.io/player-service-taf/99//#testresult/4afdeaaf085770a2","status":"failed","statusDetails":"1 expectation failed.\nResponse body doesn't match expectation.\nExpected: The content to match the given JSON schema.\nerror: object has missing required properties ([\"role\"])\n    level: \"error\"\n    schema: {\"loadingURI\":\"file:/home/runner/work/player-service-taf/player-service-taf/player-service-test/target/test-classes/playerservice/schemas/get-all-players-response.json#\",\"pointer\":\"/properties/players/items\"}\n    instance: {\"pointer\":\"/players/0\"}\n    domain: \"validation\"\n    keyword: \"required\"\n    required: [\"age\",\"gender\",\"id\",\"role\",\"screenName\"]\n    missing: [\"role\"]\n\n  Actual: {\"players\":[{\"id\":1,\"screenName\":\"testSupervisor\",\"gender\":\"male\",\"age\":28}]}\n","time":{"start":1728595160975,"stop":1728595161263,"duration":288}},{"uid":"df41b2763cbc9484","reportUrl":"https://Dmytro-Vusyk.github.io/player-service-taf/98//#testresult/df41b2763cbc9484","status":"failed","statusDetails":"1 expectation failed.\nResponse body doesn't match expectation.\nExpected: The content to match the given JSON schema.\nerror: object has missing required properties ([\"role\"])\n    level: \"error\"\n    schema: {\"loadingURI\":\"file:/home/runner/work/player-service-taf/player-service-taf/player-service-test/target/test-classes/playerservice/schemas/get-all-players-response.json#\",\"pointer\":\"/properties/players/items\"}\n    instance: {\"pointer\":\"/players/0\"}\n    domain: \"validation\"\n    keyword: \"required\"\n    required: [\"age\",\"gender\",\"id\",\"role\",\"screenName\"]\n    missing: [\"role\"]\n\n  Actual: {\"players\":[{\"id\":1,\"screenName\":\"testSupervisor\",\"gender\":\"male\",\"age\":28}]}\n","time":{"start":1728591658096,"stop":1728591658435,"duration":339}},{"uid":"4ae55e175db2640a","reportUrl":"https://Dmytro-Vusyk.github.io/player-service-taf/97//#testresult/4ae55e175db2640a","status":"failed","statusDetails":"1 expectation failed.\nResponse body doesn't match expectation.\nExpected: The content to match the given JSON schema.\nerror: object has missing required properties ([\"role\"])\n    level: \"error\"\n    schema: {\"loadingURI\":\"file:/home/runner/work/player-service-taf/player-service-taf/player-service-test/target/test-classes/playerservice/schemas/get-all-players-response.json#\",\"pointer\":\"/properties/players/items\"}\n    instance: {\"pointer\":\"/players/0\"}\n    domain: \"validation\"\n    keyword: \"required\"\n    required: [\"age\",\"gender\",\"id\",\"role\",\"screenName\"]\n    missing: [\"role\"]\n\n  Actual: {\"players\":[{\"id\":1,\"screenName\":\"testSupervisor\",\"gender\":\"male\",\"age\":28}]}\n","time":{"start":1728587742072,"stop":1728587742305,"duration":233}},{"uid":"ac451115d915acea","reportUrl":"https://Dmytro-Vusyk.github.io/player-service-taf/96//#testresult/ac451115d915acea","status":"failed","statusDetails":"1 expectation failed.\nResponse body doesn't match expectation.\nExpected: The content to match the given JSON schema.\nerror: object has missing required properties ([\"role\"])\n    level: \"error\"\n    schema: {\"loadingURI\":\"file:/home/runner/work/player-service-taf/player-service-taf/player-service-test/target/test-classes/playerservice/schemas/get-all-players-response.json#\",\"pointer\":\"/properties/players/items\"}\n    instance: {\"pointer\":\"/players/0\"}\n    domain: \"validation\"\n    keyword: \"required\"\n    required: [\"age\",\"gender\",\"id\",\"role\",\"screenName\"]\n    missing: [\"role\"]\n\n  Actual: {\"players\":[{\"id\":1,\"screenName\":\"testSupervisor\",\"gender\":\"male\",\"age\":28}]}\n","time":{"start":1728584777402,"stop":1728584777632,"duration":230}},{"uid":"f570257a49c93312","reportUrl":"https://Dmytro-Vusyk.github.io/player-service-taf/95//#testresult/f570257a49c93312","status":"failed","statusDetails":"1 expectation failed.\nResponse body doesn't match expectation.\nExpected: The content to match the given JSON schema.\nerror: object has missing required properties ([\"role\"])\n    level: \"error\"\n    schema: {\"loadingURI\":\"file:/home/runner/work/player-service-taf/player-service-taf/player-service-test/target/test-classes/playerservice/schemas/get-all-players-response.json#\",\"pointer\":\"/properties/players/items\"}\n    instance: {\"pointer\":\"/players/0\"}\n    domain: \"validation\"\n    keyword: \"required\"\n    required: [\"age\",\"gender\",\"id\",\"role\",\"screenName\"]\n    missing: [\"role\"]\n\n  Actual: {\"players\":[{\"id\":1,\"screenName\":\"testSupervisor\",\"gender\":\"male\",\"age\":28}]}\n","time":{"start":1728580672652,"stop":1728580672895,"duration":243}},{"uid":"7337ea873bc4eb7d","reportUrl":"https://Dmytro-Vusyk.github.io/player-service-taf/94//#testresult/7337ea873bc4eb7d","status":"failed","statusDetails":"1 expectation failed.\nResponse body doesn't match expectation.\nExpected: The content to match the given JSON schema.\nerror: object has missing required properties ([\"role\"])\n    level: \"error\"\n    schema: {\"loadingURI\":\"file:/home/runner/work/player-service-taf/player-service-taf/player-service-test/target/test-classes/playerservice/schemas/get-all-players-response.json#\",\"pointer\":\"/properties/players/items\"}\n    instance: {\"pointer\":\"/players/0\"}\n    domain: \"validation\"\n    keyword: \"required\"\n    required: [\"age\",\"gender\",\"id\",\"role\",\"screenName\"]\n    missing: [\"role\"]\n\n  Actual: {\"players\":[{\"id\":1,\"screenName\":\"testSupervisor\",\"gender\":\"male\",\"age\":28}]}\n","time":{"start":1728577449041,"stop":1728577449388,"duration":347}},{"uid":"88f99999f958259c","reportUrl":"https://Dmytro-Vusyk.github.io/player-service-taf/93//#testresult/88f99999f958259c","status":"failed","statusDetails":"1 expectation failed.\nResponse body doesn't match expectation.\nExpected: The content to match the given JSON schema.\nerror: object has missing required properties ([\"role\"])\n    level: \"error\"\n    schema: {\"loadingURI\":\"file:/home/runner/work/player-service-taf/player-service-taf/player-service-test/target/test-classes/playerservice/schemas/get-all-players-response.json#\",\"pointer\":\"/properties/players/items\"}\n    instance: {\"pointer\":\"/players/0\"}\n    domain: \"validation\"\n    keyword: \"required\"\n    required: [\"age\",\"gender\",\"id\",\"role\",\"screenName\"]\n    missing: [\"role\"]\n\n  Actual: {\"players\":[{\"id\":1,\"screenName\":\"testSupervisor\",\"gender\":\"male\",\"age\":28}]}\n","time":{"start":1728573649155,"stop":1728573649495,"duration":340}},{"uid":"6132b45a7d953305","reportUrl":"https://Dmytro-Vusyk.github.io/player-service-taf/92//#testresult/6132b45a7d953305","status":"failed","statusDetails":"1 expectation failed.\nResponse body doesn't match expectation.\nExpected: The content to match the given JSON schema.\nerror: object has missing required properties ([\"role\"])\n    level: \"error\"\n    schema: {\"loadingURI\":\"file:/home/runner/work/player-service-taf/player-service-taf/player-service-test/target/test-classes/playerservice/schemas/get-all-players-response.json#\",\"pointer\":\"/properties/players/items\"}\n    instance: {\"pointer\":\"/players/0\"}\n    domain: \"validation\"\n    keyword: \"required\"\n    required: [\"age\",\"gender\",\"id\",\"role\",\"screenName\"]\n    missing: [\"role\"]\n\n  Actual: {\"players\":[{\"id\":1,\"screenName\":\"testSupervisor\",\"gender\":\"male\",\"age\":28}]}\n","time":{"start":1728569925118,"stop":1728569925339,"duration":221}},{"uid":"dc323f23718b9805","reportUrl":"https://Dmytro-Vusyk.github.io/player-service-taf/91//#testresult/dc323f23718b9805","status":"failed","statusDetails":"1 expectation failed.\nResponse body doesn't match expectation.\nExpected: The content to match the given JSON schema.\nerror: object has missing required properties ([\"role\"])\n    level: \"error\"\n    schema: {\"loadingURI\":\"file:/home/runner/work/player-service-taf/player-service-taf/player-service-test/target/test-classes/playerservice/schemas/get-all-players-response.json#\",\"pointer\":\"/properties/players/items\"}\n    instance: {\"pointer\":\"/players/0\"}\n    domain: \"validation\"\n    keyword: \"required\"\n    required: [\"age\",\"gender\",\"id\",\"role\",\"screenName\"]\n    missing: [\"role\"]\n\n  Actual: {\"players\":[{\"id\":1,\"screenName\":\"testSupervisor\",\"gender\":\"male\",\"age\":28}]}\n","time":{"start":1728566816398,"stop":1728566816741,"duration":343}},{"uid":"8d75f24f2c5f97bc","reportUrl":"https://Dmytro-Vusyk.github.io/player-service-taf/90//#testresult/8d75f24f2c5f97bc","status":"failed","statusDetails":"1 expectation failed.\nResponse body doesn't match expectation.\nExpected: The content to match the given JSON schema.\nerror: object has missing required properties ([\"role\"])\n    level: \"error\"\n    schema: {\"loadingURI\":\"file:/home/runner/work/player-service-taf/player-service-taf/player-service-test/target/test-classes/playerservice/schemas/get-all-players-response.json#\",\"pointer\":\"/properties/players/items\"}\n    instance: {\"pointer\":\"/players/0\"}\n    domain: \"validation\"\n    keyword: \"required\"\n    required: [\"age\",\"gender\",\"id\",\"role\",\"screenName\"]\n    missing: [\"role\"]\n\n  Actual: {\"players\":[{\"id\":1,\"screenName\":\"testSupervisor\",\"gender\":\"male\",\"age\":28}]}\n","time":{"start":1728563864572,"stop":1728563864788,"duration":216}},{"uid":"6082c0a69de2b661","reportUrl":"https://Dmytro-Vusyk.github.io/player-service-taf/89//#testresult/6082c0a69de2b661","status":"failed","statusDetails":"1 expectation failed.\nResponse body doesn't match expectation.\nExpected: The content to match the given JSON schema.\nerror: object has missing required properties ([\"role\"])\n    level: \"error\"\n    schema: {\"loadingURI\":\"file:/home/runner/work/player-service-taf/player-service-taf/player-service-test/target/test-classes/playerservice/schemas/get-all-players-response.json#\",\"pointer\":\"/properties/players/items\"}\n    instance: {\"pointer\":\"/players/0\"}\n    domain: \"validation\"\n    keyword: \"required\"\n    required: [\"age\",\"gender\",\"id\",\"role\",\"screenName\"]\n    missing: [\"role\"]\n\n  Actual: {\"players\":[{\"id\":1,\"screenName\":\"testSupervisor\",\"gender\":\"male\",\"age\":28}]}\n","time":{"start":1728559023573,"stop":1728559023804,"duration":231}},{"uid":"32e10488386ec8c","reportUrl":"https://Dmytro-Vusyk.github.io/player-service-taf/88//#testresult/32e10488386ec8c","status":"failed","statusDetails":"1 expectation failed.\nResponse body doesn't match expectation.\nExpected: The content to match the given JSON schema.\nerror: object has missing required properties ([\"role\"])\n    level: \"error\"\n    schema: {\"loadingURI\":\"file:/home/runner/work/player-service-taf/player-service-taf/player-service-test/target/test-classes/playerservice/schemas/get-all-players-response.json#\",\"pointer\":\"/properties/players/items\"}\n    instance: {\"pointer\":\"/players/0\"}\n    domain: \"validation\"\n    keyword: \"required\"\n    required: [\"age\",\"gender\",\"id\",\"role\",\"screenName\"]\n    missing: [\"role\"]\n\n  Actual: {\"players\":[{\"id\":1,\"screenName\":\"testSupervisor\",\"gender\":\"male\",\"age\":28}]}\n","time":{"start":1728555633796,"stop":1728555634055,"duration":259}}]},"tags":["BUG","SMOKE"]},"source":"79e72aa2ccb16183.json","parameterValues":[]}