{"uid":"d5995f3e4e2a18ae","name":"testGetAllPlayersRequest","fullName":"com.companyname.playerservice.functionaltests.get.GetAllPlayersTests.testGetAllPlayersRequest","historyId":"322eec98b0e61e98843cde40013a4cdc","time":{"start":1728004019696,"stop":1728004020014,"duration":318},"description":"Verify that GET All players call returns data as expected","descriptionHtml":"<p>Verify that GET All players call returns data as expected</p>\n","status":"failed","statusMessage":"1 expectation failed.\nResponse body doesn't match expectation.\nExpected: The content to match the given JSON schema.\nerror: object has missing required properties ([\"role\"])\n    level: \"error\"\n    schema: {\"loadingURI\":\"file:/home/runner/work/player-service-taf/player-service-taf/player-service-test/target/test-classes/playerservice/schemas/get-all-players-response.json#\",\"pointer\":\"/properties/players/items\"}\n    instance: {\"pointer\":\"/players/0\"}\n    domain: \"validation\"\n    keyword: \"required\"\n    required: [\"age\",\"gender\",\"id\",\"role\",\"screenName\"]\n    missing: [\"role\"]\n\n  Actual: {\"players\":[{\"id\":1,\"screenName\":\"testSupervisor\",\"gender\":\"male\",\"age\":28}]}\n","statusTrace":"java.lang.AssertionError: 1 expectation failed.\nResponse body doesn't match expectation.\nExpected: The content to match the given JSON schema.\nerror: object has missing required properties ([\"role\"])\n    level: \"error\"\n    schema: {\"loadingURI\":\"file:/home/runner/work/player-service-taf/player-service-taf/player-service-test/target/test-classes/playerservice/schemas/get-all-players-response.json#\",\"pointer\":\"/properties/players/items\"}\n    instance: {\"pointer\":\"/players/0\"}\n    domain: \"validation\"\n    keyword: \"required\"\n    required: [\"age\",\"gender\",\"id\",\"role\",\"screenName\"]\n    missing: [\"role\"]\n\n  Actual: {\"players\":[{\"id\":1,\"screenName\":\"testSupervisor\",\"gender\":\"male\",\"age\":28}]}\n\n\tat java.base/jdk.internal.reflect.NativeConstructorAccessorImpl.newInstance0(Native Method)\n\tat java.base/jdk.internal.reflect.NativeConstructorAccessorImpl.newInstance(NativeConstructorAccessorImpl.java:62)\n\tat java.base/jdk.internal.reflect.DelegatingConstructorAccessorImpl.newInstance(DelegatingConstructorAccessorImpl.java:45)\n\tat java.base/java.lang.reflect.Constructor.newInstance(Constructor.java:490)\n\tat org.codehaus.groovy.reflection.CachedConstructor.invoke(CachedConstructor.java:72)\n\tat org.codehaus.groovy.reflection.CachedConstructor.doConstructorInvoke(CachedConstructor.java:59)\n\tat org.codehaus.groovy.runtime.callsite.ConstructorSite$ConstructorSiteNoUnwrap.callConstructor(ConstructorSite.java:84)\n\tat org.codehaus.groovy.runtime.callsite.AbstractCallSite.callConstructor(AbstractCallSite.java:277)\n\tat io.restassured.internal.ResponseSpecificationImpl$HamcrestAssertionClosure.validate(ResponseSpecificationImpl.groovy:512)\n\tat io.restassured.internal.ResponseSpecificationImpl$HamcrestAssertionClosure$validate$3.call(Unknown Source)\n\tat io.restassured.internal.ResponseSpecificationImpl.validateResponseIfRequired(ResponseSpecificationImpl.groovy:696)\n\tat io.restassured.internal.ResponseSpecificationImpl.this$2$validateResponseIfRequired(ResponseSpecificationImpl.groovy)\n\tat java.base/jdk.internal.reflect.NativeMethodAccessorImpl.invoke0(Native Method)\n\tat java.base/jdk.internal.reflect.NativeMethodAccessorImpl.invoke(NativeMethodAccessorImpl.java:62)\n\tat java.base/jdk.internal.reflect.DelegatingMethodAccessorImpl.invoke(DelegatingMethodAccessorImpl.java:43)\n\tat java.base/java.lang.reflect.Method.invoke(Method.java:566)\n\tat org.codehaus.groovy.runtime.callsite.PlainObjectMetaMethodSite.doInvoke(PlainObjectMetaMethodSite.java:48)\n\tat org.codehaus.groovy.runtime.callsite.PogoMetaMethodSite$PogoCachedMethodSiteNoUnwrapNoCoerce.invoke(PogoMetaMethodSite.java:189)\n\tat org.codehaus.groovy.runtime.callsite.PogoMetaMethodSite.callCurrent(PogoMetaMethodSite.java:57)\n\tat org.codehaus.groovy.runtime.callsite.AbstractCallSite.callCurrent(AbstractCallSite.java:185)\n\tat io.restassured.internal.ResponseSpecificationImpl.body(ResponseSpecificationImpl.groovy:107)\n\tat io.restassured.internal.ValidatableResponseOptionsImpl.body(ValidatableResponseOptionsImpl.java:238)\n\tat com.companyname.assertions.TestAssertions.assertResponseMatchesJsonSchema(TestAssertions.java:24)\n\tat com.companyname.playerservice.functionaltests.get.GetAllPlayersTests.testGetAllPlayersRequest(GetAllPlayersTests.java:27)\n\tat java.base/jdk.internal.reflect.NativeMethodAccessorImpl.invoke0(Native Method)\n\tat java.base/jdk.internal.reflect.NativeMethodAccessorImpl.invoke(NativeMethodAccessorImpl.java:62)\n\tat java.base/jdk.internal.reflect.DelegatingMethodAccessorImpl.invoke(DelegatingMethodAccessorImpl.java:43)\n\tat java.base/java.lang.reflect.Method.invoke(Method.java:566)\n\tat org.testng.internal.MethodInvocationHelper.invokeMethod(MethodInvocationHelper.java:124)\n\tat org.testng.internal.Invoker.invokeMethod(Invoker.java:583)\n\tat org.testng.internal.Invoker.invokeTestMethod(Invoker.java:719)\n\tat org.testng.internal.Invoker.invokeTestMethods(Invoker.java:989)\n\tat org.testng.internal.TestMethodWorker.invokeTestMethods(TestMethodWorker.java:125)\n\tat org.testng.internal.TestMethodWorker.run(TestMethodWorker.java:109)\n\tat java.base/java.util.concurrent.ThreadPoolExecutor.runWorker(ThreadPoolExecutor.java:1128)\n\tat java.base/java.util.concurrent.ThreadPoolExecutor$Worker.run(ThreadPoolExecutor.java:628)\n\tat java.base/java.lang.Thread.run(Thread.java:829)\n","flaky":false,"newFailed":false,"newBroken":false,"newPassed":false,"retriesCount":0,"retriesStatusChange":false,"beforeStages":[{"name":"setupClass","time":{"start":1728004019692,"stop":1728004019693,"duration":1},"description":"","status":"passed","steps":[],"attachments":[],"parameters":[],"shouldDisplayMessage":false,"stepsCount":0,"attachmentsCount":0,"hasContent":false}],"testStage":{"description":"Verify that GET All players call returns data as expected","status":"failed","statusMessage":"1 expectation failed.\nResponse body doesn't match expectation.\nExpected: The content to match the given JSON schema.\nerror: object has missing required properties ([\"role\"])\n    level: \"error\"\n    schema: {\"loadingURI\":\"file:/home/runner/work/player-service-taf/player-service-taf/player-service-test/target/test-classes/playerservice/schemas/get-all-players-response.json#\",\"pointer\":\"/properties/players/items\"}\n    instance: {\"pointer\":\"/players/0\"}\n    domain: \"validation\"\n    keyword: \"required\"\n    required: [\"age\",\"gender\",\"id\",\"role\",\"screenName\"]\n    missing: [\"role\"]\n\n  Actual: {\"players\":[{\"id\":1,\"screenName\":\"testSupervisor\",\"gender\":\"male\",\"age\":28}]}\n","statusTrace":"java.lang.AssertionError: 1 expectation failed.\nResponse body doesn't match expectation.\nExpected: The content to match the given JSON schema.\nerror: object has missing required properties ([\"role\"])\n    level: \"error\"\n    schema: {\"loadingURI\":\"file:/home/runner/work/player-service-taf/player-service-taf/player-service-test/target/test-classes/playerservice/schemas/get-all-players-response.json#\",\"pointer\":\"/properties/players/items\"}\n    instance: {\"pointer\":\"/players/0\"}\n    domain: \"validation\"\n    keyword: \"required\"\n    required: [\"age\",\"gender\",\"id\",\"role\",\"screenName\"]\n    missing: [\"role\"]\n\n  Actual: {\"players\":[{\"id\":1,\"screenName\":\"testSupervisor\",\"gender\":\"male\",\"age\":28}]}\n\n\tat java.base/jdk.internal.reflect.NativeConstructorAccessorImpl.newInstance0(Native Method)\n\tat java.base/jdk.internal.reflect.NativeConstructorAccessorImpl.newInstance(NativeConstructorAccessorImpl.java:62)\n\tat java.base/jdk.internal.reflect.DelegatingConstructorAccessorImpl.newInstance(DelegatingConstructorAccessorImpl.java:45)\n\tat java.base/java.lang.reflect.Constructor.newInstance(Constructor.java:490)\n\tat org.codehaus.groovy.reflection.CachedConstructor.invoke(CachedConstructor.java:72)\n\tat org.codehaus.groovy.reflection.CachedConstructor.doConstructorInvoke(CachedConstructor.java:59)\n\tat org.codehaus.groovy.runtime.callsite.ConstructorSite$ConstructorSiteNoUnwrap.callConstructor(ConstructorSite.java:84)\n\tat org.codehaus.groovy.runtime.callsite.AbstractCallSite.callConstructor(AbstractCallSite.java:277)\n\tat io.restassured.internal.ResponseSpecificationImpl$HamcrestAssertionClosure.validate(ResponseSpecificationImpl.groovy:512)\n\tat io.restassured.internal.ResponseSpecificationImpl$HamcrestAssertionClosure$validate$3.call(Unknown Source)\n\tat io.restassured.internal.ResponseSpecificationImpl.validateResponseIfRequired(ResponseSpecificationImpl.groovy:696)\n\tat io.restassured.internal.ResponseSpecificationImpl.this$2$validateResponseIfRequired(ResponseSpecificationImpl.groovy)\n\tat java.base/jdk.internal.reflect.NativeMethodAccessorImpl.invoke0(Native Method)\n\tat java.base/jdk.internal.reflect.NativeMethodAccessorImpl.invoke(NativeMethodAccessorImpl.java:62)\n\tat java.base/jdk.internal.reflect.DelegatingMethodAccessorImpl.invoke(DelegatingMethodAccessorImpl.java:43)\n\tat java.base/java.lang.reflect.Method.invoke(Method.java:566)\n\tat org.codehaus.groovy.runtime.callsite.PlainObjectMetaMethodSite.doInvoke(PlainObjectMetaMethodSite.java:48)\n\tat org.codehaus.groovy.runtime.callsite.PogoMetaMethodSite$PogoCachedMethodSiteNoUnwrapNoCoerce.invoke(PogoMetaMethodSite.java:189)\n\tat org.codehaus.groovy.runtime.callsite.PogoMetaMethodSite.callCurrent(PogoMetaMethodSite.java:57)\n\tat org.codehaus.groovy.runtime.callsite.AbstractCallSite.callCurrent(AbstractCallSite.java:185)\n\tat io.restassured.internal.ResponseSpecificationImpl.body(ResponseSpecificationImpl.groovy:107)\n\tat io.restassured.internal.ValidatableResponseOptionsImpl.body(ValidatableResponseOptionsImpl.java:238)\n\tat com.companyname.assertions.TestAssertions.assertResponseMatchesJsonSchema(TestAssertions.java:24)\n\tat com.companyname.playerservice.functionaltests.get.GetAllPlayersTests.testGetAllPlayersRequest(GetAllPlayersTests.java:27)\n\tat java.base/jdk.internal.reflect.NativeMethodAccessorImpl.invoke0(Native Method)\n\tat java.base/jdk.internal.reflect.NativeMethodAccessorImpl.invoke(NativeMethodAccessorImpl.java:62)\n\tat java.base/jdk.internal.reflect.DelegatingMethodAccessorImpl.invoke(DelegatingMethodAccessorImpl.java:43)\n\tat java.base/java.lang.reflect.Method.invoke(Method.java:566)\n\tat org.testng.internal.MethodInvocationHelper.invokeMethod(MethodInvocationHelper.java:124)\n\tat org.testng.internal.Invoker.invokeMethod(Invoker.java:583)\n\tat org.testng.internal.Invoker.invokeTestMethod(Invoker.java:719)\n\tat org.testng.internal.Invoker.invokeTestMethods(Invoker.java:989)\n\tat org.testng.internal.TestMethodWorker.invokeTestMethods(TestMethodWorker.java:125)\n\tat org.testng.internal.TestMethodWorker.run(TestMethodWorker.java:109)\n\tat java.base/java.util.concurrent.ThreadPoolExecutor.runWorker(ThreadPoolExecutor.java:1128)\n\tat java.base/java.util.concurrent.ThreadPoolExecutor$Worker.run(ThreadPoolExecutor.java:628)\n\tat java.base/java.lang.Thread.run(Thread.java:829)\n","steps":[{"name":"Execute GET request to GET all players","time":{"start":1728004019696,"stop":1728004020004,"duration":308},"status":"passed","steps":[],"attachments":[{"uid":"3e10ec38c52ca6b2","name":"Request","source":"3e10ec38c52ca6b2.html","type":"text/html","size":323},{"uid":"225f7faab0b8b432","name":"HTTP/1.1 200 ","source":"225f7faab0b8b432.html","type":"text/html","size":604}],"parameters":[],"shouldDisplayMessage":false,"stepsCount":0,"attachmentsCount":2,"hasContent":true},{"name":"Assert response HTTP Status code is: 200","time":{"start":1728004020005,"stop":1728004020005,"duration":0},"status":"passed","steps":[{"name":"assertThat '200'","time":{"start":1728004020005,"stop":1728004020005,"duration":0},"status":"passed","steps":[],"attachments":[],"parameters":[],"shouldDisplayMessage":false,"stepsCount":0,"attachmentsCount":0,"hasContent":false},{"name":"as 'Verify status code is 200 []'","time":{"start":1728004020005,"stop":1728004020005,"duration":0},"status":"passed","steps":[{"name":"describedAs 'Verify status code is 200'","time":{"start":1728004020005,"stop":1728004020005,"duration":0},"status":"passed","steps":[],"attachments":[],"parameters":[],"shouldDisplayMessage":false,"stepsCount":0,"attachmentsCount":0,"hasContent":false}],"attachments":[],"parameters":[],"shouldDisplayMessage":false,"stepsCount":1,"attachmentsCount":0,"hasContent":true},{"name":"isEqualTo '200'","time":{"start":1728004020005,"stop":1728004020005,"duration":0},"status":"passed","steps":[],"attachments":[],"parameters":[],"shouldDisplayMessage":false,"stepsCount":0,"attachmentsCount":0,"hasContent":false}],"attachments":[],"parameters":[{"name":"response","value":"io.restassured.internal.ValidatableResponseImpl@57b8e1c3"},{"name":"expectedStatusCode","value":"200"}],"shouldDisplayMessage":false,"stepsCount":4,"attachmentsCount":0,"hasContent":true},{"name":"Assert response matches JSON schema: playerservice/schemas/get-all-players-response.json","time":{"start":1728004020005,"stop":1728004020013,"duration":8},"status":"failed","statusMessage":"1 expectation failed.\nResponse body doesn't match expectation.\nExpected: The content to match the given JSON schema.\nerror: object has missing required properties ([\"role\"])\n    level: \"error\"\n    schema: {\"loadingURI\":\"file:/home/runner/work/player-service-taf/player-service-taf/player-service-test/target/test-classes/playerservice/schemas/get-all-players-response.json#\",\"pointer\":\"/properties/players/items\"}\n    instance: {\"pointer\":\"/players/0\"}\n    domain: \"validation\"\n    keyword: \"required\"\n    required: [\"age\",\"gender\",\"id\",\"role\",\"screenName\"]\n    missing: [\"role\"]\n\n  Actual: {\"players\":[{\"id\":1,\"screenName\":\"testSupervisor\",\"gender\":\"male\",\"age\":28}]}\n","statusTrace":"java.lang.AssertionError: 1 expectation failed.\nResponse body doesn't match expectation.\nExpected: The content to match the given JSON schema.\nerror: object has missing required properties ([\"role\"])\n    level: \"error\"\n    schema: {\"loadingURI\":\"file:/home/runner/work/player-service-taf/player-service-taf/player-service-test/target/test-classes/playerservice/schemas/get-all-players-response.json#\",\"pointer\":\"/properties/players/items\"}\n    instance: {\"pointer\":\"/players/0\"}\n    domain: \"validation\"\n    keyword: \"required\"\n    required: [\"age\",\"gender\",\"id\",\"role\",\"screenName\"]\n    missing: [\"role\"]\n\n  Actual: {\"players\":[{\"id\":1,\"screenName\":\"testSupervisor\",\"gender\":\"male\",\"age\":28}]}\n\n\tat java.base/jdk.internal.reflect.NativeConstructorAccessorImpl.newInstance0(Native Method)\n\tat java.base/jdk.internal.reflect.NativeConstructorAccessorImpl.newInstance(NativeConstructorAccessorImpl.java:62)\n\tat java.base/jdk.internal.reflect.DelegatingConstructorAccessorImpl.newInstance(DelegatingConstructorAccessorImpl.java:45)\n\tat java.base/java.lang.reflect.Constructor.newInstance(Constructor.java:490)\n\tat org.codehaus.groovy.reflection.CachedConstructor.invoke(CachedConstructor.java:72)\n\tat org.codehaus.groovy.reflection.CachedConstructor.doConstructorInvoke(CachedConstructor.java:59)\n\tat org.codehaus.groovy.runtime.callsite.ConstructorSite$ConstructorSiteNoUnwrap.callConstructor(ConstructorSite.java:84)\n\tat org.codehaus.groovy.runtime.callsite.AbstractCallSite.callConstructor(AbstractCallSite.java:277)\n\tat io.restassured.internal.ResponseSpecificationImpl$HamcrestAssertionClosure.validate(ResponseSpecificationImpl.groovy:512)\n\tat io.restassured.internal.ResponseSpecificationImpl$HamcrestAssertionClosure$validate$3.call(Unknown Source)\n\tat io.restassured.internal.ResponseSpecificationImpl.validateResponseIfRequired(ResponseSpecificationImpl.groovy:696)\n\tat io.restassured.internal.ResponseSpecificationImpl.this$2$validateResponseIfRequired(ResponseSpecificationImpl.groovy)\n\tat java.base/jdk.internal.reflect.NativeMethodAccessorImpl.invoke0(Native Method)\n\tat java.base/jdk.internal.reflect.NativeMethodAccessorImpl.invoke(NativeMethodAccessorImpl.java:62)\n\tat java.base/jdk.internal.reflect.DelegatingMethodAccessorImpl.invoke(DelegatingMethodAccessorImpl.java:43)\n\tat java.base/java.lang.reflect.Method.invoke(Method.java:566)\n\tat org.codehaus.groovy.runtime.callsite.PlainObjectMetaMethodSite.doInvoke(PlainObjectMetaMethodSite.java:48)\n\tat org.codehaus.groovy.runtime.callsite.PogoMetaMethodSite$PogoCachedMethodSiteNoUnwrapNoCoerce.invoke(PogoMetaMethodSite.java:189)\n\tat org.codehaus.groovy.runtime.callsite.PogoMetaMethodSite.callCurrent(PogoMetaMethodSite.java:57)\n\tat org.codehaus.groovy.runtime.callsite.AbstractCallSite.callCurrent(AbstractCallSite.java:185)\n\tat io.restassured.internal.ResponseSpecificationImpl.body(ResponseSpecificationImpl.groovy:107)\n\tat io.restassured.internal.ValidatableResponseOptionsImpl.body(ValidatableResponseOptionsImpl.java:238)\n\tat com.companyname.assertions.TestAssertions.assertResponseMatchesJsonSchema(TestAssertions.java:24)\n\tat com.companyname.playerservice.functionaltests.get.GetAllPlayersTests.testGetAllPlayersRequest(GetAllPlayersTests.java:27)\n\tat java.base/jdk.internal.reflect.NativeMethodAccessorImpl.invoke0(Native Method)\n\tat java.base/jdk.internal.reflect.NativeMethodAccessorImpl.invoke(NativeMethodAccessorImpl.java:62)\n\tat java.base/jdk.internal.reflect.DelegatingMethodAccessorImpl.invoke(DelegatingMethodAccessorImpl.java:43)\n\tat java.base/java.lang.reflect.Method.invoke(Method.java:566)\n\tat org.testng.internal.MethodInvocationHelper.invokeMethod(MethodInvocationHelper.java:124)\n\tat org.testng.internal.Invoker.invokeMethod(Invoker.java:583)\n\tat org.testng.internal.Invoker.invokeTestMethod(Invoker.java:719)\n\tat org.testng.internal.Invoker.invokeTestMethods(Invoker.java:989)\n\tat org.testng.internal.TestMethodWorker.invokeTestMethods(TestMethodWorker.java:125)\n\tat org.testng.internal.TestMethodWorker.run(TestMethodWorker.java:109)\n\tat java.base/java.util.concurrent.ThreadPoolExecutor.runWorker(ThreadPoolExecutor.java:1128)\n\tat java.base/java.util.concurrent.ThreadPoolExecutor$Worker.run(ThreadPoolExecutor.java:628)\n\tat java.base/java.lang.Thread.run(Thread.java:829)\n","steps":[],"attachments":[],"parameters":[{"name":"response","value":"io.restassured.internal.ValidatableResponseImpl@57b8e1c3"},{"name":"schemaPath","value":"playerservice/schemas/get-all-players-response.json"}],"shouldDisplayMessage":true,"stepsCount":0,"attachmentsCount":0,"hasContent":true}],"attachments":[],"parameters":[],"shouldDisplayMessage":false,"stepsCount":7,"attachmentsCount":2,"hasContent":true},"afterStages":[],"labels":[{"name":"package","value":"com.companyname.playerservice.functionaltests.get.GetAllPlayersTests"},{"name":"testClass","value":"com.companyname.playerservice.functionaltests.get.GetAllPlayersTests"},{"name":"testMethod","value":"testGetAllPlayersRequest"},{"name":"parentSuite","value":"Surefire suite"},{"name":"suite","value":"Surefire test"},{"name":"subSuite","value":"com.companyname.playerservice.functionaltests.get.GetAllPlayersTests"},{"name":"host","value":"fv-az1196-164"},{"name":"thread","value":"2249@fv-az1196-164.TestNG-test=Surefire test-1(15)"},{"name":"framework","value":"testng"},{"name":"language","value":"java"},{"name":"tag","value":"SMOKE"},{"name":"tag","value":"BUG"},{"name":"epic","value":"Player service implementation"},{"name":"story","value":"API consumer is able to get all Players"},{"name":"feature","value":"Get Player"},{"name":"severity","value":"critical"},{"name":"resultFormat","value":"allure2"}],"parameters":[],"links":[{"name":"PS-320","type":"tms"},{"name":"PS-12350","type":"issue"}],"hidden":false,"retry":false,"extra":{"severity":"critical","retries":[],"categories":[{"name":"Product defects","matchedStatuses":[],"flaky":false}],"history":{"statistic":{"failed":7,"broken":0,"skipped":0,"passed":0,"unknown":0,"total":7},"items":[{"uid":"425bc4945bb9b4b","reportUrl":"https://Dmytro-Vusyk.github.io/player-service-taf/24//#testresult/425bc4945bb9b4b","status":"failed","statusDetails":"1 expectation failed.\nResponse body doesn't match expectation.\nExpected: The content to match the given JSON schema.\nerror: object has missing required properties ([\"role\"])\n    level: \"error\"\n    schema: {\"loadingURI\":\"file:/home/runner/work/player-service-taf/player-service-taf/player-service-test/target/test-classes/playerservice/schemas/get-all-players-response.json#\",\"pointer\":\"/properties/players/items\"}\n    instance: {\"pointer\":\"/players/0\"}\n    domain: \"validation\"\n    keyword: \"required\"\n    required: [\"age\",\"gender\",\"id\",\"role\",\"screenName\"]\n    missing: [\"role\"]\nerror: object has missing required properties ([\"role\"])\n    level: \"error\"\n    schema: {\"loadingURI\":\"file:/home/runner/work/player-service-taf/player-service-taf/player-service-test/target/test-classes/playerservice/schemas/get-all-players-response.json#\",\"pointer\":\"/properties/players/items\"}\n    instance: {\"pointer\":\"/players/1\"}\n    domain: \"validation\"\n    keyword: \"required\"\n    required: [\"age\",\"gender\",\"id\",\"role\",\"screenName\"]\n    missing: [\"role\"]\n\n  Actual: {\"players\":[{\"id\":1,\"screenName\":\"testSupervisor\",\"gender\":\"male\",\"age\":28},{\"id\":592204322,\"screenName\":\"jenke\",\"gender\":\"Demeter\",\"age\":50}]}\n","time":{"start":1728003784529,"stop":1728003784758,"duration":229}},{"uid":"f7967e98c71d47a0","reportUrl":"https://Dmytro-Vusyk.github.io/player-service-taf/23//#testresult/f7967e98c71d47a0","status":"failed","statusDetails":"1 expectation failed.\nResponse body doesn't match expectation.\nExpected: The content to match the given JSON schema.\nerror: object has missing required properties ([\"role\"])\n    level: \"error\"\n    schema: {\"loadingURI\":\"file:/home/runner/work/player-service-taf/player-service-taf/player-service-test/target/test-classes/playerservice/schemas/get-all-players-response.json#\",\"pointer\":\"/properties/players/items\"}\n    instance: {\"pointer\":\"/players/0\"}\n    domain: \"validation\"\n    keyword: \"required\"\n    required: [\"age\",\"gender\",\"id\",\"role\",\"screenName\"]\n    missing: [\"role\"]\nerror: object has missing required properties ([\"role\"])\n    level: \"error\"\n    schema: {\"loadingURI\":\"file:/home/runner/work/player-service-taf/player-service-taf/player-service-test/target/test-classes/playerservice/schemas/get-all-players-response.json#\",\"pointer\":\"/properties/players/items\"}\n    instance: {\"pointer\":\"/players/1\"}\n    domain: \"validation\"\n    keyword: \"required\"\n    required: [\"age\",\"gender\",\"id\",\"role\",\"screenName\"]\n    missing: [\"role\"]\nerror: object has missing required properties ([\"role\"])\n    level: \"error\"\n    schema: {\"loadingURI\":\"file:/home/runner/work/player-service-taf/player-service-taf/player-service-test/target/test-classes/playerservice/schemas/get-all-players-response.json#\",\"pointer\":\"/properties/players/items\"}\n    instance: {\"pointer\":\"/players/2\"}\n    domain: \"validation\"\n    keyword: \"required\"\n    required: [\"age\",\"gender\",\"id\",\"role\",\"screenName\"]\n    missing: [\"role\"]\nerror: object has missing required properties ([\"role\"])\n    level: \"error\"\n    schema: {\"loadingURI\":\"file:/home/runner/work/player-service-taf/player-service-taf/player-service-test/target/test-classes/playerservice/schemas/get-all-players-response.json#\",\"pointer\":\"/properties/players/items\"}\n    instance: {\"pointer\":\"/players/3\"}\n    domain: \"validation\"\n    keyword: \"required\"\n    required: [\"age\",\"gender\",\"id\",\"role\",\"screenName\"]\n    missing: [\"role\"]\n\n  Actual: {\"players\":[{\"id\":1,\"screenName\":\"testSupervisor\",\"gender\":\"male\",\"age\":28},{\"id\":592204322,\"screenName\":\"jenke\",\"gender\":\"Demeter\",\"age\":50},{\"id\":2012452137,\"screenName\":\"mygfb\",\"gender\":\"Male\",\"age\":55},{\"id\":1786336591,\"screenName\":\"ndgjd\",\"gender\":\"Male\",\"age\":42}]}\n","time":{"start":1728002761523,"stop":1728002761910,"duration":387}},{"uid":"ef4d6eac19a84ca3","reportUrl":"https://Dmytro-Vusyk.github.io/player-service-taf/22//#testresult/ef4d6eac19a84ca3","status":"failed","statusDetails":"1 expectation failed.\nResponse body doesn't match expectation.\nExpected: The content to match the given JSON schema.\nerror: object has missing required properties ([\"role\"])\n    level: \"error\"\n    schema: {\"loadingURI\":\"file:/home/runner/work/player-service-taf/player-service-taf/player-service-test/target/test-classes/playerservice/schemas/get-all-players-response.json#\",\"pointer\":\"/properties/players/items\"}\n    instance: {\"pointer\":\"/players/0\"}\n    domain: \"validation\"\n    keyword: \"required\"\n    required: [\"age\",\"gender\",\"id\",\"role\",\"screenName\"]\n    missing: [\"role\"]\nerror: object has missing required properties ([\"role\"])\n    level: \"error\"\n    schema: {\"loadingURI\":\"file:/home/runner/work/player-service-taf/player-service-taf/player-service-test/target/test-classes/playerservice/schemas/get-all-players-response.json#\",\"pointer\":\"/properties/players/items\"}\n    instance: {\"pointer\":\"/players/1\"}\n    domain: \"validation\"\n    keyword: \"required\"\n    required: [\"age\",\"gender\",\"id\",\"role\",\"screenName\"]\n    missing: [\"role\"]\n\n  Actual: {\"players\":[{\"id\":1,\"screenName\":\"testSupervisor\",\"gender\":\"male\",\"age\":28},{\"id\":592204322,\"screenName\":\"jenke\",\"gender\":\"Demeter\",\"age\":50}]}\n","time":{"start":1728000374924,"stop":1728000375152,"duration":228}},{"uid":"a75526d8f8eb6471","reportUrl":"https://Dmytro-Vusyk.github.io/player-service-taf/21//#testresult/a75526d8f8eb6471","status":"failed","statusDetails":"1 expectation failed.\nResponse body doesn't match expectation.\nExpected: The content to match the given JSON schema.\nerror: object has missing required properties ([\"role\"])\n    level: \"error\"\n    schema: {\"loadingURI\":\"file:/home/runner/work/player-service-taf/player-service-taf/player-service-test/target/test-classes/playerservice/schemas/get-all-players-response.json#\",\"pointer\":\"/properties/players/items\"}\n    instance: {\"pointer\":\"/players/0\"}\n    domain: \"validation\"\n    keyword: \"required\"\n    required: [\"age\",\"gender\",\"id\",\"role\",\"screenName\"]\n    missing: [\"role\"]\nerror: object has missing required properties ([\"role\"])\n    level: \"error\"\n    schema: {\"loadingURI\":\"file:/home/runner/work/player-service-taf/player-service-taf/player-service-test/target/test-classes/playerservice/schemas/get-all-players-response.json#\",\"pointer\":\"/properties/players/items\"}\n    instance: {\"pointer\":\"/players/1\"}\n    domain: \"validation\"\n    keyword: \"required\"\n    required: [\"age\",\"gender\",\"id\",\"role\",\"screenName\"]\n    missing: [\"role\"]\nerror: object has missing required properties ([\"role\"])\n    level: \"error\"\n    schema: {\"loadingURI\":\"file:/home/runner/work/player-service-taf/player-service-taf/player-service-test/target/test-classes/playerservice/schemas/get-all-players-response.json#\",\"pointer\":\"/properties/players/items\"}\n    instance: {\"pointer\":\"/players/2\"}\n    domain: \"validation\"\n    keyword: \"required\"\n    required: [\"age\",\"gender\",\"id\",\"role\",\"screenName\"]\n    missing: [\"role\"]\nerror: object has missing required properties ([\"role\"])\n    level: \"error\"\n    schema: {\"loadingURI\":\"file:/home/runner/work/player-service-taf/player-service-taf/player-service-test/target/test-classes/playerservice/schemas/get-all-players-response.json#\",\"pointer\":\"/properties/players/items\"}\n    instance: {\"pointer\":\"/players/3\"}\n    domain: \"validation\"\n    keyword: \"required\"\n    required: [\"age\",\"gender\",\"id\",\"role\",\"screenName\"]\n    missing: [\"role\"]\nerror: object has missing required properties ([\"role\"])\n    level: \"error\"\n    schema: {\"loadingURI\":\"file:/home/runner/work/player-service-taf/player-service-taf/player-service-test/target/test-classes/playerservice/schemas/get-all-players-response.json#\",\"pointer\":\"/properties/players/items\"}\n    instance: {\"pointer\":\"/players/4\"}\n    domain: \"validation\"\n    keyword: \"required\"\n    required: [\"age\",\"gender\",\"id\",\"role\",\"screenName\"]\n    missing: [\"role\"]\nerror: object has missing required properties ([\"role\"])\n    level: \"error\"\n    schema: {\"loadingURI\":\"file:/home/runner/work/player-service-taf/player-service-taf/player-service-test/target/test-classes/playerservice/schemas/get-all-players-response.json#\",\"pointer\":\"/properties/players/items\"}\n    instance: {\"pointer\":\"/players/5\"}\n    domain: \"validation\"\n    keyword: \"required\"\n    required: [\"age\",\"gender\",\"id\",\"role\",\"screenName\"]\n    missing: [\"role\"]\nerror: object has missing required properties ([\"role\"])\n    level: \"error\"\n    schema: {\"loadingURI\":\"file:/home/runner/work/player-service-taf/player-service-taf/player-service-test/target/test-classes/playerservice/schemas/get-all-players-response.json#\",\"pointer\":\"/properties/players/items\"}\n    instance: {\"pointer\":\"/players/6\"}\n    domain: \"validation\"\n    keyword: \"required\"\n    required: [\"age\",\"gender\",\"id\",\"role\",\"screenName\"]\n    missing: [\"role\"]\nerror: object has missing required properties ([\"role\"])\n    level: \"error\"\n    schema: {\"loadingURI\":\"file:/home/runner/work/player-service-taf/player-service-taf/player-service-test/target/test-classes/playerservice/schemas/get-all-players-response.json#\",\"pointer\":\"/properties/players/items\"}\n    instance: {\"pointer\":\"/players/7\"}\n    domain: \"validation\"\n    keyword: \"required\"\n    required: [\"age\",\"gender\",\"id\",\"role\",\"screenName\"]\n    missing: [\"role\"]\n\n  Actual: {\"players\":[{\"id\":1,\"screenName\":\"testSupervisor\",\"gender\":\"male\",\"age\":28},{\"id\":1998185174,\"screenName\":\"JMCvb90288\",\"gender\":\"male\",\"age\":58},{\"id\":1172578408,\"screenName\":\"YfcnW67663\",\"gender\":\"male\",\"age\":40},{\"id\":1401410456,\"screenName\":\"eGdEG06230\",\"gender\":\"male\",\"age\":36},{\"id\":804265615,\"screenName\":\"KZMCk83610\",\"gender\":\"male\",\"age\":37},{\"id\":776988119,\"screenName\":\"bdAvZ69668\",\"gender\":\"male\",\"age\":43},{\"id\":1874538904,\"screenName\":\"NtpUU52942\",\"gender\":\"male\",\"age\":41},{\"id\":1893260737,\"screenName\":\"korgh\",\"gender\":\"Other\",\"age\":28}]}\n","time":{"start":1727991746743,"stop":1727991746963,"duration":220}},{"uid":"344dae875d08f483","reportUrl":"https://Dmytro-Vusyk.github.io/player-service-taf/20//#testresult/344dae875d08f483","status":"failed","statusDetails":"1 expectation failed.\nResponse body doesn't match expectation.\nExpected: The content to match the given JSON schema.\nerror: object has missing required properties ([\"role\"])\n    level: \"error\"\n    schema: {\"loadingURI\":\"file:/home/runner/work/player-service-taf/player-service-taf/player-service-test/target/test-classes/playerservice/schemas/get-all-players-response.json#\",\"pointer\":\"/properties/players/items\"}\n    instance: {\"pointer\":\"/players/0\"}\n    domain: \"validation\"\n    keyword: \"required\"\n    required: [\"age\",\"gender\",\"id\",\"role\",\"screenName\"]\n    missing: [\"role\"]\nerror: object has missing required properties ([\"role\"])\n    level: \"error\"\n    schema: {\"loadingURI\":\"file:/home/runner/work/player-service-taf/player-service-taf/player-service-test/target/test-classes/playerservice/schemas/get-all-players-response.json#\",\"pointer\":\"/properties/players/items\"}\n    instance: {\"pointer\":\"/players/1\"}\n    domain: \"validation\"\n    keyword: \"required\"\n    required: [\"age\",\"gender\",\"id\",\"role\",\"screenName\"]\n    missing: [\"role\"]\nerror: object has missing required properties ([\"role\"])\n    level: \"error\"\n    schema: {\"loadingURI\":\"file:/home/runner/work/player-service-taf/player-service-taf/player-service-test/target/test-classes/playerservice/schemas/get-all-players-response.json#\",\"pointer\":\"/properties/players/items\"}\n    instance: {\"pointer\":\"/players/2\"}\n    domain: \"validation\"\n    keyword: \"required\"\n    required: [\"age\",\"gender\",\"id\",\"role\",\"screenName\"]\n    missing: [\"role\"]\nerror: object has missing required properties ([\"role\"])\n    level: \"error\"\n    schema: {\"loadingURI\":\"file:/home/runner/work/player-service-taf/player-service-taf/player-service-test/target/test-classes/playerservice/schemas/get-all-players-response.json#\",\"pointer\":\"/properties/players/items\"}\n    instance: {\"pointer\":\"/players/3\"}\n    domain: \"validation\"\n    keyword: \"required\"\n    required: [\"age\",\"gender\",\"id\",\"role\",\"screenName\"]\n    missing: [\"role\"]\nerror: object has missing required properties ([\"role\"])\n    level: \"error\"\n    schema: {\"loadingURI\":\"file:/home/runner/work/player-service-taf/player-service-taf/player-service-test/target/test-classes/playerservice/schemas/get-all-players-response.json#\",\"pointer\":\"/properties/players/items\"}\n    instance: {\"pointer\":\"/players/4\"}\n    domain: \"validation\"\n    keyword: \"required\"\n    required: [\"age\",\"gender\",\"id\",\"role\",\"screenName\"]\n    missing: [\"role\"]\nerror: object has missing required properties ([\"role\"])\n    level: \"error\"\n    schema: {\"loadingURI\":\"file:/home/runner/work/player-service-taf/player-service-taf/player-service-test/target/test-classes/playerservice/schemas/get-all-players-response.json#\",\"pointer\":\"/properties/players/items\"}\n    instance: {\"pointer\":\"/players/5\"}\n    domain: \"validation\"\n    keyword: \"required\"\n    required: [\"age\",\"gender\",\"id\",\"role\",\"screenName\"]\n    missing: [\"role\"]\nerror: object has missing required properties ([\"role\"])\n    level: \"error\"\n    schema: {\"loadingURI\":\"file:/home/runner/work/player-service-taf/player-service-taf/player-service-test/target/test-classes/playerservice/schemas/get-all-players-response.json#\",\"pointer\":\"/properties/players/items\"}\n    instance: {\"pointer\":\"/players/6\"}\n    domain: \"validation\"\n    keyword: \"required\"\n    required: [\"age\",\"gender\",\"id\",\"role\",\"screenName\"]\n    missing: [\"role\"]\nerror: object has missing required properties ([\"role\"])\n    level: \"error\"\n    schema: {\"loadingURI\":\"file:/home/runner/work/player-service-taf/player-service-taf/player-service-test/target/test-classes/playerservice/schemas/get-all-players-response.json#\",\"pointer\":\"/properties/players/items\"}\n    instance: {\"pointer\":\"/players/7\"}\n    domain: \"validation\"\n    keyword: \"required\"\n    required: [\"age\",\"gender\",\"id\",\"role\",\"screenName\"]\n    missing: [\"role\"]\nerror: object has missing required properties ([\"role\"])\n    level: \"error\"\n    schema: {\"loadingURI\":\"file:/home/runner/work/player-service-taf/player-service-taf/player-service-test/target/test-classes/playerservice/schemas/get-all-players-response.json#\",\"pointer\":\"/properties/players/items\"}\n    instance: {\"pointer\":\"/players/8\"}\n    domain: \"validation\"\n    keyword: \"required\"\n    required: [\"age\",\"gender\",\"id\",\"role\",\"screenName\"]\n    missing: [\"role\"]\n\n  Actual: {\"players\":[{\"id\":1,\"screenName\":\"testSupervisor\",\"gender\":\"male\",\"age\":28},{\"id\":1998185174,\"screenName\":\"JMCvb90288\",\"gender\":\"male\",\"age\":58},{\"id\":1172578408,\"screenName\":\"YfcnW67663\",\"gender\":\"male\",\"age\":40},{\"id\":1401410456,\"screenName\":\"eGdEG06230\",\"gender\":\"male\",\"age\":36},{\"id\":804265615,\"screenName\":\"KZMCk83610\",\"gender\":\"male\",\"age\":37},{\"id\":776988119,\"screenName\":\"bdAvZ69668\",\"gender\":\"male\",\"age\":43},{\"id\":1874538904,\"screenName\":\"NtpUU52942\",\"gender\":\"male\",\"age\":41},{\"id\":1712212844,\"screenName\":\"azdsz\",\"gender\":\"Hestia\",\"age\":46},{\"id\":1893260737,\"screenName\":\"korgh\",\"gender\":\"Other\",\"age\":28}]}\n","time":{"start":1727980926931,"stop":1727980927146,"duration":215}},{"uid":"2798eb909186f76b","reportUrl":"https://Dmytro-Vusyk.github.io/player-service-taf/19//#testresult/2798eb909186f76b","status":"failed","statusDetails":"1 expectation failed.\nResponse body doesn't match expectation.\nExpected: The content to match the given JSON schema.\nerror: object has missing required properties ([\"role\"])\n    level: \"error\"\n    schema: {\"loadingURI\":\"file:/home/runner/work/player-service-taf/player-service-taf/player-service-test/target/test-classes/playerservice/schemas/get-all-players-response.json#\",\"pointer\":\"/properties/players/items\"}\n    instance: {\"pointer\":\"/players/0\"}\n    domain: \"validation\"\n    keyword: \"required\"\n    required: [\"age\",\"gender\",\"id\",\"role\",\"screenName\"]\n    missing: [\"role\"]\nerror: object has missing required properties ([\"role\"])\n    level: \"error\"\n    schema: {\"loadingURI\":\"file:/home/runner/work/player-service-taf/player-service-taf/player-service-test/target/test-classes/playerservice/schemas/get-all-players-response.json#\",\"pointer\":\"/properties/players/items\"}\n    instance: {\"pointer\":\"/players/1\"}\n    domain: \"validation\"\n    keyword: \"required\"\n    required: [\"age\",\"gender\",\"id\",\"role\",\"screenName\"]\n    missing: [\"role\"]\nerror: object has missing required properties ([\"role\"])\n    level: \"error\"\n    schema: {\"loadingURI\":\"file:/home/runner/work/player-service-taf/player-service-taf/player-service-test/target/test-classes/playerservice/schemas/get-all-players-response.json#\",\"pointer\":\"/properties/players/items\"}\n    instance: {\"pointer\":\"/players/2\"}\n    domain: \"validation\"\n    keyword: \"required\"\n    required: [\"age\",\"gender\",\"id\",\"role\",\"screenName\"]\n    missing: [\"role\"]\nerror: object has missing required properties ([\"role\"])\n    level: \"error\"\n    schema: {\"loadingURI\":\"file:/home/runner/work/player-service-taf/player-service-taf/player-service-test/target/test-classes/playerservice/schemas/get-all-players-response.json#\",\"pointer\":\"/properties/players/items\"}\n    instance: {\"pointer\":\"/players/3\"}\n    domain: \"validation\"\n    keyword: \"required\"\n    required: [\"age\",\"gender\",\"id\",\"role\",\"screenName\"]\n    missing: [\"role\"]\nerror: object has missing required properties ([\"role\"])\n    level: \"error\"\n    schema: {\"loadingURI\":\"file:/home/runner/work/player-service-taf/player-service-taf/player-service-test/target/test-classes/playerservice/schemas/get-all-players-response.json#\",\"pointer\":\"/properties/players/items\"}\n    instance: {\"pointer\":\"/players/4\"}\n    domain: \"validation\"\n    keyword: \"required\"\n    required: [\"age\",\"gender\",\"id\",\"role\",\"screenName\"]\n    missing: [\"role\"]\nerror: object has missing required properties ([\"role\"])\n    level: \"error\"\n    schema: {\"loadingURI\":\"file:/home/runner/work/player-service-taf/player-service-taf/player-service-test/target/test-classes/playerservice/schemas/get-all-players-response.json#\",\"pointer\":\"/properties/players/items\"}\n    instance: {\"pointer\":\"/players/5\"}\n    domain: \"validation\"\n    keyword: \"required\"\n    required: [\"age\",\"gender\",\"id\",\"role\",\"screenName\"]\n    missing: [\"role\"]\nerror: object has missing required properties ([\"role\"])\n    level: \"error\"\n    schema: {\"loadingURI\":\"file:/home/runner/work/player-service-taf/player-service-taf/player-service-test/target/test-classes/playerservice/schemas/get-all-players-response.json#\",\"pointer\":\"/properties/players/items\"}\n    instance: {\"pointer\":\"/players/6\"}\n    domain: \"validation\"\n    keyword: \"required\"\n    required: [\"age\",\"gender\",\"id\",\"role\",\"screenName\"]\n    missing: [\"role\"]\nerror: object has missing required properties ([\"role\"])\n    level: \"error\"\n    schema: {\"loadingURI\":\"file:/home/runner/work/player-service-taf/player-service-taf/player-service-test/target/test-classes/playerservice/schemas/get-all-players-response.json#\",\"pointer\":\"/properties/players/items\"}\n    instance: {\"pointer\":\"/players/7\"}\n    domain: \"validation\"\n    keyword: \"required\"\n    required: [\"age\",\"gender\",\"id\",\"role\",\"screenName\"]\n    missing: [\"role\"]\nerror: object has missing required properties ([\"role\"])\n    level: \"error\"\n    schema: {\"loadingURI\":\"file:/home/runner/work/player-service-taf/player-service-taf/player-service-test/target/test-classes/playerservice/schemas/get-all-players-response.json#\",\"pointer\":\"/properties/players/items\"}\n    instance: {\"pointer\":\"/players/8\"}\n    domain: \"validation\"\n    keyword: \"required\"\n    required: [\"age\",\"gender\",\"id\",\"role\",\"screenName\"]\n    missing: [\"role\"]\n\n  Actual: {\"players\":[{\"id\":1,\"screenName\":\"testSupervisor\",\"gender\":\"male\",\"age\":28},{\"id\":1998185174,\"screenName\":\"JMCvb90288\",\"gender\":\"male\",\"age\":58},{\"id\":1172578408,\"screenName\":\"YfcnW67663\",\"gender\":\"male\",\"age\":40},{\"id\":1401410456,\"screenName\":\"eGdEG06230\",\"gender\":\"male\",\"age\":36},{\"id\":804265615,\"screenName\":\"KZMCk83610\",\"gender\":\"male\",\"age\":37},{\"id\":776988119,\"screenName\":\"bdAvZ69668\",\"gender\":\"male\",\"age\":43},{\"id\":1874538904,\"screenName\":\"NtpUU52942\",\"gender\":\"male\",\"age\":41},{\"id\":1712212844,\"screenName\":\"azdsz\",\"gender\":\"Hestia\",\"age\":46},{\"id\":1893260737,\"screenName\":\"korgh\",\"gender\":\"Other\",\"age\":28}]}\n","time":{"start":1727978811896,"stop":1727978812243,"duration":347}}]},"tags":["BUG","SMOKE"]},"source":"d5995f3e4e2a18ae.json","parameterValues":[]}