{"uid":"3b27f4cc14ac13a5","name":"testPlayerWithAllFieldsCanBeCreated","fullName":"com.companyname.playerservice.functionaltests.create.CreatePlayerTests.testPlayerWithAllFieldsCanBeCreated","historyId":"c81bbac6b4fd61587f9b2ada29d5c271","time":{"start":1728002757301,"stop":1728002761906,"duration":4605},"description":"Verify that user with different roles are able to CREATE Players","descriptionHtml":"<p>Verify that user with different roles are able to CREATE Players</p>\n","status":"failed","statusMessage":"1 expectation failed.\nResponse body doesn't match expectation.\nExpected: The content to match the given JSON schema.\nerror: instance type (null) does not match any allowed primitive type (allowed: [\"integer\"])\n    level: \"error\"\n    schema: {\"loadingURI\":\"file:/home/runner/work/player-service-taf/player-service-taf/player-service-test/target/test-classes/playerservice/schemas/create-player-response.json#\",\"pointer\":\"/properties/age\"}\n    instance: {\"pointer\":\"/age\"}\n    domain: \"validation\"\n    keyword: \"type\"\n    found: \"null\"\n    expected: [\"integer\"]\nerror: instance type (null) does not match any allowed primitive type (allowed: [\"string\"])\n    level: \"error\"\n    schema: {\"loadingURI\":\"file:/home/runner/work/player-service-taf/player-service-taf/player-service-test/target/test-classes/playerservice/schemas/create-player-response.json#\",\"pointer\":\"/properties/gender\"}\n    instance: {\"pointer\":\"/gender\"}\n    domain: \"validation\"\n    keyword: \"type\"\n    found: \"null\"\n    expected: [\"string\"]\nerror: instance type (null) does not match any allowed primitive type (allowed: [\"string\"])\n    level: \"error\"\n    schema: {\"loadingURI\":\"file:/home/runner/work/player-service-taf/player-service-taf/player-service-test/target/test-classes/playerservice/schemas/create-player-response.json#\",\"pointer\":\"/properties/password\"}\n    instance: {\"pointer\":\"/password\"}\n    domain: \"validation\"\n    keyword: \"type\"\n    found: \"null\"\n    expected: [\"string\"]\nerror: instance type (null) does not match any allowed primitive type (allowed: [\"string\"])\n    level: \"error\"\n    schema: {\"loadingURI\":\"file:/home/runner/work/player-service-taf/player-service-taf/player-service-test/target/test-classes/playerservice/schemas/create-player-response.json#\",\"pointer\":\"/properties/role\"}\n    instance: {\"pointer\":\"/role\"}\n    domain: \"validation\"\n    keyword: \"type\"\n    found: \"null\"\n    expected: [\"string\"]\nerror: instance type (null) does not match any allowed primitive type (allowed: [\"string\"])\n    level: \"error\"\n    schema: {\"loadingURI\":\"file:/home/runner/work/player-service-taf/player-service-taf/player-service-test/target/test-classes/playerservice/schemas/create-player-response.json#\",\"pointer\":\"/properties/screenName\"}\n    instance: {\"pointer\":\"/screenName\"}\n    domain: \"validation\"\n    keyword: \"type\"\n    found: \"null\"\n    expected: [\"string\"]\n\n  Actual: {\"id\":1786336591,\"login\":\"Nick Ovtime\",\"password\":null,\"screenName\":null,\"gender\":null,\"age\":null,\"role\":null}\n","statusTrace":"java.lang.AssertionError: 1 expectation failed.\nResponse body doesn't match expectation.\nExpected: The content to match the given JSON schema.\nerror: instance type (null) does not match any allowed primitive type (allowed: [\"integer\"])\n    level: \"error\"\n    schema: {\"loadingURI\":\"file:/home/runner/work/player-service-taf/player-service-taf/player-service-test/target/test-classes/playerservice/schemas/create-player-response.json#\",\"pointer\":\"/properties/age\"}\n    instance: {\"pointer\":\"/age\"}\n    domain: \"validation\"\n    keyword: \"type\"\n    found: \"null\"\n    expected: [\"integer\"]\nerror: instance type (null) does not match any allowed primitive type (allowed: [\"string\"])\n    level: \"error\"\n    schema: {\"loadingURI\":\"file:/home/runner/work/player-service-taf/player-service-taf/player-service-test/target/test-classes/playerservice/schemas/create-player-response.json#\",\"pointer\":\"/properties/gender\"}\n    instance: {\"pointer\":\"/gender\"}\n    domain: \"validation\"\n    keyword: \"type\"\n    found: \"null\"\n    expected: [\"string\"]\nerror: instance type (null) does not match any allowed primitive type (allowed: [\"string\"])\n    level: \"error\"\n    schema: {\"loadingURI\":\"file:/home/runner/work/player-service-taf/player-service-taf/player-service-test/target/test-classes/playerservice/schemas/create-player-response.json#\",\"pointer\":\"/properties/password\"}\n    instance: {\"pointer\":\"/password\"}\n    domain: \"validation\"\n    keyword: \"type\"\n    found: \"null\"\n    expected: [\"string\"]\nerror: instance type (null) does not match any allowed primitive type (allowed: [\"string\"])\n    level: \"error\"\n    schema: {\"loadingURI\":\"file:/home/runner/work/player-service-taf/player-service-taf/player-service-test/target/test-classes/playerservice/schemas/create-player-response.json#\",\"pointer\":\"/properties/role\"}\n    instance: {\"pointer\":\"/role\"}\n    domain: \"validation\"\n    keyword: \"type\"\n    found: \"null\"\n    expected: [\"string\"]\nerror: instance type (null) does not match any allowed primitive type (allowed: [\"string\"])\n    level: \"error\"\n    schema: {\"loadingURI\":\"file:/home/runner/work/player-service-taf/player-service-taf/player-service-test/target/test-classes/playerservice/schemas/create-player-response.json#\",\"pointer\":\"/properties/screenName\"}\n    instance: {\"pointer\":\"/screenName\"}\n    domain: \"validation\"\n    keyword: \"type\"\n    found: \"null\"\n    expected: [\"string\"]\n\n  Actual: {\"id\":1786336591,\"login\":\"Nick Ovtime\",\"password\":null,\"screenName\":null,\"gender\":null,\"age\":null,\"role\":null}\n\n\tat java.base/jdk.internal.reflect.NativeConstructorAccessorImpl.newInstance0(Native Method)\n\tat java.base/jdk.internal.reflect.NativeConstructorAccessorImpl.newInstance(NativeConstructorAccessorImpl.java:62)\n\tat java.base/jdk.internal.reflect.DelegatingConstructorAccessorImpl.newInstance(DelegatingConstructorAccessorImpl.java:45)\n\tat java.base/java.lang.reflect.Constructor.newInstance(Constructor.java:490)\n\tat org.codehaus.groovy.reflection.CachedConstructor.invoke(CachedConstructor.java:72)\n\tat org.codehaus.groovy.reflection.CachedConstructor.doConstructorInvoke(CachedConstructor.java:59)\n\tat org.codehaus.groovy.runtime.callsite.ConstructorSite$ConstructorSiteNoUnwrap.callConstructor(ConstructorSite.java:84)\n\tat org.codehaus.groovy.runtime.callsite.CallSiteArray.defaultCallConstructor(CallSiteArray.java:59)\n\tat org.codehaus.groovy.runtime.callsite.AbstractCallSite.callConstructor(AbstractCallSite.java:263)\n\tat org.codehaus.groovy.runtime.callsite.AbstractCallSite.callConstructor(AbstractCallSite.java:277)\n\tat io.restassured.internal.ResponseSpecificationImpl$HamcrestAssertionClosure.validate(ResponseSpecificationImpl.groovy:512)\n\tat io.restassured.internal.ResponseSpecificationImpl$HamcrestAssertionClosure$validate$6.call(Unknown Source)\n\tat io.restassured.internal.ResponseSpecificationImpl.validateResponseIfRequired(ResponseSpecificationImpl.groovy:696)\n\tat io.restassured.internal.ResponseSpecificationImpl.this$2$validateResponseIfRequired(ResponseSpecificationImpl.groovy)\n\tat java.base/jdk.internal.reflect.NativeMethodAccessorImpl.invoke0(Native Method)\n\tat java.base/jdk.internal.reflect.NativeMethodAccessorImpl.invoke(NativeMethodAccessorImpl.java:62)\n\tat java.base/jdk.internal.reflect.DelegatingMethodAccessorImpl.invoke(DelegatingMethodAccessorImpl.java:43)\n\tat java.base/java.lang.reflect.Method.invoke(Method.java:566)\n\tat org.codehaus.groovy.runtime.callsite.PlainObjectMetaMethodSite.doInvoke(PlainObjectMetaMethodSite.java:48)\n\tat org.codehaus.groovy.runtime.callsite.PogoMetaMethodSite$PogoCachedMethodSiteNoUnwrapNoCoerce.invoke(PogoMetaMethodSite.java:189)\n\tat org.codehaus.groovy.runtime.callsite.PogoMetaMethodSite.callCurrent(PogoMetaMethodSite.java:57)\n\tat org.codehaus.groovy.runtime.callsite.AbstractCallSite.callCurrent(AbstractCallSite.java:185)\n\tat org.codehaus.groovy.runtime.callsite.AbstractCallSite.callCurrent(AbstractCallSite.java:183)\n\tat io.restassured.internal.ResponseSpecificationImpl.body(ResponseSpecificationImpl.groovy:107)\n\tat io.restassured.internal.ValidatableResponseOptionsImpl.body(ValidatableResponseOptionsImpl.java:238)\n\tat com.companyname.assertions.TestAssertions.assertResponseMatchesJsonSchema(TestAssertions.java:24)\n\tat com.companyname.playerservice.functionaltests.create.CreatePlayerTests.testPlayerWithAllFieldsCanBeCreated(CreatePlayerTests.java:37)\n\tat java.base/jdk.internal.reflect.NativeMethodAccessorImpl.invoke0(Native Method)\n\tat java.base/jdk.internal.reflect.NativeMethodAccessorImpl.invoke(NativeMethodAccessorImpl.java:62)\n\tat java.base/jdk.internal.reflect.DelegatingMethodAccessorImpl.invoke(DelegatingMethodAccessorImpl.java:43)\n\tat java.base/java.lang.reflect.Method.invoke(Method.java:566)\n\tat org.testng.internal.MethodInvocationHelper.invokeMethod(MethodInvocationHelper.java:124)\n\tat org.testng.internal.Invoker.invokeMethod(Invoker.java:583)\n\tat org.testng.internal.Invoker.invokeTestMethod(Invoker.java:719)\n\tat org.testng.internal.Invoker.invokeTestMethods(Invoker.java:989)\n\tat org.testng.internal.TestMethodWorker.invokeTestMethods(TestMethodWorker.java:125)\n\tat org.testng.internal.TestMethodWorker.run(TestMethodWorker.java:109)\n\tat java.base/java.util.concurrent.ThreadPoolExecutor.runWorker(ThreadPoolExecutor.java:1128)\n\tat java.base/java.util.concurrent.ThreadPoolExecutor$Worker.run(ThreadPoolExecutor.java:628)\n\tat java.base/java.lang.Thread.run(Thread.java:829)\n","flaky":false,"newFailed":false,"newBroken":false,"newPassed":false,"retriesCount":0,"retriesStatusChange":false,"beforeStages":[{"name":"setupClass","time":{"start":1728002754539,"stop":1728002757219,"duration":2680},"description":"","status":"passed","steps":[],"attachments":[],"parameters":[],"shouldDisplayMessage":false,"stepsCount":0,"attachmentsCount":0,"hasContent":false}],"testStage":{"description":"Verify that user with different roles are able to CREATE Players","status":"failed","statusMessage":"1 expectation failed.\nResponse body doesn't match expectation.\nExpected: The content to match the given JSON schema.\nerror: instance type (null) does not match any allowed primitive type (allowed: [\"integer\"])\n    level: \"error\"\n    schema: {\"loadingURI\":\"file:/home/runner/work/player-service-taf/player-service-taf/player-service-test/target/test-classes/playerservice/schemas/create-player-response.json#\",\"pointer\":\"/properties/age\"}\n    instance: {\"pointer\":\"/age\"}\n    domain: \"validation\"\n    keyword: \"type\"\n    found: \"null\"\n    expected: [\"integer\"]\nerror: instance type (null) does not match any allowed primitive type (allowed: [\"string\"])\n    level: \"error\"\n    schema: {\"loadingURI\":\"file:/home/runner/work/player-service-taf/player-service-taf/player-service-test/target/test-classes/playerservice/schemas/create-player-response.json#\",\"pointer\":\"/properties/gender\"}\n    instance: {\"pointer\":\"/gender\"}\n    domain: \"validation\"\n    keyword: \"type\"\n    found: \"null\"\n    expected: [\"string\"]\nerror: instance type (null) does not match any allowed primitive type (allowed: [\"string\"])\n    level: \"error\"\n    schema: {\"loadingURI\":\"file:/home/runner/work/player-service-taf/player-service-taf/player-service-test/target/test-classes/playerservice/schemas/create-player-response.json#\",\"pointer\":\"/properties/password\"}\n    instance: {\"pointer\":\"/password\"}\n    domain: \"validation\"\n    keyword: \"type\"\n    found: \"null\"\n    expected: [\"string\"]\nerror: instance type (null) does not match any allowed primitive type (allowed: [\"string\"])\n    level: \"error\"\n    schema: {\"loadingURI\":\"file:/home/runner/work/player-service-taf/player-service-taf/player-service-test/target/test-classes/playerservice/schemas/create-player-response.json#\",\"pointer\":\"/properties/role\"}\n    instance: {\"pointer\":\"/role\"}\n    domain: \"validation\"\n    keyword: \"type\"\n    found: \"null\"\n    expected: [\"string\"]\nerror: instance type (null) does not match any allowed primitive type (allowed: [\"string\"])\n    level: \"error\"\n    schema: {\"loadingURI\":\"file:/home/runner/work/player-service-taf/player-service-taf/player-service-test/target/test-classes/playerservice/schemas/create-player-response.json#\",\"pointer\":\"/properties/screenName\"}\n    instance: {\"pointer\":\"/screenName\"}\n    domain: \"validation\"\n    keyword: \"type\"\n    found: \"null\"\n    expected: [\"string\"]\n\n  Actual: {\"id\":1786336591,\"login\":\"Nick Ovtime\",\"password\":null,\"screenName\":null,\"gender\":null,\"age\":null,\"role\":null}\n","statusTrace":"java.lang.AssertionError: 1 expectation failed.\nResponse body doesn't match expectation.\nExpected: The content to match the given JSON schema.\nerror: instance type (null) does not match any allowed primitive type (allowed: [\"integer\"])\n    level: \"error\"\n    schema: {\"loadingURI\":\"file:/home/runner/work/player-service-taf/player-service-taf/player-service-test/target/test-classes/playerservice/schemas/create-player-response.json#\",\"pointer\":\"/properties/age\"}\n    instance: {\"pointer\":\"/age\"}\n    domain: \"validation\"\n    keyword: \"type\"\n    found: \"null\"\n    expected: [\"integer\"]\nerror: instance type (null) does not match any allowed primitive type (allowed: [\"string\"])\n    level: \"error\"\n    schema: {\"loadingURI\":\"file:/home/runner/work/player-service-taf/player-service-taf/player-service-test/target/test-classes/playerservice/schemas/create-player-response.json#\",\"pointer\":\"/properties/gender\"}\n    instance: {\"pointer\":\"/gender\"}\n    domain: \"validation\"\n    keyword: \"type\"\n    found: \"null\"\n    expected: [\"string\"]\nerror: instance type (null) does not match any allowed primitive type (allowed: [\"string\"])\n    level: \"error\"\n    schema: {\"loadingURI\":\"file:/home/runner/work/player-service-taf/player-service-taf/player-service-test/target/test-classes/playerservice/schemas/create-player-response.json#\",\"pointer\":\"/properties/password\"}\n    instance: {\"pointer\":\"/password\"}\n    domain: \"validation\"\n    keyword: \"type\"\n    found: \"null\"\n    expected: [\"string\"]\nerror: instance type (null) does not match any allowed primitive type (allowed: [\"string\"])\n    level: \"error\"\n    schema: {\"loadingURI\":\"file:/home/runner/work/player-service-taf/player-service-taf/player-service-test/target/test-classes/playerservice/schemas/create-player-response.json#\",\"pointer\":\"/properties/role\"}\n    instance: {\"pointer\":\"/role\"}\n    domain: \"validation\"\n    keyword: \"type\"\n    found: \"null\"\n    expected: [\"string\"]\nerror: instance type (null) does not match any allowed primitive type (allowed: [\"string\"])\n    level: \"error\"\n    schema: {\"loadingURI\":\"file:/home/runner/work/player-service-taf/player-service-taf/player-service-test/target/test-classes/playerservice/schemas/create-player-response.json#\",\"pointer\":\"/properties/screenName\"}\n    instance: {\"pointer\":\"/screenName\"}\n    domain: \"validation\"\n    keyword: \"type\"\n    found: \"null\"\n    expected: [\"string\"]\n\n  Actual: {\"id\":1786336591,\"login\":\"Nick Ovtime\",\"password\":null,\"screenName\":null,\"gender\":null,\"age\":null,\"role\":null}\n\n\tat java.base/jdk.internal.reflect.NativeConstructorAccessorImpl.newInstance0(Native Method)\n\tat java.base/jdk.internal.reflect.NativeConstructorAccessorImpl.newInstance(NativeConstructorAccessorImpl.java:62)\n\tat java.base/jdk.internal.reflect.DelegatingConstructorAccessorImpl.newInstance(DelegatingConstructorAccessorImpl.java:45)\n\tat java.base/java.lang.reflect.Constructor.newInstance(Constructor.java:490)\n\tat org.codehaus.groovy.reflection.CachedConstructor.invoke(CachedConstructor.java:72)\n\tat org.codehaus.groovy.reflection.CachedConstructor.doConstructorInvoke(CachedConstructor.java:59)\n\tat org.codehaus.groovy.runtime.callsite.ConstructorSite$ConstructorSiteNoUnwrap.callConstructor(ConstructorSite.java:84)\n\tat org.codehaus.groovy.runtime.callsite.CallSiteArray.defaultCallConstructor(CallSiteArray.java:59)\n\tat org.codehaus.groovy.runtime.callsite.AbstractCallSite.callConstructor(AbstractCallSite.java:263)\n\tat org.codehaus.groovy.runtime.callsite.AbstractCallSite.callConstructor(AbstractCallSite.java:277)\n\tat io.restassured.internal.ResponseSpecificationImpl$HamcrestAssertionClosure.validate(ResponseSpecificationImpl.groovy:512)\n\tat io.restassured.internal.ResponseSpecificationImpl$HamcrestAssertionClosure$validate$6.call(Unknown Source)\n\tat io.restassured.internal.ResponseSpecificationImpl.validateResponseIfRequired(ResponseSpecificationImpl.groovy:696)\n\tat io.restassured.internal.ResponseSpecificationImpl.this$2$validateResponseIfRequired(ResponseSpecificationImpl.groovy)\n\tat java.base/jdk.internal.reflect.NativeMethodAccessorImpl.invoke0(Native Method)\n\tat java.base/jdk.internal.reflect.NativeMethodAccessorImpl.invoke(NativeMethodAccessorImpl.java:62)\n\tat java.base/jdk.internal.reflect.DelegatingMethodAccessorImpl.invoke(DelegatingMethodAccessorImpl.java:43)\n\tat java.base/java.lang.reflect.Method.invoke(Method.java:566)\n\tat org.codehaus.groovy.runtime.callsite.PlainObjectMetaMethodSite.doInvoke(PlainObjectMetaMethodSite.java:48)\n\tat org.codehaus.groovy.runtime.callsite.PogoMetaMethodSite$PogoCachedMethodSiteNoUnwrapNoCoerce.invoke(PogoMetaMethodSite.java:189)\n\tat org.codehaus.groovy.runtime.callsite.PogoMetaMethodSite.callCurrent(PogoMetaMethodSite.java:57)\n\tat org.codehaus.groovy.runtime.callsite.AbstractCallSite.callCurrent(AbstractCallSite.java:185)\n\tat org.codehaus.groovy.runtime.callsite.AbstractCallSite.callCurrent(AbstractCallSite.java:183)\n\tat io.restassured.internal.ResponseSpecificationImpl.body(ResponseSpecificationImpl.groovy:107)\n\tat io.restassured.internal.ValidatableResponseOptionsImpl.body(ValidatableResponseOptionsImpl.java:238)\n\tat com.companyname.assertions.TestAssertions.assertResponseMatchesJsonSchema(TestAssertions.java:24)\n\tat com.companyname.playerservice.functionaltests.create.CreatePlayerTests.testPlayerWithAllFieldsCanBeCreated(CreatePlayerTests.java:37)\n\tat java.base/jdk.internal.reflect.NativeMethodAccessorImpl.invoke0(Native Method)\n\tat java.base/jdk.internal.reflect.NativeMethodAccessorImpl.invoke(NativeMethodAccessorImpl.java:62)\n\tat java.base/jdk.internal.reflect.DelegatingMethodAccessorImpl.invoke(DelegatingMethodAccessorImpl.java:43)\n\tat java.base/java.lang.reflect.Method.invoke(Method.java:566)\n\tat org.testng.internal.MethodInvocationHelper.invokeMethod(MethodInvocationHelper.java:124)\n\tat org.testng.internal.Invoker.invokeMethod(Invoker.java:583)\n\tat org.testng.internal.Invoker.invokeTestMethod(Invoker.java:719)\n\tat org.testng.internal.Invoker.invokeTestMethods(Invoker.java:989)\n\tat org.testng.internal.TestMethodWorker.invokeTestMethods(TestMethodWorker.java:125)\n\tat org.testng.internal.TestMethodWorker.run(TestMethodWorker.java:109)\n\tat java.base/java.util.concurrent.ThreadPoolExecutor.runWorker(ThreadPoolExecutor.java:1128)\n\tat java.base/java.util.concurrent.ThreadPoolExecutor$Worker.run(ThreadPoolExecutor.java:628)\n\tat java.base/java.lang.Thread.run(Thread.java:829)\n","steps":[{"name":"Execute GET request to CREATE player","time":{"start":1728002757618,"stop":1728002759752,"duration":2134},"status":"passed","steps":[],"attachments":[{"uid":"73dd26d7acf890f5","name":"Request","source":"73dd26d7acf890f5.html","type":"text/html","size":603},{"uid":"ffc9e088fe53e4a4","name":"HTTP/1.1 200 ","source":"ffc9e088fe53e4a4.html","type":"text/html","size":604}],"parameters":[{"name":"editor","value":"supervisor"},{"name":"player","value":"PlayerCreateRequestDTO(age=42, editor=supervisor, gender=Male, login=Nick Ovtime, password=HZyBhEi8JDqB, role=user, screenName=ndgjd)"}],"shouldDisplayMessage":false,"stepsCount":0,"attachmentsCount":2,"hasContent":true},{"name":"Assert response HTTP Status code is: 200","time":{"start":1728002759955,"stop":1728002761006,"duration":1051},"status":"passed","steps":[{"name":"assertThat '200'","time":{"start":1728002760997,"stop":1728002760997,"duration":0},"status":"passed","steps":[],"attachments":[],"parameters":[],"shouldDisplayMessage":false,"stepsCount":0,"attachmentsCount":0,"hasContent":false},{"name":"as 'Verify status code is 200 []'","time":{"start":1728002761004,"stop":1728002761006,"duration":2},"status":"passed","steps":[{"name":"describedAs 'Verify status code is 200'","time":{"start":1728002761006,"stop":1728002761006,"duration":0},"status":"passed","steps":[],"attachments":[],"parameters":[],"shouldDisplayMessage":false,"stepsCount":0,"attachmentsCount":0,"hasContent":false}],"attachments":[],"parameters":[],"shouldDisplayMessage":false,"stepsCount":1,"attachmentsCount":0,"hasContent":true},{"name":"isEqualTo '200'","time":{"start":1728002761006,"stop":1728002761006,"duration":0},"status":"passed","steps":[],"attachments":[],"parameters":[],"shouldDisplayMessage":false,"stepsCount":0,"attachmentsCount":0,"hasContent":false}],"attachments":[],"parameters":[{"name":"response","value":"io.restassured.internal.ValidatableResponseImpl@41d6bf0d"},{"name":"expectedStatusCode","value":"200"}],"shouldDisplayMessage":false,"stepsCount":4,"attachmentsCount":0,"hasContent":true},{"name":"Assert response matches JSON schema: playerservice/schemas/create-player-response.json","time":{"start":1728002761008,"stop":1728002761905,"duration":897},"status":"failed","statusMessage":"1 expectation failed.\nResponse body doesn't match expectation.\nExpected: The content to match the given JSON schema.\nerror: instance type (null) does not match any allowed primitive type (allowed: [\"integer\"])\n    level: \"error\"\n    schema: {\"loadingURI\":\"file:/home/runner/work/player-service-taf/player-service-taf/player-service-test/target/test-classes/playerservice/schemas/create-player-response.json#\",\"pointer\":\"/properties/age\"}\n    instance: {\"pointer\":\"/age\"}\n    domain: \"validation\"\n    keyword: \"type\"\n    found: \"null\"\n    expected: [\"integer\"]\nerror: instance type (null) does not match any allowed primitive type (allowed: [\"string\"])\n    level: \"error\"\n    schema: {\"loadingURI\":\"file:/home/runner/work/player-service-taf/player-service-taf/player-service-test/target/test-classes/playerservice/schemas/create-player-response.json#\",\"pointer\":\"/properties/gender\"}\n    instance: {\"pointer\":\"/gender\"}\n    domain: \"validation\"\n    keyword: \"type\"\n    found: \"null\"\n    expected: [\"string\"]\nerror: instance type (null) does not match any allowed primitive type (allowed: [\"string\"])\n    level: \"error\"\n    schema: {\"loadingURI\":\"file:/home/runner/work/player-service-taf/player-service-taf/player-service-test/target/test-classes/playerservice/schemas/create-player-response.json#\",\"pointer\":\"/properties/password\"}\n    instance: {\"pointer\":\"/password\"}\n    domain: \"validation\"\n    keyword: \"type\"\n    found: \"null\"\n    expected: [\"string\"]\nerror: instance type (null) does not match any allowed primitive type (allowed: [\"string\"])\n    level: \"error\"\n    schema: {\"loadingURI\":\"file:/home/runner/work/player-service-taf/player-service-taf/player-service-test/target/test-classes/playerservice/schemas/create-player-response.json#\",\"pointer\":\"/properties/role\"}\n    instance: {\"pointer\":\"/role\"}\n    domain: \"validation\"\n    keyword: \"type\"\n    found: \"null\"\n    expected: [\"string\"]\nerror: instance type (null) does not match any allowed primitive type (allowed: [\"string\"])\n    level: \"error\"\n    schema: {\"loadingURI\":\"file:/home/runner/work/player-service-taf/player-service-taf/player-service-test/target/test-classes/playerservice/schemas/create-player-response.json#\",\"pointer\":\"/properties/screenName\"}\n    instance: {\"pointer\":\"/screenName\"}\n    domain: \"validation\"\n    keyword: \"type\"\n    found: \"null\"\n    expected: [\"string\"]\n\n  Actual: {\"id\":1786336591,\"login\":\"Nick Ovtime\",\"password\":null,\"screenName\":null,\"gender\":null,\"age\":null,\"role\":null}\n","statusTrace":"java.lang.AssertionError: 1 expectation failed.\nResponse body doesn't match expectation.\nExpected: The content to match the given JSON schema.\nerror: instance type (null) does not match any allowed primitive type (allowed: [\"integer\"])\n    level: \"error\"\n    schema: {\"loadingURI\":\"file:/home/runner/work/player-service-taf/player-service-taf/player-service-test/target/test-classes/playerservice/schemas/create-player-response.json#\",\"pointer\":\"/properties/age\"}\n    instance: {\"pointer\":\"/age\"}\n    domain: \"validation\"\n    keyword: \"type\"\n    found: \"null\"\n    expected: [\"integer\"]\nerror: instance type (null) does not match any allowed primitive type (allowed: [\"string\"])\n    level: \"error\"\n    schema: {\"loadingURI\":\"file:/home/runner/work/player-service-taf/player-service-taf/player-service-test/target/test-classes/playerservice/schemas/create-player-response.json#\",\"pointer\":\"/properties/gender\"}\n    instance: {\"pointer\":\"/gender\"}\n    domain: \"validation\"\n    keyword: \"type\"\n    found: \"null\"\n    expected: [\"string\"]\nerror: instance type (null) does not match any allowed primitive type (allowed: [\"string\"])\n    level: \"error\"\n    schema: {\"loadingURI\":\"file:/home/runner/work/player-service-taf/player-service-taf/player-service-test/target/test-classes/playerservice/schemas/create-player-response.json#\",\"pointer\":\"/properties/password\"}\n    instance: {\"pointer\":\"/password\"}\n    domain: \"validation\"\n    keyword: \"type\"\n    found: \"null\"\n    expected: [\"string\"]\nerror: instance type (null) does not match any allowed primitive type (allowed: [\"string\"])\n    level: \"error\"\n    schema: {\"loadingURI\":\"file:/home/runner/work/player-service-taf/player-service-taf/player-service-test/target/test-classes/playerservice/schemas/create-player-response.json#\",\"pointer\":\"/properties/role\"}\n    instance: {\"pointer\":\"/role\"}\n    domain: \"validation\"\n    keyword: \"type\"\n    found: \"null\"\n    expected: [\"string\"]\nerror: instance type (null) does not match any allowed primitive type (allowed: [\"string\"])\n    level: \"error\"\n    schema: {\"loadingURI\":\"file:/home/runner/work/player-service-taf/player-service-taf/player-service-test/target/test-classes/playerservice/schemas/create-player-response.json#\",\"pointer\":\"/properties/screenName\"}\n    instance: {\"pointer\":\"/screenName\"}\n    domain: \"validation\"\n    keyword: \"type\"\n    found: \"null\"\n    expected: [\"string\"]\n\n  Actual: {\"id\":1786336591,\"login\":\"Nick Ovtime\",\"password\":null,\"screenName\":null,\"gender\":null,\"age\":null,\"role\":null}\n\n\tat java.base/jdk.internal.reflect.NativeConstructorAccessorImpl.newInstance0(Native Method)\n\tat java.base/jdk.internal.reflect.NativeConstructorAccessorImpl.newInstance(NativeConstructorAccessorImpl.java:62)\n\tat java.base/jdk.internal.reflect.DelegatingConstructorAccessorImpl.newInstance(DelegatingConstructorAccessorImpl.java:45)\n\tat java.base/java.lang.reflect.Constructor.newInstance(Constructor.java:490)\n\tat org.codehaus.groovy.reflection.CachedConstructor.invoke(CachedConstructor.java:72)\n\tat org.codehaus.groovy.reflection.CachedConstructor.doConstructorInvoke(CachedConstructor.java:59)\n\tat org.codehaus.groovy.runtime.callsite.ConstructorSite$ConstructorSiteNoUnwrap.callConstructor(ConstructorSite.java:84)\n\tat org.codehaus.groovy.runtime.callsite.CallSiteArray.defaultCallConstructor(CallSiteArray.java:59)\n\tat org.codehaus.groovy.runtime.callsite.AbstractCallSite.callConstructor(AbstractCallSite.java:263)\n\tat org.codehaus.groovy.runtime.callsite.AbstractCallSite.callConstructor(AbstractCallSite.java:277)\n\tat io.restassured.internal.ResponseSpecificationImpl$HamcrestAssertionClosure.validate(ResponseSpecificationImpl.groovy:512)\n\tat io.restassured.internal.ResponseSpecificationImpl$HamcrestAssertionClosure$validate$6.call(Unknown Source)\n\tat io.restassured.internal.ResponseSpecificationImpl.validateResponseIfRequired(ResponseSpecificationImpl.groovy:696)\n\tat io.restassured.internal.ResponseSpecificationImpl.this$2$validateResponseIfRequired(ResponseSpecificationImpl.groovy)\n\tat java.base/jdk.internal.reflect.NativeMethodAccessorImpl.invoke0(Native Method)\n\tat java.base/jdk.internal.reflect.NativeMethodAccessorImpl.invoke(NativeMethodAccessorImpl.java:62)\n\tat java.base/jdk.internal.reflect.DelegatingMethodAccessorImpl.invoke(DelegatingMethodAccessorImpl.java:43)\n\tat java.base/java.lang.reflect.Method.invoke(Method.java:566)\n\tat org.codehaus.groovy.runtime.callsite.PlainObjectMetaMethodSite.doInvoke(PlainObjectMetaMethodSite.java:48)\n\tat org.codehaus.groovy.runtime.callsite.PogoMetaMethodSite$PogoCachedMethodSiteNoUnwrapNoCoerce.invoke(PogoMetaMethodSite.java:189)\n\tat org.codehaus.groovy.runtime.callsite.PogoMetaMethodSite.callCurrent(PogoMetaMethodSite.java:57)\n\tat org.codehaus.groovy.runtime.callsite.AbstractCallSite.callCurrent(AbstractCallSite.java:185)\n\tat org.codehaus.groovy.runtime.callsite.AbstractCallSite.callCurrent(AbstractCallSite.java:183)\n\tat io.restassured.internal.ResponseSpecificationImpl.body(ResponseSpecificationImpl.groovy:107)\n\tat io.restassured.internal.ValidatableResponseOptionsImpl.body(ValidatableResponseOptionsImpl.java:238)\n\tat com.companyname.assertions.TestAssertions.assertResponseMatchesJsonSchema(TestAssertions.java:24)\n\tat com.companyname.playerservice.functionaltests.create.CreatePlayerTests.testPlayerWithAllFieldsCanBeCreated(CreatePlayerTests.java:37)\n\tat java.base/jdk.internal.reflect.NativeMethodAccessorImpl.invoke0(Native Method)\n\tat java.base/jdk.internal.reflect.NativeMethodAccessorImpl.invoke(NativeMethodAccessorImpl.java:62)\n\tat java.base/jdk.internal.reflect.DelegatingMethodAccessorImpl.invoke(DelegatingMethodAccessorImpl.java:43)\n\tat java.base/java.lang.reflect.Method.invoke(Method.java:566)\n\tat org.testng.internal.MethodInvocationHelper.invokeMethod(MethodInvocationHelper.java:124)\n\tat org.testng.internal.Invoker.invokeMethod(Invoker.java:583)\n\tat org.testng.internal.Invoker.invokeTestMethod(Invoker.java:719)\n\tat org.testng.internal.Invoker.invokeTestMethods(Invoker.java:989)\n\tat org.testng.internal.TestMethodWorker.invokeTestMethods(TestMethodWorker.java:125)\n\tat org.testng.internal.TestMethodWorker.run(TestMethodWorker.java:109)\n\tat java.base/java.util.concurrent.ThreadPoolExecutor.runWorker(ThreadPoolExecutor.java:1128)\n\tat java.base/java.util.concurrent.ThreadPoolExecutor$Worker.run(ThreadPoolExecutor.java:628)\n\tat java.base/java.lang.Thread.run(Thread.java:829)\n","steps":[],"attachments":[],"parameters":[{"name":"response","value":"io.restassured.internal.ValidatableResponseImpl@41d6bf0d"},{"name":"schemaPath","value":"playerservice/schemas/create-player-response.json"}],"shouldDisplayMessage":true,"stepsCount":0,"attachmentsCount":0,"hasContent":true}],"attachments":[],"parameters":[],"shouldDisplayMessage":false,"stepsCount":7,"attachmentsCount":2,"hasContent":true},"afterStages":[{"name":"cleanupTest","time":{"start":1728002761933,"stop":1728002762298,"duration":365},"description":"","status":"passed","steps":[{"name":"Execute DELETE request to DELETE player","time":{"start":1728002761933,"stop":1728002762298,"duration":365},"status":"passed","steps":[],"attachments":[{"uid":"34b72001a19d9b73","name":"Request","source":"34b72001a19d9b73.html","type":"text/html","size":516},{"uid":"11372c4d4d637b81","name":"HTTP/1.1 204 ","source":"11372c4d4d637b81.html","type":"text/html","size":275}],"parameters":[{"name":"editor","value":"supervisor"},{"name":"id","value":"1786336591"}],"shouldDisplayMessage":false,"stepsCount":0,"attachmentsCount":2,"hasContent":true}],"attachments":[],"parameters":[],"shouldDisplayMessage":false,"stepsCount":1,"attachmentsCount":2,"hasContent":true}],"labels":[{"name":"package","value":"com.companyname.playerservice.functionaltests.create.CreatePlayerTests"},{"name":"testClass","value":"com.companyname.playerservice.functionaltests.create.CreatePlayerTests"},{"name":"testMethod","value":"testPlayerWithAllFieldsCanBeCreated"},{"name":"parentSuite","value":"Surefire suite"},{"name":"suite","value":"Surefire test"},{"name":"subSuite","value":"com.companyname.playerservice.functionaltests.create.CreatePlayerTests"},{"name":"host","value":"fv-az568-841"},{"name":"thread","value":"2221@fv-az568-841.TestNG-test=Surefire test-4(18)"},{"name":"framework","value":"testng"},{"name":"language","value":"java"},{"name":"tag","value":"SMOKE"},{"name":"epic","value":"Player service implementation"},{"name":"feature","value":"Create Player"},{"name":"story","value":"Admin or Supervisor is able to create Player"},{"name":"severity","value":"critical"},{"name":"resultFormat","value":"allure2"}],"parameters":[{"name":"arg0","value":"supervisor"}],"links":[{"name":"PS-1234","type":"issue"},{"name":"PS-321","type":"tms"},{"name":"PS-1235","type":"issue"}],"hidden":false,"retry":false,"extra":{"severity":"critical","retries":[],"categories":[{"name":"Product defects","matchedStatuses":[],"flaky":false}],"tags":["SMOKE"]},"source":"3b27f4cc14ac13a5.json","parameterValues":["supervisor"]}