{"uid":"6132b45a7d953305","name":"testGetAllPlayersRequest","fullName":"com.companyname.playerservice.functionaltests.get.GetAllPlayersTests.testGetAllPlayersRequest","historyId":"322eec98b0e61e98843cde40013a4cdc","time":{"start":1728569925118,"stop":1728569925339,"duration":221},"description":"Verify that GET All players call returns data as expected","descriptionHtml":"<p>Verify that GET All players call returns data as expected</p>\n","status":"failed","statusMessage":"1 expectation failed.\nResponse body doesn't match expectation.\nExpected: The content to match the given JSON schema.\nerror: object has missing required properties ([\"role\"])\n    level: \"error\"\n    schema: {\"loadingURI\":\"file:/home/runner/work/player-service-taf/player-service-taf/player-service-test/target/test-classes/playerservice/schemas/get-all-players-response.json#\",\"pointer\":\"/properties/players/items\"}\n    instance: {\"pointer\":\"/players/0\"}\n    domain: \"validation\"\n    keyword: \"required\"\n    required: [\"age\",\"gender\",\"id\",\"role\",\"screenName\"]\n    missing: [\"role\"]\n\n  Actual: {\"players\":[{\"id\":1,\"screenName\":\"testSupervisor\",\"gender\":\"male\",\"age\":28}]}\n","statusTrace":"java.lang.AssertionError: 1 expectation failed.\nResponse body doesn't match expectation.\nExpected: The content to match the given JSON schema.\nerror: object has missing required properties ([\"role\"])\n    level: \"error\"\n    schema: {\"loadingURI\":\"file:/home/runner/work/player-service-taf/player-service-taf/player-service-test/target/test-classes/playerservice/schemas/get-all-players-response.json#\",\"pointer\":\"/properties/players/items\"}\n    instance: {\"pointer\":\"/players/0\"}\n    domain: \"validation\"\n    keyword: \"required\"\n    required: [\"age\",\"gender\",\"id\",\"role\",\"screenName\"]\n    missing: [\"role\"]\n\n  Actual: {\"players\":[{\"id\":1,\"screenName\":\"testSupervisor\",\"gender\":\"male\",\"age\":28}]}\n\n\tat java.base/jdk.internal.reflect.NativeConstructorAccessorImpl.newInstance0(Native Method)\n\tat java.base/jdk.internal.reflect.NativeConstructorAccessorImpl.newInstance(NativeConstructorAccessorImpl.java:62)\n\tat java.base/jdk.internal.reflect.DelegatingConstructorAccessorImpl.newInstance(DelegatingConstructorAccessorImpl.java:45)\n\tat java.base/java.lang.reflect.Constructor.newInstance(Constructor.java:490)\n\tat org.codehaus.groovy.reflection.CachedConstructor.invoke(CachedConstructor.java:72)\n\tat org.codehaus.groovy.reflection.CachedConstructor.doConstructorInvoke(CachedConstructor.java:59)\n\tat org.codehaus.groovy.runtime.callsite.ConstructorSite$ConstructorSiteNoUnwrap.callConstructor(ConstructorSite.java:84)\n\tat org.codehaus.groovy.runtime.callsite.AbstractCallSite.callConstructor(AbstractCallSite.java:277)\n\tat io.restassured.internal.ResponseSpecificationImpl$HamcrestAssertionClosure.validate(ResponseSpecificationImpl.groovy:512)\n\tat io.restassured.internal.ResponseSpecificationImpl$HamcrestAssertionClosure$validate$2.call(Unknown Source)\n\tat io.restassured.internal.ResponseSpecificationImpl.validateResponseIfRequired(ResponseSpecificationImpl.groovy:696)\n\tat io.restassured.internal.ResponseSpecificationImpl.this$2$validateResponseIfRequired(ResponseSpecificationImpl.groovy)\n\tat java.base/jdk.internal.reflect.NativeMethodAccessorImpl.invoke0(Native Method)\n\tat java.base/jdk.internal.reflect.NativeMethodAccessorImpl.invoke(NativeMethodAccessorImpl.java:62)\n\tat java.base/jdk.internal.reflect.DelegatingMethodAccessorImpl.invoke(DelegatingMethodAccessorImpl.java:43)\n\tat java.base/java.lang.reflect.Method.invoke(Method.java:566)\n\tat org.codehaus.groovy.runtime.callsite.PlainObjectMetaMethodSite.doInvoke(PlainObjectMetaMethodSite.java:48)\n\tat org.codehaus.groovy.runtime.callsite.PogoMetaMethodSite$PogoCachedMethodSiteNoUnwrapNoCoerce.invoke(PogoMetaMethodSite.java:189)\n\tat org.codehaus.groovy.runtime.callsite.PogoMetaMethodSite.callCurrent(PogoMetaMethodSite.java:57)\n\tat org.codehaus.groovy.runtime.callsite.AbstractCallSite.callCurrent(AbstractCallSite.java:185)\n\tat io.restassured.internal.ResponseSpecificationImpl.body(ResponseSpecificationImpl.groovy:107)\n\tat io.restassured.internal.ValidatableResponseOptionsImpl.body(ValidatableResponseOptionsImpl.java:238)\n\tat com.companyname.assertions.TestAssertions.assertResponseMatchesJsonSchema(TestAssertions.java:24)\n\tat com.companyname.playerservice.functionaltests.get.GetAllPlayersTests.testGetAllPlayersRequest(GetAllPlayersTests.java:26)\n\tat java.base/jdk.internal.reflect.NativeMethodAccessorImpl.invoke0(Native Method)\n\tat java.base/jdk.internal.reflect.NativeMethodAccessorImpl.invoke(NativeMethodAccessorImpl.java:62)\n\tat java.base/jdk.internal.reflect.DelegatingMethodAccessorImpl.invoke(DelegatingMethodAccessorImpl.java:43)\n\tat java.base/java.lang.reflect.Method.invoke(Method.java:566)\n\tat org.testng.internal.MethodInvocationHelper.invokeMethod(MethodInvocationHelper.java:124)\n\tat org.testng.internal.Invoker.invokeMethod(Invoker.java:583)\n\tat org.testng.internal.Invoker.invokeTestMethod(Invoker.java:719)\n\tat org.testng.internal.Invoker.invokeTestMethods(Invoker.java:989)\n\tat org.testng.internal.TestMethodWorker.invokeTestMethods(TestMethodWorker.java:125)\n\tat org.testng.internal.TestMethodWorker.run(TestMethodWorker.java:109)\n\tat java.base/java.util.concurrent.ThreadPoolExecutor.runWorker(ThreadPoolExecutor.java:1128)\n\tat java.base/java.util.concurrent.ThreadPoolExecutor$Worker.run(ThreadPoolExecutor.java:628)\n\tat java.base/java.lang.Thread.run(Thread.java:829)\n","flaky":false,"newFailed":false,"newBroken":false,"newPassed":false,"retriesCount":0,"retriesStatusChange":false,"beforeStages":[{"name":"setupClass","time":{"start":1728569925115,"stop":1728569925115,"duration":0},"description":"","status":"passed","steps":[],"attachments":[],"parameters":[],"shouldDisplayMessage":false,"stepsCount":0,"attachmentsCount":0,"hasContent":false}],"testStage":{"description":"Verify that GET All players call returns data as expected","status":"failed","statusMessage":"1 expectation failed.\nResponse body doesn't match expectation.\nExpected: The content to match the given JSON schema.\nerror: object has missing required properties ([\"role\"])\n    level: \"error\"\n    schema: {\"loadingURI\":\"file:/home/runner/work/player-service-taf/player-service-taf/player-service-test/target/test-classes/playerservice/schemas/get-all-players-response.json#\",\"pointer\":\"/properties/players/items\"}\n    instance: {\"pointer\":\"/players/0\"}\n    domain: \"validation\"\n    keyword: \"required\"\n    required: [\"age\",\"gender\",\"id\",\"role\",\"screenName\"]\n    missing: [\"role\"]\n\n  Actual: {\"players\":[{\"id\":1,\"screenName\":\"testSupervisor\",\"gender\":\"male\",\"age\":28}]}\n","statusTrace":"java.lang.AssertionError: 1 expectation failed.\nResponse body doesn't match expectation.\nExpected: The content to match the given JSON schema.\nerror: object has missing required properties ([\"role\"])\n    level: \"error\"\n    schema: {\"loadingURI\":\"file:/home/runner/work/player-service-taf/player-service-taf/player-service-test/target/test-classes/playerservice/schemas/get-all-players-response.json#\",\"pointer\":\"/properties/players/items\"}\n    instance: {\"pointer\":\"/players/0\"}\n    domain: \"validation\"\n    keyword: \"required\"\n    required: [\"age\",\"gender\",\"id\",\"role\",\"screenName\"]\n    missing: [\"role\"]\n\n  Actual: {\"players\":[{\"id\":1,\"screenName\":\"testSupervisor\",\"gender\":\"male\",\"age\":28}]}\n\n\tat java.base/jdk.internal.reflect.NativeConstructorAccessorImpl.newInstance0(Native Method)\n\tat java.base/jdk.internal.reflect.NativeConstructorAccessorImpl.newInstance(NativeConstructorAccessorImpl.java:62)\n\tat java.base/jdk.internal.reflect.DelegatingConstructorAccessorImpl.newInstance(DelegatingConstructorAccessorImpl.java:45)\n\tat java.base/java.lang.reflect.Constructor.newInstance(Constructor.java:490)\n\tat org.codehaus.groovy.reflection.CachedConstructor.invoke(CachedConstructor.java:72)\n\tat org.codehaus.groovy.reflection.CachedConstructor.doConstructorInvoke(CachedConstructor.java:59)\n\tat org.codehaus.groovy.runtime.callsite.ConstructorSite$ConstructorSiteNoUnwrap.callConstructor(ConstructorSite.java:84)\n\tat org.codehaus.groovy.runtime.callsite.AbstractCallSite.callConstructor(AbstractCallSite.java:277)\n\tat io.restassured.internal.ResponseSpecificationImpl$HamcrestAssertionClosure.validate(ResponseSpecificationImpl.groovy:512)\n\tat io.restassured.internal.ResponseSpecificationImpl$HamcrestAssertionClosure$validate$2.call(Unknown Source)\n\tat io.restassured.internal.ResponseSpecificationImpl.validateResponseIfRequired(ResponseSpecificationImpl.groovy:696)\n\tat io.restassured.internal.ResponseSpecificationImpl.this$2$validateResponseIfRequired(ResponseSpecificationImpl.groovy)\n\tat java.base/jdk.internal.reflect.NativeMethodAccessorImpl.invoke0(Native Method)\n\tat java.base/jdk.internal.reflect.NativeMethodAccessorImpl.invoke(NativeMethodAccessorImpl.java:62)\n\tat java.base/jdk.internal.reflect.DelegatingMethodAccessorImpl.invoke(DelegatingMethodAccessorImpl.java:43)\n\tat java.base/java.lang.reflect.Method.invoke(Method.java:566)\n\tat org.codehaus.groovy.runtime.callsite.PlainObjectMetaMethodSite.doInvoke(PlainObjectMetaMethodSite.java:48)\n\tat org.codehaus.groovy.runtime.callsite.PogoMetaMethodSite$PogoCachedMethodSiteNoUnwrapNoCoerce.invoke(PogoMetaMethodSite.java:189)\n\tat org.codehaus.groovy.runtime.callsite.PogoMetaMethodSite.callCurrent(PogoMetaMethodSite.java:57)\n\tat org.codehaus.groovy.runtime.callsite.AbstractCallSite.callCurrent(AbstractCallSite.java:185)\n\tat io.restassured.internal.ResponseSpecificationImpl.body(ResponseSpecificationImpl.groovy:107)\n\tat io.restassured.internal.ValidatableResponseOptionsImpl.body(ValidatableResponseOptionsImpl.java:238)\n\tat com.companyname.assertions.TestAssertions.assertResponseMatchesJsonSchema(TestAssertions.java:24)\n\tat com.companyname.playerservice.functionaltests.get.GetAllPlayersTests.testGetAllPlayersRequest(GetAllPlayersTests.java:26)\n\tat java.base/jdk.internal.reflect.NativeMethodAccessorImpl.invoke0(Native Method)\n\tat java.base/jdk.internal.reflect.NativeMethodAccessorImpl.invoke(NativeMethodAccessorImpl.java:62)\n\tat java.base/jdk.internal.reflect.DelegatingMethodAccessorImpl.invoke(DelegatingMethodAccessorImpl.java:43)\n\tat java.base/java.lang.reflect.Method.invoke(Method.java:566)\n\tat org.testng.internal.MethodInvocationHelper.invokeMethod(MethodInvocationHelper.java:124)\n\tat org.testng.internal.Invoker.invokeMethod(Invoker.java:583)\n\tat org.testng.internal.Invoker.invokeTestMethod(Invoker.java:719)\n\tat org.testng.internal.Invoker.invokeTestMethods(Invoker.java:989)\n\tat org.testng.internal.TestMethodWorker.invokeTestMethods(TestMethodWorker.java:125)\n\tat org.testng.internal.TestMethodWorker.run(TestMethodWorker.java:109)\n\tat java.base/java.util.concurrent.ThreadPoolExecutor.runWorker(ThreadPoolExecutor.java:1128)\n\tat java.base/java.util.concurrent.ThreadPoolExecutor$Worker.run(ThreadPoolExecutor.java:628)\n\tat java.base/java.lang.Thread.run(Thread.java:829)\n","steps":[{"name":"Get all players","time":{"start":1728569925119,"stop":1728569925330,"duration":211},"status":"passed","steps":[{"name":"Execute GET request to GET all players","time":{"start":1728569925120,"stop":1728569925330,"duration":210},"status":"passed","steps":[],"attachments":[{"uid":"a24af462994a84fc","name":"Request","source":"a24af462994a84fc.html","type":"text/html","size":323},{"uid":"f0696fa4da7080ec","name":"HTTP/1.1 200 ","source":"f0696fa4da7080ec.html","type":"text/html","size":604}],"parameters":[],"shouldDisplayMessage":false,"stepsCount":0,"attachmentsCount":2,"hasContent":true}],"attachments":[],"parameters":[],"shouldDisplayMessage":false,"stepsCount":1,"attachmentsCount":2,"hasContent":true},{"name":"Assert response HTTP Status code is: 200","time":{"start":1728569925330,"stop":1728569925330,"duration":0},"status":"passed","steps":[{"name":"assertThat '200'","time":{"start":1728569925330,"stop":1728569925330,"duration":0},"status":"passed","steps":[],"attachments":[],"parameters":[],"shouldDisplayMessage":false,"stepsCount":0,"attachmentsCount":0,"hasContent":false},{"name":"as 'Verify status code is 200 []'","time":{"start":1728569925330,"stop":1728569925330,"duration":0},"status":"passed","steps":[{"name":"describedAs 'Verify status code is 200'","time":{"start":1728569925330,"stop":1728569925330,"duration":0},"status":"passed","steps":[],"attachments":[],"parameters":[],"shouldDisplayMessage":false,"stepsCount":0,"attachmentsCount":0,"hasContent":false}],"attachments":[],"parameters":[],"shouldDisplayMessage":false,"stepsCount":1,"attachmentsCount":0,"hasContent":true},{"name":"isEqualTo '200'","time":{"start":1728569925330,"stop":1728569925330,"duration":0},"status":"passed","steps":[],"attachments":[],"parameters":[],"shouldDisplayMessage":false,"stepsCount":0,"attachmentsCount":0,"hasContent":false}],"attachments":[],"parameters":[{"name":"response","value":"io.restassured.internal.ValidatableResponseImpl@7962b58f"},{"name":"expectedStatusCode","value":"200"}],"shouldDisplayMessage":false,"stepsCount":4,"attachmentsCount":0,"hasContent":true},{"name":"Assert response matches JSON schema: playerservice/schemas/get-all-players-response.json","time":{"start":1728569925330,"stop":1728569925339,"duration":9},"status":"failed","statusMessage":"1 expectation failed.\nResponse body doesn't match expectation.\nExpected: The content to match the given JSON schema.\nerror: object has missing required properties ([\"role\"])\n    level: \"error\"\n    schema: {\"loadingURI\":\"file:/home/runner/work/player-service-taf/player-service-taf/player-service-test/target/test-classes/playerservice/schemas/get-all-players-response.json#\",\"pointer\":\"/properties/players/items\"}\n    instance: {\"pointer\":\"/players/0\"}\n    domain: \"validation\"\n    keyword: \"required\"\n    required: [\"age\",\"gender\",\"id\",\"role\",\"screenName\"]\n    missing: [\"role\"]\n\n  Actual: {\"players\":[{\"id\":1,\"screenName\":\"testSupervisor\",\"gender\":\"male\",\"age\":28}]}\n","statusTrace":"java.lang.AssertionError: 1 expectation failed.\nResponse body doesn't match expectation.\nExpected: The content to match the given JSON schema.\nerror: object has missing required properties ([\"role\"])\n    level: \"error\"\n    schema: {\"loadingURI\":\"file:/home/runner/work/player-service-taf/player-service-taf/player-service-test/target/test-classes/playerservice/schemas/get-all-players-response.json#\",\"pointer\":\"/properties/players/items\"}\n    instance: {\"pointer\":\"/players/0\"}\n    domain: \"validation\"\n    keyword: \"required\"\n    required: [\"age\",\"gender\",\"id\",\"role\",\"screenName\"]\n    missing: [\"role\"]\n\n  Actual: {\"players\":[{\"id\":1,\"screenName\":\"testSupervisor\",\"gender\":\"male\",\"age\":28}]}\n\n\tat java.base/jdk.internal.reflect.NativeConstructorAccessorImpl.newInstance0(Native Method)\n\tat java.base/jdk.internal.reflect.NativeConstructorAccessorImpl.newInstance(NativeConstructorAccessorImpl.java:62)\n\tat java.base/jdk.internal.reflect.DelegatingConstructorAccessorImpl.newInstance(DelegatingConstructorAccessorImpl.java:45)\n\tat java.base/java.lang.reflect.Constructor.newInstance(Constructor.java:490)\n\tat org.codehaus.groovy.reflection.CachedConstructor.invoke(CachedConstructor.java:72)\n\tat org.codehaus.groovy.reflection.CachedConstructor.doConstructorInvoke(CachedConstructor.java:59)\n\tat org.codehaus.groovy.runtime.callsite.ConstructorSite$ConstructorSiteNoUnwrap.callConstructor(ConstructorSite.java:84)\n\tat org.codehaus.groovy.runtime.callsite.AbstractCallSite.callConstructor(AbstractCallSite.java:277)\n\tat io.restassured.internal.ResponseSpecificationImpl$HamcrestAssertionClosure.validate(ResponseSpecificationImpl.groovy:512)\n\tat io.restassured.internal.ResponseSpecificationImpl$HamcrestAssertionClosure$validate$2.call(Unknown Source)\n\tat io.restassured.internal.ResponseSpecificationImpl.validateResponseIfRequired(ResponseSpecificationImpl.groovy:696)\n\tat io.restassured.internal.ResponseSpecificationImpl.this$2$validateResponseIfRequired(ResponseSpecificationImpl.groovy)\n\tat java.base/jdk.internal.reflect.NativeMethodAccessorImpl.invoke0(Native Method)\n\tat java.base/jdk.internal.reflect.NativeMethodAccessorImpl.invoke(NativeMethodAccessorImpl.java:62)\n\tat java.base/jdk.internal.reflect.DelegatingMethodAccessorImpl.invoke(DelegatingMethodAccessorImpl.java:43)\n\tat java.base/java.lang.reflect.Method.invoke(Method.java:566)\n\tat org.codehaus.groovy.runtime.callsite.PlainObjectMetaMethodSite.doInvoke(PlainObjectMetaMethodSite.java:48)\n\tat org.codehaus.groovy.runtime.callsite.PogoMetaMethodSite$PogoCachedMethodSiteNoUnwrapNoCoerce.invoke(PogoMetaMethodSite.java:189)\n\tat org.codehaus.groovy.runtime.callsite.PogoMetaMethodSite.callCurrent(PogoMetaMethodSite.java:57)\n\tat org.codehaus.groovy.runtime.callsite.AbstractCallSite.callCurrent(AbstractCallSite.java:185)\n\tat io.restassured.internal.ResponseSpecificationImpl.body(ResponseSpecificationImpl.groovy:107)\n\tat io.restassured.internal.ValidatableResponseOptionsImpl.body(ValidatableResponseOptionsImpl.java:238)\n\tat com.companyname.assertions.TestAssertions.assertResponseMatchesJsonSchema(TestAssertions.java:24)\n\tat com.companyname.playerservice.functionaltests.get.GetAllPlayersTests.testGetAllPlayersRequest(GetAllPlayersTests.java:26)\n\tat java.base/jdk.internal.reflect.NativeMethodAccessorImpl.invoke0(Native Method)\n\tat java.base/jdk.internal.reflect.NativeMethodAccessorImpl.invoke(NativeMethodAccessorImpl.java:62)\n\tat java.base/jdk.internal.reflect.DelegatingMethodAccessorImpl.invoke(DelegatingMethodAccessorImpl.java:43)\n\tat java.base/java.lang.reflect.Method.invoke(Method.java:566)\n\tat org.testng.internal.MethodInvocationHelper.invokeMethod(MethodInvocationHelper.java:124)\n\tat org.testng.internal.Invoker.invokeMethod(Invoker.java:583)\n\tat org.testng.internal.Invoker.invokeTestMethod(Invoker.java:719)\n\tat org.testng.internal.Invoker.invokeTestMethods(Invoker.java:989)\n\tat org.testng.internal.TestMethodWorker.invokeTestMethods(TestMethodWorker.java:125)\n\tat org.testng.internal.TestMethodWorker.run(TestMethodWorker.java:109)\n\tat java.base/java.util.concurrent.ThreadPoolExecutor.runWorker(ThreadPoolExecutor.java:1128)\n\tat java.base/java.util.concurrent.ThreadPoolExecutor$Worker.run(ThreadPoolExecutor.java:628)\n\tat java.base/java.lang.Thread.run(Thread.java:829)\n","steps":[],"attachments":[],"parameters":[{"name":"response","value":"io.restassured.internal.ValidatableResponseImpl@7962b58f"},{"name":"schemaPath","value":"playerservice/schemas/get-all-players-response.json"}],"shouldDisplayMessage":true,"stepsCount":0,"attachmentsCount":0,"hasContent":true}],"attachments":[],"parameters":[],"shouldDisplayMessage":false,"stepsCount":8,"attachmentsCount":2,"hasContent":true},"afterStages":[],"labels":[{"name":"package","value":"com.companyname.playerservice.functionaltests.get.GetAllPlayersTests"},{"name":"testClass","value":"com.companyname.playerservice.functionaltests.get.GetAllPlayersTests"},{"name":"testMethod","value":"testGetAllPlayersRequest"},{"name":"parentSuite","value":"Surefire suite"},{"name":"suite","value":"Surefire test"},{"name":"subSuite","value":"com.companyname.playerservice.functionaltests.get.GetAllPlayersTests"},{"name":"host","value":"fv-az1251-122"},{"name":"thread","value":"2175@fv-az1251-122.TestNG-test=Surefire test-3(17)"},{"name":"framework","value":"testng"},{"name":"language","value":"java"},{"name":"tag","value":"SMOKE"},{"name":"tag","value":"BUG"},{"name":"epic","value":"Player service implementation"},{"name":"story","value":"API consumer is able to get all Players"},{"name":"feature","value":"Get Player"},{"name":"severity","value":"critical"},{"name":"resultFormat","value":"allure2"}],"parameters":[],"links":[{"name":"PS-320","type":"tms"},{"name":"PS-12350","type":"issue"}],"hidden":false,"retry":false,"extra":{"severity":"critical","retries":[],"categories":[{"name":"Product defects","matchedStatuses":[],"flaky":false}],"history":{"statistic":{"failed":108,"broken":0,"skipped":0,"passed":0,"unknown":0,"total":108},"items":[{"uid":"dc323f23718b9805","reportUrl":"https://Dmytro-Vusyk.github.io/player-service-taf/91//#testresult/dc323f23718b9805","status":"failed","statusDetails":"1 expectation failed.\nResponse body doesn't match expectation.\nExpected: The content to match the given JSON schema.\nerror: object has missing required properties ([\"role\"])\n    level: \"error\"\n    schema: {\"loadingURI\":\"file:/home/runner/work/player-service-taf/player-service-taf/player-service-test/target/test-classes/playerservice/schemas/get-all-players-response.json#\",\"pointer\":\"/properties/players/items\"}\n    instance: {\"pointer\":\"/players/0\"}\n    domain: \"validation\"\n    keyword: \"required\"\n    required: [\"age\",\"gender\",\"id\",\"role\",\"screenName\"]\n    missing: [\"role\"]\n\n  Actual: {\"players\":[{\"id\":1,\"screenName\":\"testSupervisor\",\"gender\":\"male\",\"age\":28}]}\n","time":{"start":1728566816398,"stop":1728566816741,"duration":343}},{"uid":"8d75f24f2c5f97bc","reportUrl":"https://Dmytro-Vusyk.github.io/player-service-taf/90//#testresult/8d75f24f2c5f97bc","status":"failed","statusDetails":"1 expectation failed.\nResponse body doesn't match expectation.\nExpected: The content to match the given JSON schema.\nerror: object has missing required properties ([\"role\"])\n    level: \"error\"\n    schema: {\"loadingURI\":\"file:/home/runner/work/player-service-taf/player-service-taf/player-service-test/target/test-classes/playerservice/schemas/get-all-players-response.json#\",\"pointer\":\"/properties/players/items\"}\n    instance: {\"pointer\":\"/players/0\"}\n    domain: \"validation\"\n    keyword: \"required\"\n    required: [\"age\",\"gender\",\"id\",\"role\",\"screenName\"]\n    missing: [\"role\"]\n\n  Actual: {\"players\":[{\"id\":1,\"screenName\":\"testSupervisor\",\"gender\":\"male\",\"age\":28}]}\n","time":{"start":1728563864572,"stop":1728563864788,"duration":216}},{"uid":"6082c0a69de2b661","reportUrl":"https://Dmytro-Vusyk.github.io/player-service-taf/89//#testresult/6082c0a69de2b661","status":"failed","statusDetails":"1 expectation failed.\nResponse body doesn't match expectation.\nExpected: The content to match the given JSON schema.\nerror: object has missing required properties ([\"role\"])\n    level: \"error\"\n    schema: {\"loadingURI\":\"file:/home/runner/work/player-service-taf/player-service-taf/player-service-test/target/test-classes/playerservice/schemas/get-all-players-response.json#\",\"pointer\":\"/properties/players/items\"}\n    instance: {\"pointer\":\"/players/0\"}\n    domain: \"validation\"\n    keyword: \"required\"\n    required: [\"age\",\"gender\",\"id\",\"role\",\"screenName\"]\n    missing: [\"role\"]\n\n  Actual: {\"players\":[{\"id\":1,\"screenName\":\"testSupervisor\",\"gender\":\"male\",\"age\":28}]}\n","time":{"start":1728559023573,"stop":1728559023804,"duration":231}},{"uid":"32e10488386ec8c","reportUrl":"https://Dmytro-Vusyk.github.io/player-service-taf/88//#testresult/32e10488386ec8c","status":"failed","statusDetails":"1 expectation failed.\nResponse body doesn't match expectation.\nExpected: The content to match the given JSON schema.\nerror: object has missing required properties ([\"role\"])\n    level: \"error\"\n    schema: {\"loadingURI\":\"file:/home/runner/work/player-service-taf/player-service-taf/player-service-test/target/test-classes/playerservice/schemas/get-all-players-response.json#\",\"pointer\":\"/properties/players/items\"}\n    instance: {\"pointer\":\"/players/0\"}\n    domain: \"validation\"\n    keyword: \"required\"\n    required: [\"age\",\"gender\",\"id\",\"role\",\"screenName\"]\n    missing: [\"role\"]\n\n  Actual: {\"players\":[{\"id\":1,\"screenName\":\"testSupervisor\",\"gender\":\"male\",\"age\":28}]}\n","time":{"start":1728555633796,"stop":1728555634055,"duration":259}},{"uid":"c5f796ba7bea5fa0","reportUrl":"https://Dmytro-Vusyk.github.io/player-service-taf/87//#testresult/c5f796ba7bea5fa0","status":"failed","statusDetails":"1 expectation failed.\nResponse body doesn't match expectation.\nExpected: The content to match the given JSON schema.\nerror: object has missing required properties ([\"role\"])\n    level: \"error\"\n    schema: {\"loadingURI\":\"file:/home/runner/work/player-service-taf/player-service-taf/player-service-test/target/test-classes/playerservice/schemas/get-all-players-response.json#\",\"pointer\":\"/properties/players/items\"}\n    instance: {\"pointer\":\"/players/0\"}\n    domain: \"validation\"\n    keyword: \"required\"\n    required: [\"age\",\"gender\",\"id\",\"role\",\"screenName\"]\n    missing: [\"role\"]\n\n  Actual: {\"players\":[{\"id\":1,\"screenName\":\"testSupervisor\",\"gender\":\"male\",\"age\":28}]}\n","time":{"start":1728552056247,"stop":1728552056472,"duration":225}},{"uid":"993798eef3cffa70","reportUrl":"https://Dmytro-Vusyk.github.io/player-service-taf/86//#testresult/993798eef3cffa70","status":"failed","statusDetails":"1 expectation failed.\nResponse body doesn't match expectation.\nExpected: The content to match the given JSON schema.\nerror: object has missing required properties ([\"role\"])\n    level: \"error\"\n    schema: {\"loadingURI\":\"file:/home/runner/work/player-service-taf/player-service-taf/player-service-test/target/test-classes/playerservice/schemas/get-all-players-response.json#\",\"pointer\":\"/properties/players/items\"}\n    instance: {\"pointer\":\"/players/0\"}\n    domain: \"validation\"\n    keyword: \"required\"\n    required: [\"age\",\"gender\",\"id\",\"role\",\"screenName\"]\n    missing: [\"role\"]\n\n  Actual: {\"players\":[{\"id\":1,\"screenName\":\"testSupervisor\",\"gender\":\"male\",\"age\":28}]}\n","time":{"start":1728548707841,"stop":1728548708069,"duration":228}},{"uid":"c651a0c70d625472","reportUrl":"https://Dmytro-Vusyk.github.io/player-service-taf/85//#testresult/c651a0c70d625472","status":"failed","statusDetails":"1 expectation failed.\nResponse body doesn't match expectation.\nExpected: The content to match the given JSON schema.\nerror: object has missing required properties ([\"role\"])\n    level: \"error\"\n    schema: {\"loadingURI\":\"file:/home/runner/work/player-service-taf/player-service-taf/player-service-test/target/test-classes/playerservice/schemas/get-all-players-response.json#\",\"pointer\":\"/properties/players/items\"}\n    instance: {\"pointer\":\"/players/0\"}\n    domain: \"validation\"\n    keyword: \"required\"\n    required: [\"age\",\"gender\",\"id\",\"role\",\"screenName\"]\n    missing: [\"role\"]\n\n  Actual: {\"players\":[{\"id\":1,\"screenName\":\"testSupervisor\",\"gender\":\"male\",\"age\":28}]}\n","time":{"start":1728544715853,"stop":1728544716093,"duration":240}},{"uid":"e08ace6cfe0a8f5d","reportUrl":"https://Dmytro-Vusyk.github.io/player-service-taf/84//#testresult/e08ace6cfe0a8f5d","status":"failed","statusDetails":"1 expectation failed.\nResponse body doesn't match expectation.\nExpected: The content to match the given JSON schema.\nerror: object has missing required properties ([\"role\"])\n    level: \"error\"\n    schema: {\"loadingURI\":\"file:/home/runner/work/player-service-taf/player-service-taf/player-service-test/target/test-classes/playerservice/schemas/get-all-players-response.json#\",\"pointer\":\"/properties/players/items\"}\n    instance: {\"pointer\":\"/players/0\"}\n    domain: \"validation\"\n    keyword: \"required\"\n    required: [\"age\",\"gender\",\"id\",\"role\",\"screenName\"]\n    missing: [\"role\"]\n\n  Actual: {\"players\":[{\"id\":1,\"screenName\":\"testSupervisor\",\"gender\":\"male\",\"age\":28}]}\n","time":{"start":1728541672627,"stop":1728541672961,"duration":334}},{"uid":"10c14b87a2fad055","reportUrl":"https://Dmytro-Vusyk.github.io/player-service-taf/83//#testresult/10c14b87a2fad055","status":"failed","statusDetails":"1 expectation failed.\nResponse body doesn't match expectation.\nExpected: The content to match the given JSON schema.\nerror: object has missing required properties ([\"role\"])\n    level: \"error\"\n    schema: {\"loadingURI\":\"file:/home/runner/work/player-service-taf/player-service-taf/player-service-test/target/test-classes/playerservice/schemas/get-all-players-response.json#\",\"pointer\":\"/properties/players/items\"}\n    instance: {\"pointer\":\"/players/0\"}\n    domain: \"validation\"\n    keyword: \"required\"\n    required: [\"age\",\"gender\",\"id\",\"role\",\"screenName\"]\n    missing: [\"role\"]\n\n  Actual: {\"players\":[{\"id\":1,\"screenName\":\"testSupervisor\",\"gender\":\"male\",\"age\":28}]}\n","time":{"start":1728537555295,"stop":1728537555514,"duration":219}},{"uid":"f82ca6a3b62bf96a","reportUrl":"https://Dmytro-Vusyk.github.io/player-service-taf/82//#testresult/f82ca6a3b62bf96a","status":"failed","statusDetails":"1 expectation failed.\nResponse body doesn't match expectation.\nExpected: The content to match the given JSON schema.\nerror: object has missing required properties ([\"role\"])\n    level: \"error\"\n    schema: {\"loadingURI\":\"file:/home/runner/work/player-service-taf/player-service-taf/player-service-test/target/test-classes/playerservice/schemas/get-all-players-response.json#\",\"pointer\":\"/properties/players/items\"}\n    instance: {\"pointer\":\"/players/0\"}\n    domain: \"validation\"\n    keyword: \"required\"\n    required: [\"age\",\"gender\",\"id\",\"role\",\"screenName\"]\n    missing: [\"role\"]\n\n  Actual: {\"players\":[{\"id\":1,\"screenName\":\"testSupervisor\",\"gender\":\"male\",\"age\":28}]}\n","time":{"start":1728534175725,"stop":1728534175951,"duration":226}},{"uid":"1d7b544b6ea076c2","reportUrl":"https://Dmytro-Vusyk.github.io/player-service-taf/81//#testresult/1d7b544b6ea076c2","status":"failed","statusDetails":"1 expectation failed.\nResponse body doesn't match expectation.\nExpected: The content to match the given JSON schema.\nerror: object has missing required properties ([\"role\"])\n    level: \"error\"\n    schema: {\"loadingURI\":\"file:/home/runner/work/player-service-taf/player-service-taf/player-service-test/target/test-classes/playerservice/schemas/get-all-players-response.json#\",\"pointer\":\"/properties/players/items\"}\n    instance: {\"pointer\":\"/players/0\"}\n    domain: \"validation\"\n    keyword: \"required\"\n    required: [\"age\",\"gender\",\"id\",\"role\",\"screenName\"]\n    missing: [\"role\"]\n\n  Actual: {\"players\":[{\"id\":1,\"screenName\":\"testSupervisor\",\"gender\":\"male\",\"age\":28}]}\n","time":{"start":1728530676242,"stop":1728530676461,"duration":219}},{"uid":"46a1390c55df8f9e","reportUrl":"https://Dmytro-Vusyk.github.io/player-service-taf/80//#testresult/46a1390c55df8f9e","status":"failed","statusDetails":"1 expectation failed.\nResponse body doesn't match expectation.\nExpected: The content to match the given JSON schema.\nerror: object has missing required properties ([\"role\"])\n    level: \"error\"\n    schema: {\"loadingURI\":\"file:/home/runner/work/player-service-taf/player-service-taf/player-service-test/target/test-classes/playerservice/schemas/get-all-players-response.json#\",\"pointer\":\"/properties/players/items\"}\n    instance: {\"pointer\":\"/players/0\"}\n    domain: \"validation\"\n    keyword: \"required\"\n    required: [\"age\",\"gender\",\"id\",\"role\",\"screenName\"]\n    missing: [\"role\"]\n\n  Actual: {\"players\":[{\"id\":1,\"screenName\":\"testSupervisor\",\"gender\":\"male\",\"age\":28}]}\n","time":{"start":1728528630696,"stop":1728528630916,"duration":220}},{"uid":"9b3d55019efee54c","reportUrl":"https://Dmytro-Vusyk.github.io/player-service-taf/79//#testresult/9b3d55019efee54c","status":"failed","statusDetails":"1 expectation failed.\nResponse body doesn't match expectation.\nExpected: The content to match the given JSON schema.\nerror: object has missing required properties ([\"role\"])\n    level: \"error\"\n    schema: {\"loadingURI\":\"file:/home/runner/work/player-service-taf/player-service-taf/player-service-test/target/test-classes/playerservice/schemas/get-all-players-response.json#\",\"pointer\":\"/properties/players/items\"}\n    instance: {\"pointer\":\"/players/0\"}\n    domain: \"validation\"\n    keyword: \"required\"\n    required: [\"age\",\"gender\",\"id\",\"role\",\"screenName\"]\n    missing: [\"role\"]\n\n  Actual: {\"players\":[{\"id\":1,\"screenName\":\"testSupervisor\",\"gender\":\"male\",\"age\":28}]}\n","time":{"start":1728523565634,"stop":1728523565866,"duration":232}},{"uid":"ba05ad89abf1441d","reportUrl":"https://Dmytro-Vusyk.github.io/player-service-taf/78//#testresult/ba05ad89abf1441d","status":"failed","statusDetails":"1 expectation failed.\nResponse body doesn't match expectation.\nExpected: The content to match the given JSON schema.\nerror: object has missing required properties ([\"role\"])\n    level: \"error\"\n    schema: {\"loadingURI\":\"file:/home/runner/work/player-service-taf/player-service-taf/player-service-test/target/test-classes/playerservice/schemas/get-all-players-response.json#\",\"pointer\":\"/properties/players/items\"}\n    instance: {\"pointer\":\"/players/0\"}\n    domain: \"validation\"\n    keyword: \"required\"\n    required: [\"age\",\"gender\",\"id\",\"role\",\"screenName\"]\n    missing: [\"role\"]\n\n  Actual: {\"players\":[{\"id\":1,\"screenName\":\"testSupervisor\",\"gender\":\"male\",\"age\":28}]}\n","time":{"start":1728516022953,"stop":1728516023291,"duration":338}},{"uid":"4de077af8d89603a","reportUrl":"https://Dmytro-Vusyk.github.io/player-service-taf/77//#testresult/4de077af8d89603a","status":"failed","statusDetails":"1 expectation failed.\nResponse body doesn't match expectation.\nExpected: The content to match the given JSON schema.\nerror: object has missing required properties ([\"role\"])\n    level: \"error\"\n    schema: {\"loadingURI\":\"file:/home/runner/work/player-service-taf/player-service-taf/player-service-test/target/test-classes/playerservice/schemas/get-all-players-response.json#\",\"pointer\":\"/properties/players/items\"}\n    instance: {\"pointer\":\"/players/0\"}\n    domain: \"validation\"\n    keyword: \"required\"\n    required: [\"age\",\"gender\",\"id\",\"role\",\"screenName\"]\n    missing: [\"role\"]\n\n  Actual: {\"players\":[{\"id\":1,\"screenName\":\"testSupervisor\",\"gender\":\"male\",\"age\":28}]}\n","time":{"start":1728512281142,"stop":1728512281391,"duration":249}},{"uid":"fa03da102a53abc0","reportUrl":"https://Dmytro-Vusyk.github.io/player-service-taf/76//#testresult/fa03da102a53abc0","status":"failed","statusDetails":"1 expectation failed.\nResponse body doesn't match expectation.\nExpected: The content to match the given JSON schema.\nerror: object has missing required properties ([\"role\"])\n    level: \"error\"\n    schema: {\"loadingURI\":\"file:/home/runner/work/player-service-taf/player-service-taf/player-service-test/target/test-classes/playerservice/schemas/get-all-players-response.json#\",\"pointer\":\"/properties/players/items\"}\n    instance: {\"pointer\":\"/players/0\"}\n    domain: \"validation\"\n    keyword: \"required\"\n    required: [\"age\",\"gender\",\"id\",\"role\",\"screenName\"]\n    missing: [\"role\"]\n\n  Actual: {\"players\":[{\"id\":1,\"screenName\":\"testSupervisor\",\"gender\":\"male\",\"age\":28}]}\n","time":{"start":1728508668477,"stop":1728508668702,"duration":225}},{"uid":"58e84c0af9bbf6f3","reportUrl":"https://Dmytro-Vusyk.github.io/player-service-taf/75//#testresult/58e84c0af9bbf6f3","status":"failed","statusDetails":"1 expectation failed.\nResponse body doesn't match expectation.\nExpected: The content to match the given JSON schema.\nerror: object has missing required properties ([\"role\"])\n    level: \"error\"\n    schema: {\"loadingURI\":\"file:/home/runner/work/player-service-taf/player-service-taf/player-service-test/target/test-classes/playerservice/schemas/get-all-players-response.json#\",\"pointer\":\"/properties/players/items\"}\n    instance: {\"pointer\":\"/players/0\"}\n    domain: \"validation\"\n    keyword: \"required\"\n    required: [\"age\",\"gender\",\"id\",\"role\",\"screenName\"]\n    missing: [\"role\"]\n\n  Actual: {\"players\":[{\"id\":1,\"screenName\":\"testSupervisor\",\"gender\":\"male\",\"age\":28}]}\n","time":{"start":1728505262903,"stop":1728505263134,"duration":231}},{"uid":"4d1e06d82c55306d","reportUrl":"https://Dmytro-Vusyk.github.io/player-service-taf/74//#testresult/4d1e06d82c55306d","status":"failed","statusDetails":"1 expectation failed.\nResponse body doesn't match expectation.\nExpected: The content to match the given JSON schema.\nerror: object has missing required properties ([\"role\"])\n    level: \"error\"\n    schema: {\"loadingURI\":\"file:/home/runner/work/player-service-taf/player-service-taf/player-service-test/target/test-classes/playerservice/schemas/get-all-players-response.json#\",\"pointer\":\"/properties/players/items\"}\n    instance: {\"pointer\":\"/players/0\"}\n    domain: \"validation\"\n    keyword: \"required\"\n    required: [\"age\",\"gender\",\"id\",\"role\",\"screenName\"]\n    missing: [\"role\"]\n\n  Actual: {\"players\":[{\"id\":1,\"screenName\":\"testSupervisor\",\"gender\":\"male\",\"age\":28}]}\n","time":{"start":1728501369015,"stop":1728501369366,"duration":351}},{"uid":"c5560b8ca7396cd7","reportUrl":"https://Dmytro-Vusyk.github.io/player-service-taf/73//#testresult/c5560b8ca7396cd7","status":"failed","statusDetails":"1 expectation failed.\nResponse body doesn't match expectation.\nExpected: The content to match the given JSON schema.\nerror: object has missing required properties ([\"role\"])\n    level: \"error\"\n    schema: {\"loadingURI\":\"file:/home/runner/work/player-service-taf/player-service-taf/player-service-test/target/test-classes/playerservice/schemas/get-all-players-response.json#\",\"pointer\":\"/properties/players/items\"}\n    instance: {\"pointer\":\"/players/0\"}\n    domain: \"validation\"\n    keyword: \"required\"\n    required: [\"age\",\"gender\",\"id\",\"role\",\"screenName\"]\n    missing: [\"role\"]\n\n  Actual: {\"players\":[{\"id\":1,\"screenName\":\"testSupervisor\",\"gender\":\"male\",\"age\":28}]}\n","time":{"start":1728498384506,"stop":1728498384856,"duration":350}},{"uid":"d722c17357d991a","reportUrl":"https://Dmytro-Vusyk.github.io/player-service-taf/72//#testresult/d722c17357d991a","status":"failed","statusDetails":"1 expectation failed.\nResponse body doesn't match expectation.\nExpected: The content to match the given JSON schema.\nerror: object has missing required properties ([\"role\"])\n    level: \"error\"\n    schema: {\"loadingURI\":\"file:/home/runner/work/player-service-taf/player-service-taf/player-service-test/target/test-classes/playerservice/schemas/get-all-players-response.json#\",\"pointer\":\"/properties/players/items\"}\n    instance: {\"pointer\":\"/players/0\"}\n    domain: \"validation\"\n    keyword: \"required\"\n    required: [\"age\",\"gender\",\"id\",\"role\",\"screenName\"]\n    missing: [\"role\"]\n\n  Actual: {\"players\":[{\"id\":1,\"screenName\":\"testSupervisor\",\"gender\":\"male\",\"age\":28}]}\n","time":{"start":1728494310948,"stop":1728494311170,"duration":222}}]},"tags":["BUG","SMOKE"]},"source":"6132b45a7d953305.json","parameterValues":[]}