{"uid":"174c531dae3ad9ab","name":"testPlayerWithAllFieldsCanBeCreated","fullName":"com.companyname.playerservice.functionaltests.create.CreatePlayerTests.testPlayerWithAllFieldsCanBeCreated","historyId":"c81bbac6b4fd61587f9b2ada29d5c271","time":{"start":1728940690560,"stop":1728940691490,"duration":930},"description":"Verify that user with different roles are able to CREATE Players","descriptionHtml":"<p>Verify that user with different roles are able to CREATE Players</p>\n","status":"failed","statusMessage":"1 expectation failed.\nResponse body doesn't match expectation.\nExpected: The content to match the given JSON schema.\nerror: instance type (null) does not match any allowed primitive type (allowed: [\"integer\"])\n    level: \"error\"\n    schema: {\"loadingURI\":\"file:/home/runner/work/player-service-taf/player-service-taf/player-service-test/target/test-classes/playerservice/schemas/create-player-response.json#\",\"pointer\":\"/properties/age\"}\n    instance: {\"pointer\":\"/age\"}\n    domain: \"validation\"\n    keyword: \"type\"\n    found: \"null\"\n    expected: [\"integer\"]\nerror: instance type (null) does not match any allowed primitive type (allowed: [\"string\"])\n    level: \"error\"\n    schema: {\"loadingURI\":\"file:/home/runner/work/player-service-taf/player-service-taf/player-service-test/target/test-classes/playerservice/schemas/create-player-response.json#\",\"pointer\":\"/properties/gender\"}\n    instance: {\"pointer\":\"/gender\"}\n    domain: \"validation\"\n    keyword: \"type\"\n    found: \"null\"\n    expected: [\"string\"]\nerror: instance type (null) does not match any allowed primitive type (allowed: [\"string\"])\n    level: \"error\"\n    schema: {\"loadingURI\":\"file:/home/runner/work/player-service-taf/player-service-taf/player-service-test/target/test-classes/playerservice/schemas/create-player-response.json#\",\"pointer\":\"/properties/password\"}\n    instance: {\"pointer\":\"/password\"}\n    domain: \"validation\"\n    keyword: \"type\"\n    found: \"null\"\n    expected: [\"string\"]\nerror: instance type (null) does not match any allowed primitive type (allowed: [\"string\"])\n    level: \"error\"\n    schema: {\"loadingURI\":\"file:/home/runner/work/player-service-taf/player-service-taf/player-service-test/target/test-classes/playerservice/schemas/create-player-response.json#\",\"pointer\":\"/properties/role\"}\n    instance: {\"pointer\":\"/role\"}\n    domain: \"validation\"\n    keyword: \"type\"\n    found: \"null\"\n    expected: [\"string\"]\nerror: instance type (null) does not match any allowed primitive type (allowed: [\"string\"])\n    level: \"error\"\n    schema: {\"loadingURI\":\"file:/home/runner/work/player-service-taf/player-service-taf/player-service-test/target/test-classes/playerservice/schemas/create-player-response.json#\",\"pointer\":\"/properties/screenName\"}\n    instance: {\"pointer\":\"/screenName\"}\n    domain: \"validation\"\n    keyword: \"type\"\n    found: \"null\"\n    expected: [\"string\"]\n\n  Actual: {\"id\":1275187276,\"login\":\"Rich Guy\",\"password\":null,\"screenName\":null,\"gender\":null,\"age\":null,\"role\":null}\n","statusTrace":"java.lang.AssertionError: 1 expectation failed.\nResponse body doesn't match expectation.\nExpected: The content to match the given JSON schema.\nerror: instance type (null) does not match any allowed primitive type (allowed: [\"integer\"])\n    level: \"error\"\n    schema: {\"loadingURI\":\"file:/home/runner/work/player-service-taf/player-service-taf/player-service-test/target/test-classes/playerservice/schemas/create-player-response.json#\",\"pointer\":\"/properties/age\"}\n    instance: {\"pointer\":\"/age\"}\n    domain: \"validation\"\n    keyword: \"type\"\n    found: \"null\"\n    expected: [\"integer\"]\nerror: instance type (null) does not match any allowed primitive type (allowed: [\"string\"])\n    level: \"error\"\n    schema: {\"loadingURI\":\"file:/home/runner/work/player-service-taf/player-service-taf/player-service-test/target/test-classes/playerservice/schemas/create-player-response.json#\",\"pointer\":\"/properties/gender\"}\n    instance: {\"pointer\":\"/gender\"}\n    domain: \"validation\"\n    keyword: \"type\"\n    found: \"null\"\n    expected: [\"string\"]\nerror: instance type (null) does not match any allowed primitive type (allowed: [\"string\"])\n    level: \"error\"\n    schema: {\"loadingURI\":\"file:/home/runner/work/player-service-taf/player-service-taf/player-service-test/target/test-classes/playerservice/schemas/create-player-response.json#\",\"pointer\":\"/properties/password\"}\n    instance: {\"pointer\":\"/password\"}\n    domain: \"validation\"\n    keyword: \"type\"\n    found: \"null\"\n    expected: [\"string\"]\nerror: instance type (null) does not match any allowed primitive type (allowed: [\"string\"])\n    level: \"error\"\n    schema: {\"loadingURI\":\"file:/home/runner/work/player-service-taf/player-service-taf/player-service-test/target/test-classes/playerservice/schemas/create-player-response.json#\",\"pointer\":\"/properties/role\"}\n    instance: {\"pointer\":\"/role\"}\n    domain: \"validation\"\n    keyword: \"type\"\n    found: \"null\"\n    expected: [\"string\"]\nerror: instance type (null) does not match any allowed primitive type (allowed: [\"string\"])\n    level: \"error\"\n    schema: {\"loadingURI\":\"file:/home/runner/work/player-service-taf/player-service-taf/player-service-test/target/test-classes/playerservice/schemas/create-player-response.json#\",\"pointer\":\"/properties/screenName\"}\n    instance: {\"pointer\":\"/screenName\"}\n    domain: \"validation\"\n    keyword: \"type\"\n    found: \"null\"\n    expected: [\"string\"]\n\n  Actual: {\"id\":1275187276,\"login\":\"Rich Guy\",\"password\":null,\"screenName\":null,\"gender\":null,\"age\":null,\"role\":null}\n\n\tat java.base/jdk.internal.reflect.NativeConstructorAccessorImpl.newInstance0(Native Method)\n\tat java.base/jdk.internal.reflect.NativeConstructorAccessorImpl.newInstance(NativeConstructorAccessorImpl.java:62)\n\tat java.base/jdk.internal.reflect.DelegatingConstructorAccessorImpl.newInstance(DelegatingConstructorAccessorImpl.java:45)\n\tat java.base/java.lang.reflect.Constructor.newInstance(Constructor.java:490)\n\tat org.codehaus.groovy.reflection.CachedConstructor.invoke(CachedConstructor.java:72)\n\tat org.codehaus.groovy.reflection.CachedConstructor.doConstructorInvoke(CachedConstructor.java:59)\n\tat org.codehaus.groovy.runtime.callsite.ConstructorSite$ConstructorSiteNoUnwrap.callConstructor(ConstructorSite.java:84)\n\tat org.codehaus.groovy.runtime.callsite.CallSiteArray.defaultCallConstructor(CallSiteArray.java:59)\n\tat org.codehaus.groovy.runtime.callsite.AbstractCallSite.callConstructor(AbstractCallSite.java:263)\n\tat org.codehaus.groovy.runtime.callsite.AbstractCallSite.callConstructor(AbstractCallSite.java:277)\n\tat io.restassured.internal.ResponseSpecificationImpl$HamcrestAssertionClosure.validate(ResponseSpecificationImpl.groovy:512)\n\tat io.restassured.internal.ResponseSpecificationImpl$HamcrestAssertionClosure$validate$4.call(Unknown Source)\n\tat io.restassured.internal.ResponseSpecificationImpl.validateResponseIfRequired(ResponseSpecificationImpl.groovy:696)\n\tat io.restassured.internal.ResponseSpecificationImpl.this$2$validateResponseIfRequired(ResponseSpecificationImpl.groovy)\n\tat java.base/jdk.internal.reflect.NativeMethodAccessorImpl.invoke0(Native Method)\n\tat java.base/jdk.internal.reflect.NativeMethodAccessorImpl.invoke(NativeMethodAccessorImpl.java:62)\n\tat java.base/jdk.internal.reflect.DelegatingMethodAccessorImpl.invoke(DelegatingMethodAccessorImpl.java:43)\n\tat java.base/java.lang.reflect.Method.invoke(Method.java:566)\n\tat org.codehaus.groovy.runtime.callsite.PlainObjectMetaMethodSite.doInvoke(PlainObjectMetaMethodSite.java:48)\n\tat org.codehaus.groovy.runtime.callsite.PogoMetaMethodSite$PogoCachedMethodSiteNoUnwrapNoCoerce.invoke(PogoMetaMethodSite.java:189)\n\tat org.codehaus.groovy.runtime.callsite.PogoMetaMethodSite.callCurrent(PogoMetaMethodSite.java:57)\n\tat org.codehaus.groovy.runtime.callsite.CallSiteArray.defaultCallCurrent(CallSiteArray.java:51)\n\tat org.codehaus.groovy.runtime.callsite.AbstractCallSite.callCurrent(AbstractCallSite.java:171)\n\tat org.codehaus.groovy.runtime.callsite.AbstractCallSite.callCurrent(AbstractCallSite.java:185)\n\tat io.restassured.internal.ResponseSpecificationImpl.body(ResponseSpecificationImpl.groovy:107)\n\tat io.restassured.internal.ValidatableResponseOptionsImpl.body(ValidatableResponseOptionsImpl.java:238)\n\tat com.companyname.assertions.TestAssertions.assertResponseMatchesJsonSchema(TestAssertions.java:24)\n\tat com.companyname.playerservice.functionaltests.create.CreatePlayerTests.testPlayerWithAllFieldsCanBeCreated(CreatePlayerTests.java:39)\n\tat java.base/jdk.internal.reflect.NativeMethodAccessorImpl.invoke0(Native Method)\n\tat java.base/jdk.internal.reflect.NativeMethodAccessorImpl.invoke(NativeMethodAccessorImpl.java:62)\n\tat java.base/jdk.internal.reflect.DelegatingMethodAccessorImpl.invoke(DelegatingMethodAccessorImpl.java:43)\n\tat java.base/java.lang.reflect.Method.invoke(Method.java:566)\n\tat org.testng.internal.MethodInvocationHelper.invokeMethod(MethodInvocationHelper.java:124)\n\tat org.testng.internal.Invoker.invokeMethod(Invoker.java:583)\n\tat org.testng.internal.Invoker.invokeTestMethod(Invoker.java:719)\n\tat org.testng.internal.Invoker.invokeTestMethods(Invoker.java:989)\n\tat org.testng.internal.TestMethodWorker.invokeTestMethods(TestMethodWorker.java:125)\n\tat org.testng.internal.TestMethodWorker.run(TestMethodWorker.java:109)\n\tat java.base/java.util.concurrent.ThreadPoolExecutor.runWorker(ThreadPoolExecutor.java:1128)\n\tat java.base/java.util.concurrent.ThreadPoolExecutor$Worker.run(ThreadPoolExecutor.java:628)\n\tat java.base/java.lang.Thread.run(Thread.java:829)\n","flaky":false,"newFailed":false,"newBroken":false,"newPassed":false,"retriesCount":0,"retriesStatusChange":false,"beforeStages":[{"name":"setupClass","time":{"start":1728940690555,"stop":1728940690555,"duration":0},"description":"","status":"passed","steps":[],"attachments":[],"parameters":[],"shouldDisplayMessage":false,"stepsCount":0,"attachmentsCount":0,"hasContent":false}],"testStage":{"description":"Verify that user with different roles are able to CREATE Players","status":"failed","statusMessage":"1 expectation failed.\nResponse body doesn't match expectation.\nExpected: The content to match the given JSON schema.\nerror: instance type (null) does not match any allowed primitive type (allowed: [\"integer\"])\n    level: \"error\"\n    schema: {\"loadingURI\":\"file:/home/runner/work/player-service-taf/player-service-taf/player-service-test/target/test-classes/playerservice/schemas/create-player-response.json#\",\"pointer\":\"/properties/age\"}\n    instance: {\"pointer\":\"/age\"}\n    domain: \"validation\"\n    keyword: \"type\"\n    found: \"null\"\n    expected: [\"integer\"]\nerror: instance type (null) does not match any allowed primitive type (allowed: [\"string\"])\n    level: \"error\"\n    schema: {\"loadingURI\":\"file:/home/runner/work/player-service-taf/player-service-taf/player-service-test/target/test-classes/playerservice/schemas/create-player-response.json#\",\"pointer\":\"/properties/gender\"}\n    instance: {\"pointer\":\"/gender\"}\n    domain: \"validation\"\n    keyword: \"type\"\n    found: \"null\"\n    expected: [\"string\"]\nerror: instance type (null) does not match any allowed primitive type (allowed: [\"string\"])\n    level: \"error\"\n    schema: {\"loadingURI\":\"file:/home/runner/work/player-service-taf/player-service-taf/player-service-test/target/test-classes/playerservice/schemas/create-player-response.json#\",\"pointer\":\"/properties/password\"}\n    instance: {\"pointer\":\"/password\"}\n    domain: \"validation\"\n    keyword: \"type\"\n    found: \"null\"\n    expected: [\"string\"]\nerror: instance type (null) does not match any allowed primitive type (allowed: [\"string\"])\n    level: \"error\"\n    schema: {\"loadingURI\":\"file:/home/runner/work/player-service-taf/player-service-taf/player-service-test/target/test-classes/playerservice/schemas/create-player-response.json#\",\"pointer\":\"/properties/role\"}\n    instance: {\"pointer\":\"/role\"}\n    domain: \"validation\"\n    keyword: \"type\"\n    found: \"null\"\n    expected: [\"string\"]\nerror: instance type (null) does not match any allowed primitive type (allowed: [\"string\"])\n    level: \"error\"\n    schema: {\"loadingURI\":\"file:/home/runner/work/player-service-taf/player-service-taf/player-service-test/target/test-classes/playerservice/schemas/create-player-response.json#\",\"pointer\":\"/properties/screenName\"}\n    instance: {\"pointer\":\"/screenName\"}\n    domain: \"validation\"\n    keyword: \"type\"\n    found: \"null\"\n    expected: [\"string\"]\n\n  Actual: {\"id\":1275187276,\"login\":\"Rich Guy\",\"password\":null,\"screenName\":null,\"gender\":null,\"age\":null,\"role\":null}\n","statusTrace":"java.lang.AssertionError: 1 expectation failed.\nResponse body doesn't match expectation.\nExpected: The content to match the given JSON schema.\nerror: instance type (null) does not match any allowed primitive type (allowed: [\"integer\"])\n    level: \"error\"\n    schema: {\"loadingURI\":\"file:/home/runner/work/player-service-taf/player-service-taf/player-service-test/target/test-classes/playerservice/schemas/create-player-response.json#\",\"pointer\":\"/properties/age\"}\n    instance: {\"pointer\":\"/age\"}\n    domain: \"validation\"\n    keyword: \"type\"\n    found: \"null\"\n    expected: [\"integer\"]\nerror: instance type (null) does not match any allowed primitive type (allowed: [\"string\"])\n    level: \"error\"\n    schema: {\"loadingURI\":\"file:/home/runner/work/player-service-taf/player-service-taf/player-service-test/target/test-classes/playerservice/schemas/create-player-response.json#\",\"pointer\":\"/properties/gender\"}\n    instance: {\"pointer\":\"/gender\"}\n    domain: \"validation\"\n    keyword: \"type\"\n    found: \"null\"\n    expected: [\"string\"]\nerror: instance type (null) does not match any allowed primitive type (allowed: [\"string\"])\n    level: \"error\"\n    schema: {\"loadingURI\":\"file:/home/runner/work/player-service-taf/player-service-taf/player-service-test/target/test-classes/playerservice/schemas/create-player-response.json#\",\"pointer\":\"/properties/password\"}\n    instance: {\"pointer\":\"/password\"}\n    domain: \"validation\"\n    keyword: \"type\"\n    found: \"null\"\n    expected: [\"string\"]\nerror: instance type (null) does not match any allowed primitive type (allowed: [\"string\"])\n    level: \"error\"\n    schema: {\"loadingURI\":\"file:/home/runner/work/player-service-taf/player-service-taf/player-service-test/target/test-classes/playerservice/schemas/create-player-response.json#\",\"pointer\":\"/properties/role\"}\n    instance: {\"pointer\":\"/role\"}\n    domain: \"validation\"\n    keyword: \"type\"\n    found: \"null\"\n    expected: [\"string\"]\nerror: instance type (null) does not match any allowed primitive type (allowed: [\"string\"])\n    level: \"error\"\n    schema: {\"loadingURI\":\"file:/home/runner/work/player-service-taf/player-service-taf/player-service-test/target/test-classes/playerservice/schemas/create-player-response.json#\",\"pointer\":\"/properties/screenName\"}\n    instance: {\"pointer\":\"/screenName\"}\n    domain: \"validation\"\n    keyword: \"type\"\n    found: \"null\"\n    expected: [\"string\"]\n\n  Actual: {\"id\":1275187276,\"login\":\"Rich Guy\",\"password\":null,\"screenName\":null,\"gender\":null,\"age\":null,\"role\":null}\n\n\tat java.base/jdk.internal.reflect.NativeConstructorAccessorImpl.newInstance0(Native Method)\n\tat java.base/jdk.internal.reflect.NativeConstructorAccessorImpl.newInstance(NativeConstructorAccessorImpl.java:62)\n\tat java.base/jdk.internal.reflect.DelegatingConstructorAccessorImpl.newInstance(DelegatingConstructorAccessorImpl.java:45)\n\tat java.base/java.lang.reflect.Constructor.newInstance(Constructor.java:490)\n\tat org.codehaus.groovy.reflection.CachedConstructor.invoke(CachedConstructor.java:72)\n\tat org.codehaus.groovy.reflection.CachedConstructor.doConstructorInvoke(CachedConstructor.java:59)\n\tat org.codehaus.groovy.runtime.callsite.ConstructorSite$ConstructorSiteNoUnwrap.callConstructor(ConstructorSite.java:84)\n\tat org.codehaus.groovy.runtime.callsite.CallSiteArray.defaultCallConstructor(CallSiteArray.java:59)\n\tat org.codehaus.groovy.runtime.callsite.AbstractCallSite.callConstructor(AbstractCallSite.java:263)\n\tat org.codehaus.groovy.runtime.callsite.AbstractCallSite.callConstructor(AbstractCallSite.java:277)\n\tat io.restassured.internal.ResponseSpecificationImpl$HamcrestAssertionClosure.validate(ResponseSpecificationImpl.groovy:512)\n\tat io.restassured.internal.ResponseSpecificationImpl$HamcrestAssertionClosure$validate$4.call(Unknown Source)\n\tat io.restassured.internal.ResponseSpecificationImpl.validateResponseIfRequired(ResponseSpecificationImpl.groovy:696)\n\tat io.restassured.internal.ResponseSpecificationImpl.this$2$validateResponseIfRequired(ResponseSpecificationImpl.groovy)\n\tat java.base/jdk.internal.reflect.NativeMethodAccessorImpl.invoke0(Native Method)\n\tat java.base/jdk.internal.reflect.NativeMethodAccessorImpl.invoke(NativeMethodAccessorImpl.java:62)\n\tat java.base/jdk.internal.reflect.DelegatingMethodAccessorImpl.invoke(DelegatingMethodAccessorImpl.java:43)\n\tat java.base/java.lang.reflect.Method.invoke(Method.java:566)\n\tat org.codehaus.groovy.runtime.callsite.PlainObjectMetaMethodSite.doInvoke(PlainObjectMetaMethodSite.java:48)\n\tat org.codehaus.groovy.runtime.callsite.PogoMetaMethodSite$PogoCachedMethodSiteNoUnwrapNoCoerce.invoke(PogoMetaMethodSite.java:189)\n\tat org.codehaus.groovy.runtime.callsite.PogoMetaMethodSite.callCurrent(PogoMetaMethodSite.java:57)\n\tat org.codehaus.groovy.runtime.callsite.CallSiteArray.defaultCallCurrent(CallSiteArray.java:51)\n\tat org.codehaus.groovy.runtime.callsite.AbstractCallSite.callCurrent(AbstractCallSite.java:171)\n\tat org.codehaus.groovy.runtime.callsite.AbstractCallSite.callCurrent(AbstractCallSite.java:185)\n\tat io.restassured.internal.ResponseSpecificationImpl.body(ResponseSpecificationImpl.groovy:107)\n\tat io.restassured.internal.ValidatableResponseOptionsImpl.body(ValidatableResponseOptionsImpl.java:238)\n\tat com.companyname.assertions.TestAssertions.assertResponseMatchesJsonSchema(TestAssertions.java:24)\n\tat com.companyname.playerservice.functionaltests.create.CreatePlayerTests.testPlayerWithAllFieldsCanBeCreated(CreatePlayerTests.java:39)\n\tat java.base/jdk.internal.reflect.NativeMethodAccessorImpl.invoke0(Native Method)\n\tat java.base/jdk.internal.reflect.NativeMethodAccessorImpl.invoke(NativeMethodAccessorImpl.java:62)\n\tat java.base/jdk.internal.reflect.DelegatingMethodAccessorImpl.invoke(DelegatingMethodAccessorImpl.java:43)\n\tat java.base/java.lang.reflect.Method.invoke(Method.java:566)\n\tat org.testng.internal.MethodInvocationHelper.invokeMethod(MethodInvocationHelper.java:124)\n\tat org.testng.internal.Invoker.invokeMethod(Invoker.java:583)\n\tat org.testng.internal.Invoker.invokeTestMethod(Invoker.java:719)\n\tat org.testng.internal.Invoker.invokeTestMethods(Invoker.java:989)\n\tat org.testng.internal.TestMethodWorker.invokeTestMethods(TestMethodWorker.java:125)\n\tat org.testng.internal.TestMethodWorker.run(TestMethodWorker.java:109)\n\tat java.base/java.util.concurrent.ThreadPoolExecutor.runWorker(ThreadPoolExecutor.java:1128)\n\tat java.base/java.util.concurrent.ThreadPoolExecutor$Worker.run(ThreadPoolExecutor.java:628)\n\tat java.base/java.lang.Thread.run(Thread.java:829)\n","steps":[{"name":"Create player","time":{"start":1728940690584,"stop":1728940690814,"duration":230},"status":"passed","steps":[{"name":"Execute GET request to CREATE player","time":{"start":1728940690585,"stop":1728940690814,"duration":229},"status":"passed","steps":[],"attachments":[{"uid":"74263bad7606ca5b","name":"Request","source":"74263bad7606ca5b.html","type":"text/html","size":581},{"uid":"b925cab3b20b538b","name":"HTTP/1.1 200 ","source":"b925cab3b20b538b.html","type":"text/html","size":601}],"parameters":[{"name":"editor","value":"supervisor"},{"name":"player","value":"PlayerCreateRequestDTO(age=47, editor=admin, gender=Other, login=Rich Guy, password=ns83ZY4l, role=user, screenName=sgclx)"}],"shouldDisplayMessage":false,"stepsCount":0,"attachmentsCount":2,"hasContent":true}],"attachments":[],"parameters":[{"name":"editor","value":"supervisor"},{"name":"player","value":"PlayerCreateRequestDTO(age=47, editor=admin, gender=Other, login=Rich Guy, password=ns83ZY4l, role=user, screenName=sgclx)"}],"shouldDisplayMessage":false,"stepsCount":1,"attachmentsCount":2,"hasContent":true},{"name":"Assert response HTTP Status code is: 200","time":{"start":1728940690814,"stop":1728940690815,"duration":1},"status":"passed","steps":[{"name":"assertThat '200'","time":{"start":1728940690814,"stop":1728940690814,"duration":0},"status":"passed","steps":[],"attachments":[],"parameters":[],"shouldDisplayMessage":false,"stepsCount":0,"attachmentsCount":0,"hasContent":false},{"name":"as 'Verify status code is 200 []'","time":{"start":1728940690814,"stop":1728940690815,"duration":1},"status":"passed","steps":[{"name":"describedAs 'Verify status code is 200'","time":{"start":1728940690815,"stop":1728940690815,"duration":0},"status":"passed","steps":[],"attachments":[],"parameters":[],"shouldDisplayMessage":false,"stepsCount":0,"attachmentsCount":0,"hasContent":false}],"attachments":[],"parameters":[],"shouldDisplayMessage":false,"stepsCount":1,"attachmentsCount":0,"hasContent":true},{"name":"isEqualTo '200'","time":{"start":1728940690815,"stop":1728940690815,"duration":0},"status":"passed","steps":[],"attachments":[],"parameters":[],"shouldDisplayMessage":false,"stepsCount":0,"attachmentsCount":0,"hasContent":false}],"attachments":[],"parameters":[{"name":"response","value":"io.restassured.internal.ValidatableResponseImpl@7987fbcf"},{"name":"expectedStatusCode","value":"200"}],"shouldDisplayMessage":false,"stepsCount":4,"attachmentsCount":0,"hasContent":true},{"name":"Assert response matches JSON schema: playerservice/schemas/create-player-response.json","time":{"start":1728940690821,"stop":1728940691484,"duration":663},"status":"failed","statusMessage":"1 expectation failed.\nResponse body doesn't match expectation.\nExpected: The content to match the given JSON schema.\nerror: instance type (null) does not match any allowed primitive type (allowed: [\"integer\"])\n    level: \"error\"\n    schema: {\"loadingURI\":\"file:/home/runner/work/player-service-taf/player-service-taf/player-service-test/target/test-classes/playerservice/schemas/create-player-response.json#\",\"pointer\":\"/properties/age\"}\n    instance: {\"pointer\":\"/age\"}\n    domain: \"validation\"\n    keyword: \"type\"\n    found: \"null\"\n    expected: [\"integer\"]\nerror: instance type (null) does not match any allowed primitive type (allowed: [\"string\"])\n    level: \"error\"\n    schema: {\"loadingURI\":\"file:/home/runner/work/player-service-taf/player-service-taf/player-service-test/target/test-classes/playerservice/schemas/create-player-response.json#\",\"pointer\":\"/properties/gender\"}\n    instance: {\"pointer\":\"/gender\"}\n    domain: \"validation\"\n    keyword: \"type\"\n    found: \"null\"\n    expected: [\"string\"]\nerror: instance type (null) does not match any allowed primitive type (allowed: [\"string\"])\n    level: \"error\"\n    schema: {\"loadingURI\":\"file:/home/runner/work/player-service-taf/player-service-taf/player-service-test/target/test-classes/playerservice/schemas/create-player-response.json#\",\"pointer\":\"/properties/password\"}\n    instance: {\"pointer\":\"/password\"}\n    domain: \"validation\"\n    keyword: \"type\"\n    found: \"null\"\n    expected: [\"string\"]\nerror: instance type (null) does not match any allowed primitive type (allowed: [\"string\"])\n    level: \"error\"\n    schema: {\"loadingURI\":\"file:/home/runner/work/player-service-taf/player-service-taf/player-service-test/target/test-classes/playerservice/schemas/create-player-response.json#\",\"pointer\":\"/properties/role\"}\n    instance: {\"pointer\":\"/role\"}\n    domain: \"validation\"\n    keyword: \"type\"\n    found: \"null\"\n    expected: [\"string\"]\nerror: instance type (null) does not match any allowed primitive type (allowed: [\"string\"])\n    level: \"error\"\n    schema: {\"loadingURI\":\"file:/home/runner/work/player-service-taf/player-service-taf/player-service-test/target/test-classes/playerservice/schemas/create-player-response.json#\",\"pointer\":\"/properties/screenName\"}\n    instance: {\"pointer\":\"/screenName\"}\n    domain: \"validation\"\n    keyword: \"type\"\n    found: \"null\"\n    expected: [\"string\"]\n\n  Actual: {\"id\":1275187276,\"login\":\"Rich Guy\",\"password\":null,\"screenName\":null,\"gender\":null,\"age\":null,\"role\":null}\n","statusTrace":"java.lang.AssertionError: 1 expectation failed.\nResponse body doesn't match expectation.\nExpected: The content to match the given JSON schema.\nerror: instance type (null) does not match any allowed primitive type (allowed: [\"integer\"])\n    level: \"error\"\n    schema: {\"loadingURI\":\"file:/home/runner/work/player-service-taf/player-service-taf/player-service-test/target/test-classes/playerservice/schemas/create-player-response.json#\",\"pointer\":\"/properties/age\"}\n    instance: {\"pointer\":\"/age\"}\n    domain: \"validation\"\n    keyword: \"type\"\n    found: \"null\"\n    expected: [\"integer\"]\nerror: instance type (null) does not match any allowed primitive type (allowed: [\"string\"])\n    level: \"error\"\n    schema: {\"loadingURI\":\"file:/home/runner/work/player-service-taf/player-service-taf/player-service-test/target/test-classes/playerservice/schemas/create-player-response.json#\",\"pointer\":\"/properties/gender\"}\n    instance: {\"pointer\":\"/gender\"}\n    domain: \"validation\"\n    keyword: \"type\"\n    found: \"null\"\n    expected: [\"string\"]\nerror: instance type (null) does not match any allowed primitive type (allowed: [\"string\"])\n    level: \"error\"\n    schema: {\"loadingURI\":\"file:/home/runner/work/player-service-taf/player-service-taf/player-service-test/target/test-classes/playerservice/schemas/create-player-response.json#\",\"pointer\":\"/properties/password\"}\n    instance: {\"pointer\":\"/password\"}\n    domain: \"validation\"\n    keyword: \"type\"\n    found: \"null\"\n    expected: [\"string\"]\nerror: instance type (null) does not match any allowed primitive type (allowed: [\"string\"])\n    level: \"error\"\n    schema: {\"loadingURI\":\"file:/home/runner/work/player-service-taf/player-service-taf/player-service-test/target/test-classes/playerservice/schemas/create-player-response.json#\",\"pointer\":\"/properties/role\"}\n    instance: {\"pointer\":\"/role\"}\n    domain: \"validation\"\n    keyword: \"type\"\n    found: \"null\"\n    expected: [\"string\"]\nerror: instance type (null) does not match any allowed primitive type (allowed: [\"string\"])\n    level: \"error\"\n    schema: {\"loadingURI\":\"file:/home/runner/work/player-service-taf/player-service-taf/player-service-test/target/test-classes/playerservice/schemas/create-player-response.json#\",\"pointer\":\"/properties/screenName\"}\n    instance: {\"pointer\":\"/screenName\"}\n    domain: \"validation\"\n    keyword: \"type\"\n    found: \"null\"\n    expected: [\"string\"]\n\n  Actual: {\"id\":1275187276,\"login\":\"Rich Guy\",\"password\":null,\"screenName\":null,\"gender\":null,\"age\":null,\"role\":null}\n\n\tat java.base/jdk.internal.reflect.NativeConstructorAccessorImpl.newInstance0(Native Method)\n\tat java.base/jdk.internal.reflect.NativeConstructorAccessorImpl.newInstance(NativeConstructorAccessorImpl.java:62)\n\tat java.base/jdk.internal.reflect.DelegatingConstructorAccessorImpl.newInstance(DelegatingConstructorAccessorImpl.java:45)\n\tat java.base/java.lang.reflect.Constructor.newInstance(Constructor.java:490)\n\tat org.codehaus.groovy.reflection.CachedConstructor.invoke(CachedConstructor.java:72)\n\tat org.codehaus.groovy.reflection.CachedConstructor.doConstructorInvoke(CachedConstructor.java:59)\n\tat org.codehaus.groovy.runtime.callsite.ConstructorSite$ConstructorSiteNoUnwrap.callConstructor(ConstructorSite.java:84)\n\tat org.codehaus.groovy.runtime.callsite.CallSiteArray.defaultCallConstructor(CallSiteArray.java:59)\n\tat org.codehaus.groovy.runtime.callsite.AbstractCallSite.callConstructor(AbstractCallSite.java:263)\n\tat org.codehaus.groovy.runtime.callsite.AbstractCallSite.callConstructor(AbstractCallSite.java:277)\n\tat io.restassured.internal.ResponseSpecificationImpl$HamcrestAssertionClosure.validate(ResponseSpecificationImpl.groovy:512)\n\tat io.restassured.internal.ResponseSpecificationImpl$HamcrestAssertionClosure$validate$4.call(Unknown Source)\n\tat io.restassured.internal.ResponseSpecificationImpl.validateResponseIfRequired(ResponseSpecificationImpl.groovy:696)\n\tat io.restassured.internal.ResponseSpecificationImpl.this$2$validateResponseIfRequired(ResponseSpecificationImpl.groovy)\n\tat java.base/jdk.internal.reflect.NativeMethodAccessorImpl.invoke0(Native Method)\n\tat java.base/jdk.internal.reflect.NativeMethodAccessorImpl.invoke(NativeMethodAccessorImpl.java:62)\n\tat java.base/jdk.internal.reflect.DelegatingMethodAccessorImpl.invoke(DelegatingMethodAccessorImpl.java:43)\n\tat java.base/java.lang.reflect.Method.invoke(Method.java:566)\n\tat org.codehaus.groovy.runtime.callsite.PlainObjectMetaMethodSite.doInvoke(PlainObjectMetaMethodSite.java:48)\n\tat org.codehaus.groovy.runtime.callsite.PogoMetaMethodSite$PogoCachedMethodSiteNoUnwrapNoCoerce.invoke(PogoMetaMethodSite.java:189)\n\tat org.codehaus.groovy.runtime.callsite.PogoMetaMethodSite.callCurrent(PogoMetaMethodSite.java:57)\n\tat org.codehaus.groovy.runtime.callsite.CallSiteArray.defaultCallCurrent(CallSiteArray.java:51)\n\tat org.codehaus.groovy.runtime.callsite.AbstractCallSite.callCurrent(AbstractCallSite.java:171)\n\tat org.codehaus.groovy.runtime.callsite.AbstractCallSite.callCurrent(AbstractCallSite.java:185)\n\tat io.restassured.internal.ResponseSpecificationImpl.body(ResponseSpecificationImpl.groovy:107)\n\tat io.restassured.internal.ValidatableResponseOptionsImpl.body(ValidatableResponseOptionsImpl.java:238)\n\tat com.companyname.assertions.TestAssertions.assertResponseMatchesJsonSchema(TestAssertions.java:24)\n\tat com.companyname.playerservice.functionaltests.create.CreatePlayerTests.testPlayerWithAllFieldsCanBeCreated(CreatePlayerTests.java:39)\n\tat java.base/jdk.internal.reflect.NativeMethodAccessorImpl.invoke0(Native Method)\n\tat java.base/jdk.internal.reflect.NativeMethodAccessorImpl.invoke(NativeMethodAccessorImpl.java:62)\n\tat java.base/jdk.internal.reflect.DelegatingMethodAccessorImpl.invoke(DelegatingMethodAccessorImpl.java:43)\n\tat java.base/java.lang.reflect.Method.invoke(Method.java:566)\n\tat org.testng.internal.MethodInvocationHelper.invokeMethod(MethodInvocationHelper.java:124)\n\tat org.testng.internal.Invoker.invokeMethod(Invoker.java:583)\n\tat org.testng.internal.Invoker.invokeTestMethod(Invoker.java:719)\n\tat org.testng.internal.Invoker.invokeTestMethods(Invoker.java:989)\n\tat org.testng.internal.TestMethodWorker.invokeTestMethods(TestMethodWorker.java:125)\n\tat org.testng.internal.TestMethodWorker.run(TestMethodWorker.java:109)\n\tat java.base/java.util.concurrent.ThreadPoolExecutor.runWorker(ThreadPoolExecutor.java:1128)\n\tat java.base/java.util.concurrent.ThreadPoolExecutor$Worker.run(ThreadPoolExecutor.java:628)\n\tat java.base/java.lang.Thread.run(Thread.java:829)\n","steps":[],"attachments":[],"parameters":[{"name":"response","value":"io.restassured.internal.ValidatableResponseImpl@7987fbcf"},{"name":"schemaPath","value":"playerservice/schemas/create-player-response.json"}],"shouldDisplayMessage":true,"stepsCount":0,"attachmentsCount":0,"hasContent":true}],"attachments":[],"parameters":[],"shouldDisplayMessage":false,"stepsCount":8,"attachmentsCount":2,"hasContent":true},"afterStages":[{"name":"cleanupTest","time":{"start":1728940691495,"stop":1728940691715,"duration":220},"description":"","status":"passed","steps":[{"name":"Delete player","time":{"start":1728940691495,"stop":1728940691714,"duration":219},"status":"passed","steps":[{"name":"Execute DELETE request to DELETE player","time":{"start":1728940691495,"stop":1728940691714,"duration":219},"status":"passed","steps":[],"attachments":[{"uid":"2fb28a8c06c1dbd","name":"Request","source":"2fb28a8c06c1dbd.html","type":"text/html","size":516},{"uid":"95513d589ef4bf3c","name":"HTTP/1.1 204 ","source":"95513d589ef4bf3c.html","type":"text/html","size":275}],"parameters":[{"name":"editor","value":"supervisor"},{"name":"id","value":"1275187276"}],"shouldDisplayMessage":false,"stepsCount":0,"attachmentsCount":2,"hasContent":true}],"attachments":[],"parameters":[{"name":"editor","value":"supervisor"},{"name":"playerId","value":"1275187276"}],"shouldDisplayMessage":false,"stepsCount":1,"attachmentsCount":2,"hasContent":true}],"attachments":[],"parameters":[],"shouldDisplayMessage":false,"stepsCount":2,"attachmentsCount":2,"hasContent":true}],"labels":[{"name":"package","value":"com.companyname.playerservice.functionaltests.create.CreatePlayerTests"},{"name":"testClass","value":"com.companyname.playerservice.functionaltests.create.CreatePlayerTests"},{"name":"testMethod","value":"testPlayerWithAllFieldsCanBeCreated"},{"name":"parentSuite","value":"Surefire suite"},{"name":"suite","value":"Surefire test"},{"name":"subSuite","value":"com.companyname.playerservice.functionaltests.create.CreatePlayerTests"},{"name":"host","value":"fv-az1120-294"},{"name":"thread","value":"2393@fv-az1120-294.TestNG-test=Surefire test-3(17)"},{"name":"framework","value":"testng"},{"name":"language","value":"java"},{"name":"tag","value":"SMOKE"},{"name":"epic","value":"Player service implementation"},{"name":"feature","value":"Create Player"},{"name":"story","value":"Admin or Supervisor is able to create Player"},{"name":"severity","value":"critical"},{"name":"resultFormat","value":"allure2"}],"parameters":[{"name":"arg0","value":"supervisor"}],"links":[{"name":"PS-1234","type":"issue"},{"name":"PS-321","type":"tms"},{"name":"PS-1235","type":"issue"}],"hidden":false,"retry":false,"extra":{"severity":"critical","retries":[],"categories":[{"name":"Product defects","matchedStatuses":[],"flaky":false}],"history":{"statistic":{"failed":5,"broken":0,"skipped":0,"passed":0,"unknown":0,"total":5},"items":[{"uid":"1a4f914fb9a2385a","reportUrl":"https://Dmytro-Vusyk.github.io/player-service-taf/190//#testresult/1a4f914fb9a2385a","status":"failed","statusDetails":"1 expectation failed.\nResponse body doesn't match expectation.\nExpected: The content to match the given JSON schema.\nerror: instance type (null) does not match any allowed primitive type (allowed: [\"integer\"])\n    level: \"error\"\n    schema: {\"loadingURI\":\"file:/home/runner/work/player-service-taf/player-service-taf/player-service-test/target/test-classes/playerservice/schemas/create-player-response.json#\",\"pointer\":\"/properties/age\"}\n    instance: {\"pointer\":\"/age\"}\n    domain: \"validation\"\n    keyword: \"type\"\n    found: \"null\"\n    expected: [\"integer\"]\nerror: instance type (null) does not match any allowed primitive type (allowed: [\"string\"])\n    level: \"error\"\n    schema: {\"loadingURI\":\"file:/home/runner/work/player-service-taf/player-service-taf/player-service-test/target/test-classes/playerservice/schemas/create-player-response.json#\",\"pointer\":\"/properties/gender\"}\n    instance: {\"pointer\":\"/gender\"}\n    domain: \"validation\"\n    keyword: \"type\"\n    found: \"null\"\n    expected: [\"string\"]\nerror: instance type (null) does not match any allowed primitive type (allowed: [\"string\"])\n    level: \"error\"\n    schema: {\"loadingURI\":\"file:/home/runner/work/player-service-taf/player-service-taf/player-service-test/target/test-classes/playerservice/schemas/create-player-response.json#\",\"pointer\":\"/properties/password\"}\n    instance: {\"pointer\":\"/password\"}\n    domain: \"validation\"\n    keyword: \"type\"\n    found: \"null\"\n    expected: [\"string\"]\nerror: instance type (null) does not match any allowed primitive type (allowed: [\"string\"])\n    level: \"error\"\n    schema: {\"loadingURI\":\"file:/home/runner/work/player-service-taf/player-service-taf/player-service-test/target/test-classes/playerservice/schemas/create-player-response.json#\",\"pointer\":\"/properties/role\"}\n    instance: {\"pointer\":\"/role\"}\n    domain: \"validation\"\n    keyword: \"type\"\n    found: \"null\"\n    expected: [\"string\"]\nerror: instance type (null) does not match any allowed primitive type (allowed: [\"string\"])\n    level: \"error\"\n    schema: {\"loadingURI\":\"file:/home/runner/work/player-service-taf/player-service-taf/player-service-test/target/test-classes/playerservice/schemas/create-player-response.json#\",\"pointer\":\"/properties/screenName\"}\n    instance: {\"pointer\":\"/screenName\"}\n    domain: \"validation\"\n    keyword: \"type\"\n    found: \"null\"\n    expected: [\"string\"]\n\n  Actual: {\"id\":890296287,\"login\":\"Les Payne\",\"password\":null,\"screenName\":null,\"gender\":null,\"age\":null,\"role\":null}\n","time":{"start":1728937282453,"stop":1728937283453,"duration":1000}},{"uid":"21a2cb5e74a2d1b9","reportUrl":"https://Dmytro-Vusyk.github.io/player-service-taf/189//#testresult/21a2cb5e74a2d1b9","status":"failed","statusDetails":"1 expectation failed.\nResponse body doesn't match expectation.\nExpected: The content to match the given JSON schema.\nerror: instance type (null) does not match any allowed primitive type (allowed: [\"integer\"])\n    level: \"error\"\n    schema: {\"loadingURI\":\"file:/home/runner/work/player-service-taf/player-service-taf/player-service-test/target/test-classes/playerservice/schemas/create-player-response.json#\",\"pointer\":\"/properties/age\"}\n    instance: {\"pointer\":\"/age\"}\n    domain: \"validation\"\n    keyword: \"type\"\n    found: \"null\"\n    expected: [\"integer\"]\nerror: instance type (null) does not match any allowed primitive type (allowed: [\"string\"])\n    level: \"error\"\n    schema: {\"loadingURI\":\"file:/home/runner/work/player-service-taf/player-service-taf/player-service-test/target/test-classes/playerservice/schemas/create-player-response.json#\",\"pointer\":\"/properties/gender\"}\n    instance: {\"pointer\":\"/gender\"}\n    domain: \"validation\"\n    keyword: \"type\"\n    found: \"null\"\n    expected: [\"string\"]\nerror: instance type (null) does not match any allowed primitive type (allowed: [\"string\"])\n    level: \"error\"\n    schema: {\"loadingURI\":\"file:/home/runner/work/player-service-taf/player-service-taf/player-service-test/target/test-classes/playerservice/schemas/create-player-response.json#\",\"pointer\":\"/properties/password\"}\n    instance: {\"pointer\":\"/password\"}\n    domain: \"validation\"\n    keyword: \"type\"\n    found: \"null\"\n    expected: [\"string\"]\nerror: instance type (null) does not match any allowed primitive type (allowed: [\"string\"])\n    level: \"error\"\n    schema: {\"loadingURI\":\"file:/home/runner/work/player-service-taf/player-service-taf/player-service-test/target/test-classes/playerservice/schemas/create-player-response.json#\",\"pointer\":\"/properties/role\"}\n    instance: {\"pointer\":\"/role\"}\n    domain: \"validation\"\n    keyword: \"type\"\n    found: \"null\"\n    expected: [\"string\"]\nerror: instance type (null) does not match any allowed primitive type (allowed: [\"string\"])\n    level: \"error\"\n    schema: {\"loadingURI\":\"file:/home/runner/work/player-service-taf/player-service-taf/player-service-test/target/test-classes/playerservice/schemas/create-player-response.json#\",\"pointer\":\"/properties/screenName\"}\n    instance: {\"pointer\":\"/screenName\"}\n    domain: \"validation\"\n    keyword: \"type\"\n    found: \"null\"\n    expected: [\"string\"]\n\n  Actual: {\"id\":1457216590,\"login\":\"Sandy Banks\",\"password\":null,\"screenName\":null,\"gender\":null,\"age\":null,\"role\":null}\n","time":{"start":1728933324384,"stop":1728933325426,"duration":1042}},{"uid":"b0aa0b929652297b","reportUrl":"https://Dmytro-Vusyk.github.io/player-service-taf/188//#testresult/b0aa0b929652297b","status":"failed","statusDetails":"1 expectation failed.\nResponse body doesn't match expectation.\nExpected: The content to match the given JSON schema.\nerror: instance type (null) does not match any allowed primitive type (allowed: [\"integer\"])\n    level: \"error\"\n    schema: {\"loadingURI\":\"file:/home/runner/work/player-service-taf/player-service-taf/player-service-test/target/test-classes/playerservice/schemas/create-player-response.json#\",\"pointer\":\"/properties/age\"}\n    instance: {\"pointer\":\"/age\"}\n    domain: \"validation\"\n    keyword: \"type\"\n    found: \"null\"\n    expected: [\"integer\"]\nerror: instance type (null) does not match any allowed primitive type (allowed: [\"string\"])\n    level: \"error\"\n    schema: {\"loadingURI\":\"file:/home/runner/work/player-service-taf/player-service-taf/player-service-test/target/test-classes/playerservice/schemas/create-player-response.json#\",\"pointer\":\"/properties/gender\"}\n    instance: {\"pointer\":\"/gender\"}\n    domain: \"validation\"\n    keyword: \"type\"\n    found: \"null\"\n    expected: [\"string\"]\nerror: instance type (null) does not match any allowed primitive type (allowed: [\"string\"])\n    level: \"error\"\n    schema: {\"loadingURI\":\"file:/home/runner/work/player-service-taf/player-service-taf/player-service-test/target/test-classes/playerservice/schemas/create-player-response.json#\",\"pointer\":\"/properties/password\"}\n    instance: {\"pointer\":\"/password\"}\n    domain: \"validation\"\n    keyword: \"type\"\n    found: \"null\"\n    expected: [\"string\"]\nerror: instance type (null) does not match any allowed primitive type (allowed: [\"string\"])\n    level: \"error\"\n    schema: {\"loadingURI\":\"file:/home/runner/work/player-service-taf/player-service-taf/player-service-test/target/test-classes/playerservice/schemas/create-player-response.json#\",\"pointer\":\"/properties/role\"}\n    instance: {\"pointer\":\"/role\"}\n    domain: \"validation\"\n    keyword: \"type\"\n    found: \"null\"\n    expected: [\"string\"]\nerror: instance type (null) does not match any allowed primitive type (allowed: [\"string\"])\n    level: \"error\"\n    schema: {\"loadingURI\":\"file:/home/runner/work/player-service-taf/player-service-taf/player-service-test/target/test-classes/playerservice/schemas/create-player-response.json#\",\"pointer\":\"/properties/screenName\"}\n    instance: {\"pointer\":\"/screenName\"}\n    domain: \"validation\"\n    keyword: \"type\"\n    found: \"null\"\n    expected: [\"string\"]\n\n  Actual: {\"id\":129853143,\"login\":\"Parker Carr\",\"password\":null,\"screenName\":null,\"gender\":null,\"age\":null,\"role\":null}\n","time":{"start":1728930407895,"stop":1728930408942,"duration":1047}},{"uid":"dbd041fccc04ec8f","reportUrl":"https://Dmytro-Vusyk.github.io/player-service-taf/187//#testresult/dbd041fccc04ec8f","status":"failed","statusDetails":"1 expectation failed.\nResponse body doesn't match expectation.\nExpected: The content to match the given JSON schema.\nerror: instance type (null) does not match any allowed primitive type (allowed: [\"integer\"])\n    level: \"error\"\n    schema: {\"loadingURI\":\"file:/home/runner/work/player-service-taf/player-service-taf/player-service-test/target/test-classes/playerservice/schemas/create-player-response.json#\",\"pointer\":\"/properties/age\"}\n    instance: {\"pointer\":\"/age\"}\n    domain: \"validation\"\n    keyword: \"type\"\n    found: \"null\"\n    expected: [\"integer\"]\nerror: instance type (null) does not match any allowed primitive type (allowed: [\"string\"])\n    level: \"error\"\n    schema: {\"loadingURI\":\"file:/home/runner/work/player-service-taf/player-service-taf/player-service-test/target/test-classes/playerservice/schemas/create-player-response.json#\",\"pointer\":\"/properties/gender\"}\n    instance: {\"pointer\":\"/gender\"}\n    domain: \"validation\"\n    keyword: \"type\"\n    found: \"null\"\n    expected: [\"string\"]\nerror: instance type (null) does not match any allowed primitive type (allowed: [\"string\"])\n    level: \"error\"\n    schema: {\"loadingURI\":\"file:/home/runner/work/player-service-taf/player-service-taf/player-service-test/target/test-classes/playerservice/schemas/create-player-response.json#\",\"pointer\":\"/properties/password\"}\n    instance: {\"pointer\":\"/password\"}\n    domain: \"validation\"\n    keyword: \"type\"\n    found: \"null\"\n    expected: [\"string\"]\nerror: instance type (null) does not match any allowed primitive type (allowed: [\"string\"])\n    level: \"error\"\n    schema: {\"loadingURI\":\"file:/home/runner/work/player-service-taf/player-service-taf/player-service-test/target/test-classes/playerservice/schemas/create-player-response.json#\",\"pointer\":\"/properties/role\"}\n    instance: {\"pointer\":\"/role\"}\n    domain: \"validation\"\n    keyword: \"type\"\n    found: \"null\"\n    expected: [\"string\"]\nerror: instance type (null) does not match any allowed primitive type (allowed: [\"string\"])\n    level: \"error\"\n    schema: {\"loadingURI\":\"file:/home/runner/work/player-service-taf/player-service-taf/player-service-test/target/test-classes/playerservice/schemas/create-player-response.json#\",\"pointer\":\"/properties/screenName\"}\n    instance: {\"pointer\":\"/screenName\"}\n    domain: \"validation\"\n    keyword: \"type\"\n    found: \"null\"\n    expected: [\"string\"]\n\n  Actual: {\"id\":433552810,\"login\":\"M. Balmer\",\"password\":null,\"screenName\":null,\"gender\":null,\"age\":null,\"role\":null}\n","time":{"start":1728926233987,"stop":1728926234902,"duration":915}}]},"tags":["SMOKE"]},"source":"174c531dae3ad9ab.json","parameterValues":["supervisor"]}