{"uid":"f950e777ac399d2b","name":"testPlayerCanBeCreatedWithRequiredFieldsOnly","fullName":"com.companyname.playerservice.functionaltests.create.CreatePlayerTests.testPlayerCanBeCreatedWithRequiredFieldsOnly","historyId":"ebdd1c63b462e3a674eff88d06b29d2e","time":{"start":1728223652325,"stop":1728223656810,"duration":4485},"description":"Verify That user with different roles are able to CREATE Player with required fields only","descriptionHtml":"<p>Verify That user with different roles are able to CREATE Player with required fields only</p>\n","status":"failed","statusMessage":"1 expectation failed.\nResponse body doesn't match expectation.\nExpected: The content to match the given JSON schema.\nerror: instance type (null) does not match any allowed primitive type (allowed: [\"integer\"])\n    level: \"error\"\n    schema: {\"loadingURI\":\"file:/home/runner/work/player-service-taf/player-service-taf/player-service-test/target/test-classes/playerservice/schemas/create-player-response.json#\",\"pointer\":\"/properties/age\"}\n    instance: {\"pointer\":\"/age\"}\n    domain: \"validation\"\n    keyword: \"type\"\n    found: \"null\"\n    expected: [\"integer\"]\nerror: instance type (null) does not match any allowed primitive type (allowed: [\"string\"])\n    level: \"error\"\n    schema: {\"loadingURI\":\"file:/home/runner/work/player-service-taf/player-service-taf/player-service-test/target/test-classes/playerservice/schemas/create-player-response.json#\",\"pointer\":\"/properties/gender\"}\n    instance: {\"pointer\":\"/gender\"}\n    domain: \"validation\"\n    keyword: \"type\"\n    found: \"null\"\n    expected: [\"string\"]\nerror: instance type (null) does not match any allowed primitive type (allowed: [\"string\"])\n    level: \"error\"\n    schema: {\"loadingURI\":\"file:/home/runner/work/player-service-taf/player-service-taf/player-service-test/target/test-classes/playerservice/schemas/create-player-response.json#\",\"pointer\":\"/properties/password\"}\n    instance: {\"pointer\":\"/password\"}\n    domain: \"validation\"\n    keyword: \"type\"\n    found: \"null\"\n    expected: [\"string\"]\nerror: instance type (null) does not match any allowed primitive type (allowed: [\"string\"])\n    level: \"error\"\n    schema: {\"loadingURI\":\"file:/home/runner/work/player-service-taf/player-service-taf/player-service-test/target/test-classes/playerservice/schemas/create-player-response.json#\",\"pointer\":\"/properties/role\"}\n    instance: {\"pointer\":\"/role\"}\n    domain: \"validation\"\n    keyword: \"type\"\n    found: \"null\"\n    expected: [\"string\"]\nerror: instance type (null) does not match any allowed primitive type (allowed: [\"string\"])\n    level: \"error\"\n    schema: {\"loadingURI\":\"file:/home/runner/work/player-service-taf/player-service-taf/player-service-test/target/test-classes/playerservice/schemas/create-player-response.json#\",\"pointer\":\"/properties/screenName\"}\n    instance: {\"pointer\":\"/screenName\"}\n    domain: \"validation\"\n    keyword: \"type\"\n    found: \"null\"\n    expected: [\"string\"]\n\n  Actual: {\"id\":933119440,\"login\":\"Kay Mart\",\"password\":null,\"screenName\":null,\"gender\":null,\"age\":null,\"role\":null}\n","statusTrace":"java.lang.AssertionError: 1 expectation failed.\nResponse body doesn't match expectation.\nExpected: The content to match the given JSON schema.\nerror: instance type (null) does not match any allowed primitive type (allowed: [\"integer\"])\n    level: \"error\"\n    schema: {\"loadingURI\":\"file:/home/runner/work/player-service-taf/player-service-taf/player-service-test/target/test-classes/playerservice/schemas/create-player-response.json#\",\"pointer\":\"/properties/age\"}\n    instance: {\"pointer\":\"/age\"}\n    domain: \"validation\"\n    keyword: \"type\"\n    found: \"null\"\n    expected: [\"integer\"]\nerror: instance type (null) does not match any allowed primitive type (allowed: [\"string\"])\n    level: \"error\"\n    schema: {\"loadingURI\":\"file:/home/runner/work/player-service-taf/player-service-taf/player-service-test/target/test-classes/playerservice/schemas/create-player-response.json#\",\"pointer\":\"/properties/gender\"}\n    instance: {\"pointer\":\"/gender\"}\n    domain: \"validation\"\n    keyword: \"type\"\n    found: \"null\"\n    expected: [\"string\"]\nerror: instance type (null) does not match any allowed primitive type (allowed: [\"string\"])\n    level: \"error\"\n    schema: {\"loadingURI\":\"file:/home/runner/work/player-service-taf/player-service-taf/player-service-test/target/test-classes/playerservice/schemas/create-player-response.json#\",\"pointer\":\"/properties/password\"}\n    instance: {\"pointer\":\"/password\"}\n    domain: \"validation\"\n    keyword: \"type\"\n    found: \"null\"\n    expected: [\"string\"]\nerror: instance type (null) does not match any allowed primitive type (allowed: [\"string\"])\n    level: \"error\"\n    schema: {\"loadingURI\":\"file:/home/runner/work/player-service-taf/player-service-taf/player-service-test/target/test-classes/playerservice/schemas/create-player-response.json#\",\"pointer\":\"/properties/role\"}\n    instance: {\"pointer\":\"/role\"}\n    domain: \"validation\"\n    keyword: \"type\"\n    found: \"null\"\n    expected: [\"string\"]\nerror: instance type (null) does not match any allowed primitive type (allowed: [\"string\"])\n    level: \"error\"\n    schema: {\"loadingURI\":\"file:/home/runner/work/player-service-taf/player-service-taf/player-service-test/target/test-classes/playerservice/schemas/create-player-response.json#\",\"pointer\":\"/properties/screenName\"}\n    instance: {\"pointer\":\"/screenName\"}\n    domain: \"validation\"\n    keyword: \"type\"\n    found: \"null\"\n    expected: [\"string\"]\n\n  Actual: {\"id\":933119440,\"login\":\"Kay Mart\",\"password\":null,\"screenName\":null,\"gender\":null,\"age\":null,\"role\":null}\n\n\tat java.base/jdk.internal.reflect.NativeConstructorAccessorImpl.newInstance0(Native Method)\n\tat java.base/jdk.internal.reflect.NativeConstructorAccessorImpl.newInstance(NativeConstructorAccessorImpl.java:62)\n\tat java.base/jdk.internal.reflect.DelegatingConstructorAccessorImpl.newInstance(DelegatingConstructorAccessorImpl.java:45)\n\tat java.base/java.lang.reflect.Constructor.newInstance(Constructor.java:490)\n\tat org.codehaus.groovy.reflection.CachedConstructor.invoke(CachedConstructor.java:72)\n\tat org.codehaus.groovy.reflection.CachedConstructor.doConstructorInvoke(CachedConstructor.java:59)\n\tat org.codehaus.groovy.runtime.callsite.ConstructorSite$ConstructorSiteNoUnwrap.callConstructor(ConstructorSite.java:84)\n\tat org.codehaus.groovy.runtime.callsite.CallSiteArray.defaultCallConstructor(CallSiteArray.java:59)\n\tat org.codehaus.groovy.runtime.callsite.AbstractCallSite.callConstructor(AbstractCallSite.java:263)\n\tat org.codehaus.groovy.runtime.callsite.AbstractCallSite.callConstructor(AbstractCallSite.java:277)\n\tat io.restassured.internal.ResponseSpecificationImpl$HamcrestAssertionClosure.validate(ResponseSpecificationImpl.groovy:512)\n\tat io.restassured.internal.ResponseSpecificationImpl$HamcrestAssertionClosure$validate$4.call(Unknown Source)\n\tat io.restassured.internal.ResponseSpecificationImpl.validateResponseIfRequired(ResponseSpecificationImpl.groovy:696)\n\tat io.restassured.internal.ResponseSpecificationImpl.this$2$validateResponseIfRequired(ResponseSpecificationImpl.groovy)\n\tat java.base/jdk.internal.reflect.NativeMethodAccessorImpl.invoke0(Native Method)\n\tat java.base/jdk.internal.reflect.NativeMethodAccessorImpl.invoke(NativeMethodAccessorImpl.java:62)\n\tat java.base/jdk.internal.reflect.DelegatingMethodAccessorImpl.invoke(DelegatingMethodAccessorImpl.java:43)\n\tat java.base/java.lang.reflect.Method.invoke(Method.java:566)\n\tat org.codehaus.groovy.runtime.callsite.PlainObjectMetaMethodSite.doInvoke(PlainObjectMetaMethodSite.java:48)\n\tat org.codehaus.groovy.runtime.callsite.PogoMetaMethodSite$PogoCachedMethodSiteNoUnwrapNoCoerce.invoke(PogoMetaMethodSite.java:189)\n\tat org.codehaus.groovy.runtime.callsite.PogoMetaMethodSite.callCurrent(PogoMetaMethodSite.java:57)\n\tat org.codehaus.groovy.runtime.callsite.CallSiteArray.defaultCallCurrent(CallSiteArray.java:51)\n\tat org.codehaus.groovy.runtime.callsite.AbstractCallSite.callCurrent(AbstractCallSite.java:171)\n\tat org.codehaus.groovy.runtime.callsite.AbstractCallSite.callCurrent(AbstractCallSite.java:185)\n\tat io.restassured.internal.ResponseSpecificationImpl.body(ResponseSpecificationImpl.groovy:107)\n\tat io.restassured.internal.ValidatableResponseOptionsImpl.body(ValidatableResponseOptionsImpl.java:238)\n\tat com.companyname.assertions.TestAssertions.assertResponseMatchesJsonSchema(TestAssertions.java:24)\n\tat com.companyname.playerservice.functionaltests.create.CreatePlayerTests.testPlayerCanBeCreatedWithRequiredFieldsOnly(CreatePlayerTests.java:54)\n\tat java.base/jdk.internal.reflect.NativeMethodAccessorImpl.invoke0(Native Method)\n\tat java.base/jdk.internal.reflect.NativeMethodAccessorImpl.invoke(NativeMethodAccessorImpl.java:62)\n\tat java.base/jdk.internal.reflect.DelegatingMethodAccessorImpl.invoke(DelegatingMethodAccessorImpl.java:43)\n\tat java.base/java.lang.reflect.Method.invoke(Method.java:566)\n\tat org.testng.internal.MethodInvocationHelper.invokeMethod(MethodInvocationHelper.java:124)\n\tat org.testng.internal.Invoker.invokeMethod(Invoker.java:583)\n\tat org.testng.internal.Invoker.invokeTestMethod(Invoker.java:719)\n\tat org.testng.internal.Invoker.invokeTestMethods(Invoker.java:989)\n\tat org.testng.internal.TestMethodWorker.invokeTestMethods(TestMethodWorker.java:125)\n\tat org.testng.internal.TestMethodWorker.run(TestMethodWorker.java:109)\n\tat java.base/java.util.concurrent.ThreadPoolExecutor.runWorker(ThreadPoolExecutor.java:1128)\n\tat java.base/java.util.concurrent.ThreadPoolExecutor$Worker.run(ThreadPoolExecutor.java:628)\n\tat java.base/java.lang.Thread.run(Thread.java:829)\n","flaky":false,"newFailed":false,"newBroken":false,"newPassed":false,"retriesCount":0,"retriesStatusChange":false,"beforeStages":[{"name":"setupClass","time":{"start":1728223650324,"stop":1728223652231,"duration":1907},"description":"","status":"passed","steps":[],"attachments":[],"parameters":[],"shouldDisplayMessage":false,"stepsCount":0,"attachmentsCount":0,"hasContent":false}],"testStage":{"description":"Verify That user with different roles are able to CREATE Player with required fields only","status":"failed","statusMessage":"1 expectation failed.\nResponse body doesn't match expectation.\nExpected: The content to match the given JSON schema.\nerror: instance type (null) does not match any allowed primitive type (allowed: [\"integer\"])\n    level: \"error\"\n    schema: {\"loadingURI\":\"file:/home/runner/work/player-service-taf/player-service-taf/player-service-test/target/test-classes/playerservice/schemas/create-player-response.json#\",\"pointer\":\"/properties/age\"}\n    instance: {\"pointer\":\"/age\"}\n    domain: \"validation\"\n    keyword: \"type\"\n    found: \"null\"\n    expected: [\"integer\"]\nerror: instance type (null) does not match any allowed primitive type (allowed: [\"string\"])\n    level: \"error\"\n    schema: {\"loadingURI\":\"file:/home/runner/work/player-service-taf/player-service-taf/player-service-test/target/test-classes/playerservice/schemas/create-player-response.json#\",\"pointer\":\"/properties/gender\"}\n    instance: {\"pointer\":\"/gender\"}\n    domain: \"validation\"\n    keyword: \"type\"\n    found: \"null\"\n    expected: [\"string\"]\nerror: instance type (null) does not match any allowed primitive type (allowed: [\"string\"])\n    level: \"error\"\n    schema: {\"loadingURI\":\"file:/home/runner/work/player-service-taf/player-service-taf/player-service-test/target/test-classes/playerservice/schemas/create-player-response.json#\",\"pointer\":\"/properties/password\"}\n    instance: {\"pointer\":\"/password\"}\n    domain: \"validation\"\n    keyword: \"type\"\n    found: \"null\"\n    expected: [\"string\"]\nerror: instance type (null) does not match any allowed primitive type (allowed: [\"string\"])\n    level: \"error\"\n    schema: {\"loadingURI\":\"file:/home/runner/work/player-service-taf/player-service-taf/player-service-test/target/test-classes/playerservice/schemas/create-player-response.json#\",\"pointer\":\"/properties/role\"}\n    instance: {\"pointer\":\"/role\"}\n    domain: \"validation\"\n    keyword: \"type\"\n    found: \"null\"\n    expected: [\"string\"]\nerror: instance type (null) does not match any allowed primitive type (allowed: [\"string\"])\n    level: \"error\"\n    schema: {\"loadingURI\":\"file:/home/runner/work/player-service-taf/player-service-taf/player-service-test/target/test-classes/playerservice/schemas/create-player-response.json#\",\"pointer\":\"/properties/screenName\"}\n    instance: {\"pointer\":\"/screenName\"}\n    domain: \"validation\"\n    keyword: \"type\"\n    found: \"null\"\n    expected: [\"string\"]\n\n  Actual: {\"id\":933119440,\"login\":\"Kay Mart\",\"password\":null,\"screenName\":null,\"gender\":null,\"age\":null,\"role\":null}\n","statusTrace":"java.lang.AssertionError: 1 expectation failed.\nResponse body doesn't match expectation.\nExpected: The content to match the given JSON schema.\nerror: instance type (null) does not match any allowed primitive type (allowed: [\"integer\"])\n    level: \"error\"\n    schema: {\"loadingURI\":\"file:/home/runner/work/player-service-taf/player-service-taf/player-service-test/target/test-classes/playerservice/schemas/create-player-response.json#\",\"pointer\":\"/properties/age\"}\n    instance: {\"pointer\":\"/age\"}\n    domain: \"validation\"\n    keyword: \"type\"\n    found: \"null\"\n    expected: [\"integer\"]\nerror: instance type (null) does not match any allowed primitive type (allowed: [\"string\"])\n    level: \"error\"\n    schema: {\"loadingURI\":\"file:/home/runner/work/player-service-taf/player-service-taf/player-service-test/target/test-classes/playerservice/schemas/create-player-response.json#\",\"pointer\":\"/properties/gender\"}\n    instance: {\"pointer\":\"/gender\"}\n    domain: \"validation\"\n    keyword: \"type\"\n    found: \"null\"\n    expected: [\"string\"]\nerror: instance type (null) does not match any allowed primitive type (allowed: [\"string\"])\n    level: \"error\"\n    schema: {\"loadingURI\":\"file:/home/runner/work/player-service-taf/player-service-taf/player-service-test/target/test-classes/playerservice/schemas/create-player-response.json#\",\"pointer\":\"/properties/password\"}\n    instance: {\"pointer\":\"/password\"}\n    domain: \"validation\"\n    keyword: \"type\"\n    found: \"null\"\n    expected: [\"string\"]\nerror: instance type (null) does not match any allowed primitive type (allowed: [\"string\"])\n    level: \"error\"\n    schema: {\"loadingURI\":\"file:/home/runner/work/player-service-taf/player-service-taf/player-service-test/target/test-classes/playerservice/schemas/create-player-response.json#\",\"pointer\":\"/properties/role\"}\n    instance: {\"pointer\":\"/role\"}\n    domain: \"validation\"\n    keyword: \"type\"\n    found: \"null\"\n    expected: [\"string\"]\nerror: instance type (null) does not match any allowed primitive type (allowed: [\"string\"])\n    level: \"error\"\n    schema: {\"loadingURI\":\"file:/home/runner/work/player-service-taf/player-service-taf/player-service-test/target/test-classes/playerservice/schemas/create-player-response.json#\",\"pointer\":\"/properties/screenName\"}\n    instance: {\"pointer\":\"/screenName\"}\n    domain: \"validation\"\n    keyword: \"type\"\n    found: \"null\"\n    expected: [\"string\"]\n\n  Actual: {\"id\":933119440,\"login\":\"Kay Mart\",\"password\":null,\"screenName\":null,\"gender\":null,\"age\":null,\"role\":null}\n\n\tat java.base/jdk.internal.reflect.NativeConstructorAccessorImpl.newInstance0(Native Method)\n\tat java.base/jdk.internal.reflect.NativeConstructorAccessorImpl.newInstance(NativeConstructorAccessorImpl.java:62)\n\tat java.base/jdk.internal.reflect.DelegatingConstructorAccessorImpl.newInstance(DelegatingConstructorAccessorImpl.java:45)\n\tat java.base/java.lang.reflect.Constructor.newInstance(Constructor.java:490)\n\tat org.codehaus.groovy.reflection.CachedConstructor.invoke(CachedConstructor.java:72)\n\tat org.codehaus.groovy.reflection.CachedConstructor.doConstructorInvoke(CachedConstructor.java:59)\n\tat org.codehaus.groovy.runtime.callsite.ConstructorSite$ConstructorSiteNoUnwrap.callConstructor(ConstructorSite.java:84)\n\tat org.codehaus.groovy.runtime.callsite.CallSiteArray.defaultCallConstructor(CallSiteArray.java:59)\n\tat org.codehaus.groovy.runtime.callsite.AbstractCallSite.callConstructor(AbstractCallSite.java:263)\n\tat org.codehaus.groovy.runtime.callsite.AbstractCallSite.callConstructor(AbstractCallSite.java:277)\n\tat io.restassured.internal.ResponseSpecificationImpl$HamcrestAssertionClosure.validate(ResponseSpecificationImpl.groovy:512)\n\tat io.restassured.internal.ResponseSpecificationImpl$HamcrestAssertionClosure$validate$4.call(Unknown Source)\n\tat io.restassured.internal.ResponseSpecificationImpl.validateResponseIfRequired(ResponseSpecificationImpl.groovy:696)\n\tat io.restassured.internal.ResponseSpecificationImpl.this$2$validateResponseIfRequired(ResponseSpecificationImpl.groovy)\n\tat java.base/jdk.internal.reflect.NativeMethodAccessorImpl.invoke0(Native Method)\n\tat java.base/jdk.internal.reflect.NativeMethodAccessorImpl.invoke(NativeMethodAccessorImpl.java:62)\n\tat java.base/jdk.internal.reflect.DelegatingMethodAccessorImpl.invoke(DelegatingMethodAccessorImpl.java:43)\n\tat java.base/java.lang.reflect.Method.invoke(Method.java:566)\n\tat org.codehaus.groovy.runtime.callsite.PlainObjectMetaMethodSite.doInvoke(PlainObjectMetaMethodSite.java:48)\n\tat org.codehaus.groovy.runtime.callsite.PogoMetaMethodSite$PogoCachedMethodSiteNoUnwrapNoCoerce.invoke(PogoMetaMethodSite.java:189)\n\tat org.codehaus.groovy.runtime.callsite.PogoMetaMethodSite.callCurrent(PogoMetaMethodSite.java:57)\n\tat org.codehaus.groovy.runtime.callsite.CallSiteArray.defaultCallCurrent(CallSiteArray.java:51)\n\tat org.codehaus.groovy.runtime.callsite.AbstractCallSite.callCurrent(AbstractCallSite.java:171)\n\tat org.codehaus.groovy.runtime.callsite.AbstractCallSite.callCurrent(AbstractCallSite.java:185)\n\tat io.restassured.internal.ResponseSpecificationImpl.body(ResponseSpecificationImpl.groovy:107)\n\tat io.restassured.internal.ValidatableResponseOptionsImpl.body(ValidatableResponseOptionsImpl.java:238)\n\tat com.companyname.assertions.TestAssertions.assertResponseMatchesJsonSchema(TestAssertions.java:24)\n\tat com.companyname.playerservice.functionaltests.create.CreatePlayerTests.testPlayerCanBeCreatedWithRequiredFieldsOnly(CreatePlayerTests.java:54)\n\tat java.base/jdk.internal.reflect.NativeMethodAccessorImpl.invoke0(Native Method)\n\tat java.base/jdk.internal.reflect.NativeMethodAccessorImpl.invoke(NativeMethodAccessorImpl.java:62)\n\tat java.base/jdk.internal.reflect.DelegatingMethodAccessorImpl.invoke(DelegatingMethodAccessorImpl.java:43)\n\tat java.base/java.lang.reflect.Method.invoke(Method.java:566)\n\tat org.testng.internal.MethodInvocationHelper.invokeMethod(MethodInvocationHelper.java:124)\n\tat org.testng.internal.Invoker.invokeMethod(Invoker.java:583)\n\tat org.testng.internal.Invoker.invokeTestMethod(Invoker.java:719)\n\tat org.testng.internal.Invoker.invokeTestMethods(Invoker.java:989)\n\tat org.testng.internal.TestMethodWorker.invokeTestMethods(TestMethodWorker.java:125)\n\tat org.testng.internal.TestMethodWorker.run(TestMethodWorker.java:109)\n\tat java.base/java.util.concurrent.ThreadPoolExecutor.runWorker(ThreadPoolExecutor.java:1128)\n\tat java.base/java.util.concurrent.ThreadPoolExecutor$Worker.run(ThreadPoolExecutor.java:628)\n\tat java.base/java.lang.Thread.run(Thread.java:829)\n","steps":[{"name":"Execute GET request to CREATE player","time":{"start":1728223652612,"stop":1728223654791,"duration":2179},"status":"passed","steps":[],"attachments":[{"uid":"3e8573e61eba9078","name":"Request","source":"3e8573e61eba9078.html","type":"text/html","size":573},{"uid":"9610c271630dc54b","name":"HTTP/1.1 200 ","source":"9610c271630dc54b.html","type":"text/html","size":600}],"parameters":[{"name":"editor","value":"supervisor"},{"name":"player","value":"PlayerCreateRequestDTO(age=56, editor=supervisor, gender=Other, login=Kay Mart, password=null, role=user, screenName=bvljm)"}],"shouldDisplayMessage":false,"stepsCount":0,"attachmentsCount":2,"hasContent":true},{"name":"Assert response HTTP Status code is: 200","time":{"start":1728223655003,"stop":1728223655966,"duration":963},"status":"passed","steps":[{"name":"assertThat '200'","time":{"start":1728223655954,"stop":1728223655954,"duration":0},"status":"passed","steps":[],"attachments":[],"parameters":[],"shouldDisplayMessage":false,"stepsCount":0,"attachmentsCount":0,"hasContent":false},{"name":"as 'Verify status code is 200 []'","time":{"start":1728223655960,"stop":1728223655966,"duration":6},"status":"passed","steps":[{"name":"describedAs 'Verify status code is 200'","time":{"start":1728223655966,"stop":1728223655966,"duration":0},"status":"passed","steps":[],"attachments":[],"parameters":[],"shouldDisplayMessage":false,"stepsCount":0,"attachmentsCount":0,"hasContent":false}],"attachments":[],"parameters":[],"shouldDisplayMessage":false,"stepsCount":1,"attachmentsCount":0,"hasContent":true},{"name":"isEqualTo '200'","time":{"start":1728223655966,"stop":1728223655966,"duration":0},"status":"passed","steps":[],"attachments":[],"parameters":[],"shouldDisplayMessage":false,"stepsCount":0,"attachmentsCount":0,"hasContent":false}],"attachments":[],"parameters":[{"name":"response","value":"io.restassured.internal.ValidatableResponseImpl@5ee5e6c8"},{"name":"expectedStatusCode","value":"200"}],"shouldDisplayMessage":false,"stepsCount":4,"attachmentsCount":0,"hasContent":true},{"name":"Assert response matches JSON schema: playerservice/schemas/create-player-response.json","time":{"start":1728223655971,"stop":1728223656797,"duration":826},"status":"failed","statusMessage":"1 expectation failed.\nResponse body doesn't match expectation.\nExpected: The content to match the given JSON schema.\nerror: instance type (null) does not match any allowed primitive type (allowed: [\"integer\"])\n    level: \"error\"\n    schema: {\"loadingURI\":\"file:/home/runner/work/player-service-taf/player-service-taf/player-service-test/target/test-classes/playerservice/schemas/create-player-response.json#\",\"pointer\":\"/properties/age\"}\n    instance: {\"pointer\":\"/age\"}\n    domain: \"validation\"\n    keyword: \"type\"\n    found: \"null\"\n    expected: [\"integer\"]\nerror: instance type (null) does not match any allowed primitive type (allowed: [\"string\"])\n    level: \"error\"\n    schema: {\"loadingURI\":\"file:/home/runner/work/player-service-taf/player-service-taf/player-service-test/target/test-classes/playerservice/schemas/create-player-response.json#\",\"pointer\":\"/properties/gender\"}\n    instance: {\"pointer\":\"/gender\"}\n    domain: \"validation\"\n    keyword: \"type\"\n    found: \"null\"\n    expected: [\"string\"]\nerror: instance type (null) does not match any allowed primitive type (allowed: [\"string\"])\n    level: \"error\"\n    schema: {\"loadingURI\":\"file:/home/runner/work/player-service-taf/player-service-taf/player-service-test/target/test-classes/playerservice/schemas/create-player-response.json#\",\"pointer\":\"/properties/password\"}\n    instance: {\"pointer\":\"/password\"}\n    domain: \"validation\"\n    keyword: \"type\"\n    found: \"null\"\n    expected: [\"string\"]\nerror: instance type (null) does not match any allowed primitive type (allowed: [\"string\"])\n    level: \"error\"\n    schema: {\"loadingURI\":\"file:/home/runner/work/player-service-taf/player-service-taf/player-service-test/target/test-classes/playerservice/schemas/create-player-response.json#\",\"pointer\":\"/properties/role\"}\n    instance: {\"pointer\":\"/role\"}\n    domain: \"validation\"\n    keyword: \"type\"\n    found: \"null\"\n    expected: [\"string\"]\nerror: instance type (null) does not match any allowed primitive type (allowed: [\"string\"])\n    level: \"error\"\n    schema: {\"loadingURI\":\"file:/home/runner/work/player-service-taf/player-service-taf/player-service-test/target/test-classes/playerservice/schemas/create-player-response.json#\",\"pointer\":\"/properties/screenName\"}\n    instance: {\"pointer\":\"/screenName\"}\n    domain: \"validation\"\n    keyword: \"type\"\n    found: \"null\"\n    expected: [\"string\"]\n\n  Actual: {\"id\":933119440,\"login\":\"Kay Mart\",\"password\":null,\"screenName\":null,\"gender\":null,\"age\":null,\"role\":null}\n","statusTrace":"java.lang.AssertionError: 1 expectation failed.\nResponse body doesn't match expectation.\nExpected: The content to match the given JSON schema.\nerror: instance type (null) does not match any allowed primitive type (allowed: [\"integer\"])\n    level: \"error\"\n    schema: {\"loadingURI\":\"file:/home/runner/work/player-service-taf/player-service-taf/player-service-test/target/test-classes/playerservice/schemas/create-player-response.json#\",\"pointer\":\"/properties/age\"}\n    instance: {\"pointer\":\"/age\"}\n    domain: \"validation\"\n    keyword: \"type\"\n    found: \"null\"\n    expected: [\"integer\"]\nerror: instance type (null) does not match any allowed primitive type (allowed: [\"string\"])\n    level: \"error\"\n    schema: {\"loadingURI\":\"file:/home/runner/work/player-service-taf/player-service-taf/player-service-test/target/test-classes/playerservice/schemas/create-player-response.json#\",\"pointer\":\"/properties/gender\"}\n    instance: {\"pointer\":\"/gender\"}\n    domain: \"validation\"\n    keyword: \"type\"\n    found: \"null\"\n    expected: [\"string\"]\nerror: instance type (null) does not match any allowed primitive type (allowed: [\"string\"])\n    level: \"error\"\n    schema: {\"loadingURI\":\"file:/home/runner/work/player-service-taf/player-service-taf/player-service-test/target/test-classes/playerservice/schemas/create-player-response.json#\",\"pointer\":\"/properties/password\"}\n    instance: {\"pointer\":\"/password\"}\n    domain: \"validation\"\n    keyword: \"type\"\n    found: \"null\"\n    expected: [\"string\"]\nerror: instance type (null) does not match any allowed primitive type (allowed: [\"string\"])\n    level: \"error\"\n    schema: {\"loadingURI\":\"file:/home/runner/work/player-service-taf/player-service-taf/player-service-test/target/test-classes/playerservice/schemas/create-player-response.json#\",\"pointer\":\"/properties/role\"}\n    instance: {\"pointer\":\"/role\"}\n    domain: \"validation\"\n    keyword: \"type\"\n    found: \"null\"\n    expected: [\"string\"]\nerror: instance type (null) does not match any allowed primitive type (allowed: [\"string\"])\n    level: \"error\"\n    schema: {\"loadingURI\":\"file:/home/runner/work/player-service-taf/player-service-taf/player-service-test/target/test-classes/playerservice/schemas/create-player-response.json#\",\"pointer\":\"/properties/screenName\"}\n    instance: {\"pointer\":\"/screenName\"}\n    domain: \"validation\"\n    keyword: \"type\"\n    found: \"null\"\n    expected: [\"string\"]\n\n  Actual: {\"id\":933119440,\"login\":\"Kay Mart\",\"password\":null,\"screenName\":null,\"gender\":null,\"age\":null,\"role\":null}\n\n\tat java.base/jdk.internal.reflect.NativeConstructorAccessorImpl.newInstance0(Native Method)\n\tat java.base/jdk.internal.reflect.NativeConstructorAccessorImpl.newInstance(NativeConstructorAccessorImpl.java:62)\n\tat java.base/jdk.internal.reflect.DelegatingConstructorAccessorImpl.newInstance(DelegatingConstructorAccessorImpl.java:45)\n\tat java.base/java.lang.reflect.Constructor.newInstance(Constructor.java:490)\n\tat org.codehaus.groovy.reflection.CachedConstructor.invoke(CachedConstructor.java:72)\n\tat org.codehaus.groovy.reflection.CachedConstructor.doConstructorInvoke(CachedConstructor.java:59)\n\tat org.codehaus.groovy.runtime.callsite.ConstructorSite$ConstructorSiteNoUnwrap.callConstructor(ConstructorSite.java:84)\n\tat org.codehaus.groovy.runtime.callsite.CallSiteArray.defaultCallConstructor(CallSiteArray.java:59)\n\tat org.codehaus.groovy.runtime.callsite.AbstractCallSite.callConstructor(AbstractCallSite.java:263)\n\tat org.codehaus.groovy.runtime.callsite.AbstractCallSite.callConstructor(AbstractCallSite.java:277)\n\tat io.restassured.internal.ResponseSpecificationImpl$HamcrestAssertionClosure.validate(ResponseSpecificationImpl.groovy:512)\n\tat io.restassured.internal.ResponseSpecificationImpl$HamcrestAssertionClosure$validate$4.call(Unknown Source)\n\tat io.restassured.internal.ResponseSpecificationImpl.validateResponseIfRequired(ResponseSpecificationImpl.groovy:696)\n\tat io.restassured.internal.ResponseSpecificationImpl.this$2$validateResponseIfRequired(ResponseSpecificationImpl.groovy)\n\tat java.base/jdk.internal.reflect.NativeMethodAccessorImpl.invoke0(Native Method)\n\tat java.base/jdk.internal.reflect.NativeMethodAccessorImpl.invoke(NativeMethodAccessorImpl.java:62)\n\tat java.base/jdk.internal.reflect.DelegatingMethodAccessorImpl.invoke(DelegatingMethodAccessorImpl.java:43)\n\tat java.base/java.lang.reflect.Method.invoke(Method.java:566)\n\tat org.codehaus.groovy.runtime.callsite.PlainObjectMetaMethodSite.doInvoke(PlainObjectMetaMethodSite.java:48)\n\tat org.codehaus.groovy.runtime.callsite.PogoMetaMethodSite$PogoCachedMethodSiteNoUnwrapNoCoerce.invoke(PogoMetaMethodSite.java:189)\n\tat org.codehaus.groovy.runtime.callsite.PogoMetaMethodSite.callCurrent(PogoMetaMethodSite.java:57)\n\tat org.codehaus.groovy.runtime.callsite.CallSiteArray.defaultCallCurrent(CallSiteArray.java:51)\n\tat org.codehaus.groovy.runtime.callsite.AbstractCallSite.callCurrent(AbstractCallSite.java:171)\n\tat org.codehaus.groovy.runtime.callsite.AbstractCallSite.callCurrent(AbstractCallSite.java:185)\n\tat io.restassured.internal.ResponseSpecificationImpl.body(ResponseSpecificationImpl.groovy:107)\n\tat io.restassured.internal.ValidatableResponseOptionsImpl.body(ValidatableResponseOptionsImpl.java:238)\n\tat com.companyname.assertions.TestAssertions.assertResponseMatchesJsonSchema(TestAssertions.java:24)\n\tat com.companyname.playerservice.functionaltests.create.CreatePlayerTests.testPlayerCanBeCreatedWithRequiredFieldsOnly(CreatePlayerTests.java:54)\n\tat java.base/jdk.internal.reflect.NativeMethodAccessorImpl.invoke0(Native Method)\n\tat java.base/jdk.internal.reflect.NativeMethodAccessorImpl.invoke(NativeMethodAccessorImpl.java:62)\n\tat java.base/jdk.internal.reflect.DelegatingMethodAccessorImpl.invoke(DelegatingMethodAccessorImpl.java:43)\n\tat java.base/java.lang.reflect.Method.invoke(Method.java:566)\n\tat org.testng.internal.MethodInvocationHelper.invokeMethod(MethodInvocationHelper.java:124)\n\tat org.testng.internal.Invoker.invokeMethod(Invoker.java:583)\n\tat org.testng.internal.Invoker.invokeTestMethod(Invoker.java:719)\n\tat org.testng.internal.Invoker.invokeTestMethods(Invoker.java:989)\n\tat org.testng.internal.TestMethodWorker.invokeTestMethods(TestMethodWorker.java:125)\n\tat org.testng.internal.TestMethodWorker.run(TestMethodWorker.java:109)\n\tat java.base/java.util.concurrent.ThreadPoolExecutor.runWorker(ThreadPoolExecutor.java:1128)\n\tat java.base/java.util.concurrent.ThreadPoolExecutor$Worker.run(ThreadPoolExecutor.java:628)\n\tat java.base/java.lang.Thread.run(Thread.java:829)\n","steps":[],"attachments":[],"parameters":[{"name":"response","value":"io.restassured.internal.ValidatableResponseImpl@5ee5e6c8"},{"name":"schemaPath","value":"playerservice/schemas/create-player-response.json"}],"shouldDisplayMessage":true,"stepsCount":0,"attachmentsCount":0,"hasContent":true}],"attachments":[],"parameters":[],"shouldDisplayMessage":false,"stepsCount":7,"attachmentsCount":2,"hasContent":true},"afterStages":[{"name":"cleanupTest","time":{"start":1728223656834,"stop":1728223657062,"duration":228},"description":"","status":"passed","steps":[{"name":"Execute DELETE request to DELETE player","time":{"start":1728223656834,"stop":1728223657062,"duration":228},"status":"passed","steps":[],"attachments":[{"uid":"588ddaa863b8dc83","name":"Request","source":"588ddaa863b8dc83.html","type":"text/html","size":514},{"uid":"5e2c2b0b1aa2b4d3","name":"HTTP/1.1 204 ","source":"5e2c2b0b1aa2b4d3.html","type":"text/html","size":275}],"parameters":[{"name":"editor","value":"supervisor"},{"name":"id","value":"933119440"}],"shouldDisplayMessage":false,"stepsCount":0,"attachmentsCount":2,"hasContent":true}],"attachments":[],"parameters":[],"shouldDisplayMessage":false,"stepsCount":1,"attachmentsCount":2,"hasContent":true}],"labels":[{"name":"package","value":"com.companyname.playerservice.functionaltests.create.CreatePlayerTests"},{"name":"testClass","value":"com.companyname.playerservice.functionaltests.create.CreatePlayerTests"},{"name":"testMethod","value":"testPlayerCanBeCreatedWithRequiredFieldsOnly"},{"name":"parentSuite","value":"Surefire suite"},{"name":"suite","value":"Surefire test"},{"name":"subSuite","value":"com.companyname.playerservice.functionaltests.create.CreatePlayerTests"},{"name":"host","value":"fv-az665-96"},{"name":"thread","value":"2194@fv-az665-96.TestNG-test=Surefire test-3(17)"},{"name":"framework","value":"testng"},{"name":"language","value":"java"},{"name":"tag","value":"SMOKE"},{"name":"epic","value":"Player service implementation"},{"name":"feature","value":"Create Player"},{"name":"story","value":"Admin or Supervisor is able to create Player"},{"name":"severity","value":"critical"},{"name":"resultFormat","value":"allure2"}],"parameters":[{"name":"arg0","value":"supervisor"}],"links":[{"name":"PS-1234","type":"issue"},{"name":"PS-322","type":"tms"}],"hidden":false,"retry":false,"extra":{"severity":"critical","retries":[],"categories":[{"name":"Product defects","matchedStatuses":[],"flaky":false}],"history":{"statistic":{"failed":8,"broken":0,"skipped":0,"passed":0,"unknown":0,"total":8},"items":[{"uid":"8f8585e621e2825","reportUrl":"https://Dmytro-Vusyk.github.io/player-service-taf/25//#testresult/8f8585e621e2825","status":"failed","statusDetails":"1 expectation failed.\nResponse body doesn't match expectation.\nExpected: The content to match the given JSON schema.\nerror: instance type (null) does not match any allowed primitive type (allowed: [\"integer\"])\n    level: \"error\"\n    schema: {\"loadingURI\":\"file:/home/runner/work/player-service-taf/player-service-taf/player-service-test/target/test-classes/playerservice/schemas/create-player-response.json#\",\"pointer\":\"/properties/age\"}\n    instance: {\"pointer\":\"/age\"}\n    domain: \"validation\"\n    keyword: \"type\"\n    found: \"null\"\n    expected: [\"integer\"]\nerror: instance type (null) does not match any allowed primitive type (allowed: [\"string\"])\n    level: \"error\"\n    schema: {\"loadingURI\":\"file:/home/runner/work/player-service-taf/player-service-taf/player-service-test/target/test-classes/playerservice/schemas/create-player-response.json#\",\"pointer\":\"/properties/gender\"}\n    instance: {\"pointer\":\"/gender\"}\n    domain: \"validation\"\n    keyword: \"type\"\n    found: \"null\"\n    expected: [\"string\"]\nerror: instance type (null) does not match any allowed primitive type (allowed: [\"string\"])\n    level: \"error\"\n    schema: {\"loadingURI\":\"file:/home/runner/work/player-service-taf/player-service-taf/player-service-test/target/test-classes/playerservice/schemas/create-player-response.json#\",\"pointer\":\"/properties/password\"}\n    instance: {\"pointer\":\"/password\"}\n    domain: \"validation\"\n    keyword: \"type\"\n    found: \"null\"\n    expected: [\"string\"]\nerror: instance type (null) does not match any allowed primitive type (allowed: [\"string\"])\n    level: \"error\"\n    schema: {\"loadingURI\":\"file:/home/runner/work/player-service-taf/player-service-taf/player-service-test/target/test-classes/playerservice/schemas/create-player-response.json#\",\"pointer\":\"/properties/role\"}\n    instance: {\"pointer\":\"/role\"}\n    domain: \"validation\"\n    keyword: \"type\"\n    found: \"null\"\n    expected: [\"string\"]\nerror: instance type (null) does not match any allowed primitive type (allowed: [\"string\"])\n    level: \"error\"\n    schema: {\"loadingURI\":\"file:/home/runner/work/player-service-taf/player-service-taf/player-service-test/target/test-classes/playerservice/schemas/create-player-response.json#\",\"pointer\":\"/properties/screenName\"}\n    instance: {\"pointer\":\"/screenName\"}\n    domain: \"validation\"\n    keyword: \"type\"\n    found: \"null\"\n    expected: [\"string\"]\n\n  Actual: {\"id\":2084510306,\"login\":\"Chip Munk\",\"password\":null,\"screenName\":null,\"gender\":null,\"age\":null,\"role\":null}\n","time":{"start":1728004014176,"stop":1728004018372,"duration":4196}},{"uid":"9e2b33b2b57cb74c","reportUrl":"https://Dmytro-Vusyk.github.io/player-service-taf/24//#testresult/9e2b33b2b57cb74c","status":"failed","statusDetails":"1 expectation failed.\nResponse body doesn't match expectation.\nExpected: The content to match the given JSON schema.\nerror: instance type (null) does not match any allowed primitive type (allowed: [\"integer\"])\n    level: \"error\"\n    schema: {\"loadingURI\":\"file:/home/runner/work/player-service-taf/player-service-taf/player-service-test/target/test-classes/playerservice/schemas/create-player-response.json#\",\"pointer\":\"/properties/age\"}\n    instance: {\"pointer\":\"/age\"}\n    domain: \"validation\"\n    keyword: \"type\"\n    found: \"null\"\n    expected: [\"integer\"]\nerror: instance type (null) does not match any allowed primitive type (allowed: [\"string\"])\n    level: \"error\"\n    schema: {\"loadingURI\":\"file:/home/runner/work/player-service-taf/player-service-taf/player-service-test/target/test-classes/playerservice/schemas/create-player-response.json#\",\"pointer\":\"/properties/gender\"}\n    instance: {\"pointer\":\"/gender\"}\n    domain: \"validation\"\n    keyword: \"type\"\n    found: \"null\"\n    expected: [\"string\"]\nerror: instance type (null) does not match any allowed primitive type (allowed: [\"string\"])\n    level: \"error\"\n    schema: {\"loadingURI\":\"file:/home/runner/work/player-service-taf/player-service-taf/player-service-test/target/test-classes/playerservice/schemas/create-player-response.json#\",\"pointer\":\"/properties/password\"}\n    instance: {\"pointer\":\"/password\"}\n    domain: \"validation\"\n    keyword: \"type\"\n    found: \"null\"\n    expected: [\"string\"]\nerror: instance type (null) does not match any allowed primitive type (allowed: [\"string\"])\n    level: \"error\"\n    schema: {\"loadingURI\":\"file:/home/runner/work/player-service-taf/player-service-taf/player-service-test/target/test-classes/playerservice/schemas/create-player-response.json#\",\"pointer\":\"/properties/role\"}\n    instance: {\"pointer\":\"/role\"}\n    domain: \"validation\"\n    keyword: \"type\"\n    found: \"null\"\n    expected: [\"string\"]\nerror: instance type (null) does not match any allowed primitive type (allowed: [\"string\"])\n    level: \"error\"\n    schema: {\"loadingURI\":\"file:/home/runner/work/player-service-taf/player-service-taf/player-service-test/target/test-classes/playerservice/schemas/create-player-response.json#\",\"pointer\":\"/properties/screenName\"}\n    instance: {\"pointer\":\"/screenName\"}\n    domain: \"validation\"\n    keyword: \"type\"\n    found: \"null\"\n    expected: [\"string\"]\n\n  Actual: {\"id\":1062535728,\"login\":\"Candice B. Fureal\",\"password\":null,\"screenName\":null,\"gender\":null,\"age\":null,\"role\":null}\n","time":{"start":1728003779357,"stop":1728003783520,"duration":4163}},{"uid":"ee8dd1238771095d","reportUrl":"https://Dmytro-Vusyk.github.io/player-service-taf/23//#testresult/ee8dd1238771095d","status":"failed","statusDetails":"1 expectation failed.\nResponse body doesn't match expectation.\nExpected: The content to match the given JSON schema.\nerror: instance type (null) does not match any allowed primitive type (allowed: [\"integer\"])\n    level: \"error\"\n    schema: {\"loadingURI\":\"file:/home/runner/work/player-service-taf/player-service-taf/player-service-test/target/test-classes/playerservice/schemas/create-player-response.json#\",\"pointer\":\"/properties/age\"}\n    instance: {\"pointer\":\"/age\"}\n    domain: \"validation\"\n    keyword: \"type\"\n    found: \"null\"\n    expected: [\"integer\"]\nerror: instance type (null) does not match any allowed primitive type (allowed: [\"string\"])\n    level: \"error\"\n    schema: {\"loadingURI\":\"file:/home/runner/work/player-service-taf/player-service-taf/player-service-test/target/test-classes/playerservice/schemas/create-player-response.json#\",\"pointer\":\"/properties/gender\"}\n    instance: {\"pointer\":\"/gender\"}\n    domain: \"validation\"\n    keyword: \"type\"\n    found: \"null\"\n    expected: [\"string\"]\nerror: instance type (null) does not match any allowed primitive type (allowed: [\"string\"])\n    level: \"error\"\n    schema: {\"loadingURI\":\"file:/home/runner/work/player-service-taf/player-service-taf/player-service-test/target/test-classes/playerservice/schemas/create-player-response.json#\",\"pointer\":\"/properties/password\"}\n    instance: {\"pointer\":\"/password\"}\n    domain: \"validation\"\n    keyword: \"type\"\n    found: \"null\"\n    expected: [\"string\"]\nerror: instance type (null) does not match any allowed primitive type (allowed: [\"string\"])\n    level: \"error\"\n    schema: {\"loadingURI\":\"file:/home/runner/work/player-service-taf/player-service-taf/player-service-test/target/test-classes/playerservice/schemas/create-player-response.json#\",\"pointer\":\"/properties/role\"}\n    instance: {\"pointer\":\"/role\"}\n    domain: \"validation\"\n    keyword: \"type\"\n    found: \"null\"\n    expected: [\"string\"]\nerror: instance type (null) does not match any allowed primitive type (allowed: [\"string\"])\n    level: \"error\"\n    schema: {\"loadingURI\":\"file:/home/runner/work/player-service-taf/player-service-taf/player-service-test/target/test-classes/playerservice/schemas/create-player-response.json#\",\"pointer\":\"/properties/screenName\"}\n    instance: {\"pointer\":\"/screenName\"}\n    domain: \"validation\"\n    keyword: \"type\"\n    found: \"null\"\n    expected: [\"string\"]\n\n  Actual: {\"id\":2012452137,\"login\":\"Howard I. No\",\"password\":null,\"screenName\":null,\"gender\":null,\"age\":null,\"role\":null}\n","time":{"start":1728002757300,"stop":1728002761909,"duration":4609}},{"uid":"9cbb77615463e4df","reportUrl":"https://Dmytro-Vusyk.github.io/player-service-taf/22//#testresult/9cbb77615463e4df","status":"failed","statusDetails":"1 expectation failed.\nResponse body doesn't match expectation.\nExpected: The content to match the given JSON schema.\nerror: instance type (null) does not match any allowed primitive type (allowed: [\"integer\"])\n    level: \"error\"\n    schema: {\"loadingURI\":\"file:/home/runner/work/player-service-taf/player-service-taf/player-service-test/target/test-classes/playerservice/schemas/create-player-response.json#\",\"pointer\":\"/properties/age\"}\n    instance: {\"pointer\":\"/age\"}\n    domain: \"validation\"\n    keyword: \"type\"\n    found: \"null\"\n    expected: [\"integer\"]\nerror: instance type (null) does not match any allowed primitive type (allowed: [\"string\"])\n    level: \"error\"\n    schema: {\"loadingURI\":\"file:/home/runner/work/player-service-taf/player-service-taf/player-service-test/target/test-classes/playerservice/schemas/create-player-response.json#\",\"pointer\":\"/properties/gender\"}\n    instance: {\"pointer\":\"/gender\"}\n    domain: \"validation\"\n    keyword: \"type\"\n    found: \"null\"\n    expected: [\"string\"]\nerror: instance type (null) does not match any allowed primitive type (allowed: [\"string\"])\n    level: \"error\"\n    schema: {\"loadingURI\":\"file:/home/runner/work/player-service-taf/player-service-taf/player-service-test/target/test-classes/playerservice/schemas/create-player-response.json#\",\"pointer\":\"/properties/password\"}\n    instance: {\"pointer\":\"/password\"}\n    domain: \"validation\"\n    keyword: \"type\"\n    found: \"null\"\n    expected: [\"string\"]\nerror: instance type (null) does not match any allowed primitive type (allowed: [\"string\"])\n    level: \"error\"\n    schema: {\"loadingURI\":\"file:/home/runner/work/player-service-taf/player-service-taf/player-service-test/target/test-classes/playerservice/schemas/create-player-response.json#\",\"pointer\":\"/properties/role\"}\n    instance: {\"pointer\":\"/role\"}\n    domain: \"validation\"\n    keyword: \"type\"\n    found: \"null\"\n    expected: [\"string\"]\nerror: instance type (null) does not match any allowed primitive type (allowed: [\"string\"])\n    level: \"error\"\n    schema: {\"loadingURI\":\"file:/home/runner/work/player-service-taf/player-service-taf/player-service-test/target/test-classes/playerservice/schemas/create-player-response.json#\",\"pointer\":\"/properties/screenName\"}\n    instance: {\"pointer\":\"/screenName\"}\n    domain: \"validation\"\n    keyword: \"type\"\n    found: \"null\"\n    expected: [\"string\"]\n\n  Actual: {\"id\":122848639,\"login\":\"Tamara Knight\",\"password\":null,\"screenName\":null,\"gender\":null,\"age\":null,\"role\":null}\n","time":{"start":1728000373184,"stop":1728000373833,"duration":649}},{"uid":"282566a932e5bcf6","reportUrl":"https://Dmytro-Vusyk.github.io/player-service-taf/21//#testresult/282566a932e5bcf6","status":"failed","statusDetails":"1 expectation failed.\nResponse body doesn't match expectation.\nExpected: The content to match the given JSON schema.\nerror: instance type (null) does not match any allowed primitive type (allowed: [\"integer\"])\n    level: \"error\"\n    schema: {\"loadingURI\":\"file:/home/runner/work/player-service-taf/player-service-taf/player-service-test/target/test-classes/playerservice/schemas/create-player-response.json#\",\"pointer\":\"/properties/age\"}\n    instance: {\"pointer\":\"/age\"}\n    domain: \"validation\"\n    keyword: \"type\"\n    found: \"null\"\n    expected: [\"integer\"]\nerror: instance type (null) does not match any allowed primitive type (allowed: [\"string\"])\n    level: \"error\"\n    schema: {\"loadingURI\":\"file:/home/runner/work/player-service-taf/player-service-taf/player-service-test/target/test-classes/playerservice/schemas/create-player-response.json#\",\"pointer\":\"/properties/gender\"}\n    instance: {\"pointer\":\"/gender\"}\n    domain: \"validation\"\n    keyword: \"type\"\n    found: \"null\"\n    expected: [\"string\"]\nerror: instance type (null) does not match any allowed primitive type (allowed: [\"string\"])\n    level: \"error\"\n    schema: {\"loadingURI\":\"file:/home/runner/work/player-service-taf/player-service-taf/player-service-test/target/test-classes/playerservice/schemas/create-player-response.json#\",\"pointer\":\"/properties/password\"}\n    instance: {\"pointer\":\"/password\"}\n    domain: \"validation\"\n    keyword: \"type\"\n    found: \"null\"\n    expected: [\"string\"]\nerror: instance type (null) does not match any allowed primitive type (allowed: [\"string\"])\n    level: \"error\"\n    schema: {\"loadingURI\":\"file:/home/runner/work/player-service-taf/player-service-taf/player-service-test/target/test-classes/playerservice/schemas/create-player-response.json#\",\"pointer\":\"/properties/role\"}\n    instance: {\"pointer\":\"/role\"}\n    domain: \"validation\"\n    keyword: \"type\"\n    found: \"null\"\n    expected: [\"string\"]\nerror: instance type (null) does not match any allowed primitive type (allowed: [\"string\"])\n    level: \"error\"\n    schema: {\"loadingURI\":\"file:/home/runner/work/player-service-taf/player-service-taf/player-service-test/target/test-classes/playerservice/schemas/create-player-response.json#\",\"pointer\":\"/properties/screenName\"}\n    instance: {\"pointer\":\"/screenName\"}\n    domain: \"validation\"\n    keyword: \"type\"\n    found: \"null\"\n    expected: [\"string\"]\n\n  Actual: {\"id\":694821543,\"login\":\"Anita Knapp\",\"password\":null,\"screenName\":null,\"gender\":null,\"age\":null,\"role\":null}\n","time":{"start":1727991745076,"stop":1727991745649,"duration":573}},{"uid":"96c3b39d8c577f5","reportUrl":"https://Dmytro-Vusyk.github.io/player-service-taf/20//#testresult/96c3b39d8c577f5","status":"failed","statusDetails":"1 expectation failed.\nResponse body doesn't match expectation.\nExpected: The content to match the given JSON schema.\nerror: instance type (null) does not match any allowed primitive type (allowed: [\"integer\"])\n    level: \"error\"\n    schema: {\"loadingURI\":\"file:/home/runner/work/player-service-taf/player-service-taf/player-service-test/target/test-classes/playerservice/schemas/create-player-response.json#\",\"pointer\":\"/properties/age\"}\n    instance: {\"pointer\":\"/age\"}\n    domain: \"validation\"\n    keyword: \"type\"\n    found: \"null\"\n    expected: [\"integer\"]\nerror: instance type (null) does not match any allowed primitive type (allowed: [\"string\"])\n    level: \"error\"\n    schema: {\"loadingURI\":\"file:/home/runner/work/player-service-taf/player-service-taf/player-service-test/target/test-classes/playerservice/schemas/create-player-response.json#\",\"pointer\":\"/properties/gender\"}\n    instance: {\"pointer\":\"/gender\"}\n    domain: \"validation\"\n    keyword: \"type\"\n    found: \"null\"\n    expected: [\"string\"]\nerror: instance type (null) does not match any allowed primitive type (allowed: [\"string\"])\n    level: \"error\"\n    schema: {\"loadingURI\":\"file:/home/runner/work/player-service-taf/player-service-taf/player-service-test/target/test-classes/playerservice/schemas/create-player-response.json#\",\"pointer\":\"/properties/password\"}\n    instance: {\"pointer\":\"/password\"}\n    domain: \"validation\"\n    keyword: \"type\"\n    found: \"null\"\n    expected: [\"string\"]\nerror: instance type (null) does not match any allowed primitive type (allowed: [\"string\"])\n    level: \"error\"\n    schema: {\"loadingURI\":\"file:/home/runner/work/player-service-taf/player-service-taf/player-service-test/target/test-classes/playerservice/schemas/create-player-response.json#\",\"pointer\":\"/properties/role\"}\n    instance: {\"pointer\":\"/role\"}\n    domain: \"validation\"\n    keyword: \"type\"\n    found: \"null\"\n    expected: [\"string\"]\nerror: instance type (null) does not match any allowed primitive type (allowed: [\"string\"])\n    level: \"error\"\n    schema: {\"loadingURI\":\"file:/home/runner/work/player-service-taf/player-service-taf/player-service-test/target/test-classes/playerservice/schemas/create-player-response.json#\",\"pointer\":\"/properties/screenName\"}\n    instance: {\"pointer\":\"/screenName\"}\n    domain: \"validation\"\n    keyword: \"type\"\n    found: \"null\"\n    expected: [\"string\"]\n\n  Actual: {\"id\":1707152216,\"login\":\"Miss Alanius\",\"password\":null,\"screenName\":null,\"gender\":null,\"age\":null,\"role\":null}\n","time":{"start":1727980925335,"stop":1727980925866,"duration":531}},{"uid":"d84573bae5c1e9ed","reportUrl":"https://Dmytro-Vusyk.github.io/player-service-taf/19//#testresult/d84573bae5c1e9ed","status":"failed","statusDetails":"1 expectation failed.\nResponse body doesn't match expectation.\nExpected: The content to match the given JSON schema.\nerror: instance type (null) does not match any allowed primitive type (allowed: [\"integer\"])\n    level: \"error\"\n    schema: {\"loadingURI\":\"file:/home/runner/work/player-service-taf/player-service-taf/player-service-test/target/test-classes/playerservice/schemas/create-player-response.json#\",\"pointer\":\"/properties/age\"}\n    instance: {\"pointer\":\"/age\"}\n    domain: \"validation\"\n    keyword: \"type\"\n    found: \"null\"\n    expected: [\"integer\"]\nerror: instance type (null) does not match any allowed primitive type (allowed: [\"string\"])\n    level: \"error\"\n    schema: {\"loadingURI\":\"file:/home/runner/work/player-service-taf/player-service-taf/player-service-test/target/test-classes/playerservice/schemas/create-player-response.json#\",\"pointer\":\"/properties/gender\"}\n    instance: {\"pointer\":\"/gender\"}\n    domain: \"validation\"\n    keyword: \"type\"\n    found: \"null\"\n    expected: [\"string\"]\nerror: instance type (null) does not match any allowed primitive type (allowed: [\"string\"])\n    level: \"error\"\n    schema: {\"loadingURI\":\"file:/home/runner/work/player-service-taf/player-service-taf/player-service-test/target/test-classes/playerservice/schemas/create-player-response.json#\",\"pointer\":\"/properties/password\"}\n    instance: {\"pointer\":\"/password\"}\n    domain: \"validation\"\n    keyword: \"type\"\n    found: \"null\"\n    expected: [\"string\"]\nerror: instance type (null) does not match any allowed primitive type (allowed: [\"string\"])\n    level: \"error\"\n    schema: {\"loadingURI\":\"file:/home/runner/work/player-service-taf/player-service-taf/player-service-test/target/test-classes/playerservice/schemas/create-player-response.json#\",\"pointer\":\"/properties/role\"}\n    instance: {\"pointer\":\"/role\"}\n    domain: \"validation\"\n    keyword: \"type\"\n    found: \"null\"\n    expected: [\"string\"]\nerror: instance type (null) does not match any allowed primitive type (allowed: [\"string\"])\n    level: \"error\"\n    schema: {\"loadingURI\":\"file:/home/runner/work/player-service-taf/player-service-taf/player-service-test/target/test-classes/playerservice/schemas/create-player-response.json#\",\"pointer\":\"/properties/screenName\"}\n    instance: {\"pointer\":\"/screenName\"}\n    domain: \"validation\"\n    keyword: \"type\"\n    found: \"null\"\n    expected: [\"string\"]\n\n  Actual: {\"id\":1762817253,\"login\":\"George Washington Sleptier\",\"password\":null,\"screenName\":null,\"gender\":null,\"age\":null,\"role\":null}\n","time":{"start":1727978809422,"stop":1727978810158,"duration":736}}]},"tags":["SMOKE"]},"source":"f950e777ac399d2b.json","parameterValues":["supervisor"]}