{"uid":"2c0b41b5a217531","name":"testGetAllPlayersRequest","fullName":"com.companyname.playerservice.functionaltests.get.GetAllPlayersTests.testGetAllPlayersRequest","historyId":"322eec98b0e61e98843cde40013a4cdc","time":{"start":1728926236490,"stop":1728926236729,"duration":239},"description":"Verify that GET All players call returns data as expected","descriptionHtml":"<p>Verify that GET All players call returns data as expected</p>\n","status":"failed","statusMessage":"1 expectation failed.\nResponse body doesn't match expectation.\nExpected: The content to match the given JSON schema.\nerror: object has missing required properties ([\"role\"])\n    level: \"error\"\n    schema: {\"loadingURI\":\"file:/home/runner/work/player-service-taf/player-service-taf/player-service-test/target/test-classes/playerservice/schemas/get-all-players-response.json#\",\"pointer\":\"/properties/players/items\"}\n    instance: {\"pointer\":\"/players/0\"}\n    domain: \"validation\"\n    keyword: \"required\"\n    required: [\"age\",\"gender\",\"id\",\"role\",\"screenName\"]\n    missing: [\"role\"]\nerror: object has missing required properties ([\"role\"])\n    level: \"error\"\n    schema: {\"loadingURI\":\"file:/home/runner/work/player-service-taf/player-service-taf/player-service-test/target/test-classes/playerservice/schemas/get-all-players-response.json#\",\"pointer\":\"/properties/players/items\"}\n    instance: {\"pointer\":\"/players/1\"}\n    domain: \"validation\"\n    keyword: \"required\"\n    required: [\"age\",\"gender\",\"id\",\"role\",\"screenName\"]\n    missing: [\"role\"]\nerror: object has missing required properties ([\"role\"])\n    level: \"error\"\n    schema: {\"loadingURI\":\"file:/home/runner/work/player-service-taf/player-service-taf/player-service-test/target/test-classes/playerservice/schemas/get-all-players-response.json#\",\"pointer\":\"/properties/players/items\"}\n    instance: {\"pointer\":\"/players/2\"}\n    domain: \"validation\"\n    keyword: \"required\"\n    required: [\"age\",\"gender\",\"id\",\"role\",\"screenName\"]\n    missing: [\"role\"]\nerror: object has missing required properties ([\"role\"])\n    level: \"error\"\n    schema: {\"loadingURI\":\"file:/home/runner/work/player-service-taf/player-service-taf/player-service-test/target/test-classes/playerservice/schemas/get-all-players-response.json#\",\"pointer\":\"/properties/players/items\"}\n    instance: {\"pointer\":\"/players/3\"}\n    domain: \"validation\"\n    keyword: \"required\"\n    required: [\"age\",\"gender\",\"id\",\"role\",\"screenName\"]\n    missing: [\"role\"]\n\n  Actual: {\"players\":[{\"id\":1,\"screenName\":\"testSupervisor\",\"gender\":\"male\",\"age\":28},{\"id\":762709864,\"screenName\":\"Use3\",\"gender\":\"male\",\"age\":17},{\"id\":432124159,\"screenName\":\"kanfw\",\"gender\":\"Dionysus\",\"age\":47},{\"id\":286846115,\"screenName\":\"uwbjs\",\"gender\":\"Male\",\"age\":35}]}\n","statusTrace":"java.lang.AssertionError: 1 expectation failed.\nResponse body doesn't match expectation.\nExpected: The content to match the given JSON schema.\nerror: object has missing required properties ([\"role\"])\n    level: \"error\"\n    schema: {\"loadingURI\":\"file:/home/runner/work/player-service-taf/player-service-taf/player-service-test/target/test-classes/playerservice/schemas/get-all-players-response.json#\",\"pointer\":\"/properties/players/items\"}\n    instance: {\"pointer\":\"/players/0\"}\n    domain: \"validation\"\n    keyword: \"required\"\n    required: [\"age\",\"gender\",\"id\",\"role\",\"screenName\"]\n    missing: [\"role\"]\nerror: object has missing required properties ([\"role\"])\n    level: \"error\"\n    schema: {\"loadingURI\":\"file:/home/runner/work/player-service-taf/player-service-taf/player-service-test/target/test-classes/playerservice/schemas/get-all-players-response.json#\",\"pointer\":\"/properties/players/items\"}\n    instance: {\"pointer\":\"/players/1\"}\n    domain: \"validation\"\n    keyword: \"required\"\n    required: [\"age\",\"gender\",\"id\",\"role\",\"screenName\"]\n    missing: [\"role\"]\nerror: object has missing required properties ([\"role\"])\n    level: \"error\"\n    schema: {\"loadingURI\":\"file:/home/runner/work/player-service-taf/player-service-taf/player-service-test/target/test-classes/playerservice/schemas/get-all-players-response.json#\",\"pointer\":\"/properties/players/items\"}\n    instance: {\"pointer\":\"/players/2\"}\n    domain: \"validation\"\n    keyword: \"required\"\n    required: [\"age\",\"gender\",\"id\",\"role\",\"screenName\"]\n    missing: [\"role\"]\nerror: object has missing required properties ([\"role\"])\n    level: \"error\"\n    schema: {\"loadingURI\":\"file:/home/runner/work/player-service-taf/player-service-taf/player-service-test/target/test-classes/playerservice/schemas/get-all-players-response.json#\",\"pointer\":\"/properties/players/items\"}\n    instance: {\"pointer\":\"/players/3\"}\n    domain: \"validation\"\n    keyword: \"required\"\n    required: [\"age\",\"gender\",\"id\",\"role\",\"screenName\"]\n    missing: [\"role\"]\n\n  Actual: {\"players\":[{\"id\":1,\"screenName\":\"testSupervisor\",\"gender\":\"male\",\"age\":28},{\"id\":762709864,\"screenName\":\"Use3\",\"gender\":\"male\",\"age\":17},{\"id\":432124159,\"screenName\":\"kanfw\",\"gender\":\"Dionysus\",\"age\":47},{\"id\":286846115,\"screenName\":\"uwbjs\",\"gender\":\"Male\",\"age\":35}]}\n\n\tat java.base/jdk.internal.reflect.NativeConstructorAccessorImpl.newInstance0(Native Method)\n\tat java.base/jdk.internal.reflect.NativeConstructorAccessorImpl.newInstance(NativeConstructorAccessorImpl.java:62)\n\tat java.base/jdk.internal.reflect.DelegatingConstructorAccessorImpl.newInstance(DelegatingConstructorAccessorImpl.java:45)\n\tat java.base/java.lang.reflect.Constructor.newInstance(Constructor.java:490)\n\tat org.codehaus.groovy.reflection.CachedConstructor.invoke(CachedConstructor.java:72)\n\tat org.codehaus.groovy.reflection.CachedConstructor.doConstructorInvoke(CachedConstructor.java:59)\n\tat org.codehaus.groovy.runtime.callsite.ConstructorSite$ConstructorSiteNoUnwrap.callConstructor(ConstructorSite.java:84)\n\tat org.codehaus.groovy.runtime.callsite.AbstractCallSite.callConstructor(AbstractCallSite.java:277)\n\tat io.restassured.internal.ResponseSpecificationImpl$HamcrestAssertionClosure.validate(ResponseSpecificationImpl.groovy:512)\n\tat io.restassured.internal.ResponseSpecificationImpl$HamcrestAssertionClosure$validate$4.call(Unknown Source)\n\tat io.restassured.internal.ResponseSpecificationImpl.validateResponseIfRequired(ResponseSpecificationImpl.groovy:696)\n\tat io.restassured.internal.ResponseSpecificationImpl.this$2$validateResponseIfRequired(ResponseSpecificationImpl.groovy)\n\tat java.base/jdk.internal.reflect.NativeMethodAccessorImpl.invoke0(Native Method)\n\tat java.base/jdk.internal.reflect.NativeMethodAccessorImpl.invoke(NativeMethodAccessorImpl.java:62)\n\tat java.base/jdk.internal.reflect.DelegatingMethodAccessorImpl.invoke(DelegatingMethodAccessorImpl.java:43)\n\tat java.base/java.lang.reflect.Method.invoke(Method.java:566)\n\tat org.codehaus.groovy.runtime.callsite.PlainObjectMetaMethodSite.doInvoke(PlainObjectMetaMethodSite.java:48)\n\tat org.codehaus.groovy.runtime.callsite.PogoMetaMethodSite$PogoCachedMethodSiteNoUnwrapNoCoerce.invoke(PogoMetaMethodSite.java:189)\n\tat org.codehaus.groovy.runtime.callsite.PogoMetaMethodSite.callCurrent(PogoMetaMethodSite.java:57)\n\tat org.codehaus.groovy.runtime.callsite.AbstractCallSite.callCurrent(AbstractCallSite.java:185)\n\tat io.restassured.internal.ResponseSpecificationImpl.body(ResponseSpecificationImpl.groovy:107)\n\tat io.restassured.internal.ValidatableResponseOptionsImpl.body(ValidatableResponseOptionsImpl.java:238)\n\tat com.companyname.assertions.TestAssertions.assertResponseMatchesJsonSchema(TestAssertions.java:24)\n\tat com.companyname.playerservice.functionaltests.get.GetAllPlayersTests.testGetAllPlayersRequest(GetAllPlayersTests.java:26)\n\tat java.base/jdk.internal.reflect.NativeMethodAccessorImpl.invoke0(Native Method)\n\tat java.base/jdk.internal.reflect.NativeMethodAccessorImpl.invoke(NativeMethodAccessorImpl.java:62)\n\tat java.base/jdk.internal.reflect.DelegatingMethodAccessorImpl.invoke(DelegatingMethodAccessorImpl.java:43)\n\tat java.base/java.lang.reflect.Method.invoke(Method.java:566)\n\tat org.testng.internal.MethodInvocationHelper.invokeMethod(MethodInvocationHelper.java:124)\n\tat org.testng.internal.Invoker.invokeMethod(Invoker.java:583)\n\tat org.testng.internal.Invoker.invokeTestMethod(Invoker.java:719)\n\tat org.testng.internal.Invoker.invokeTestMethods(Invoker.java:989)\n\tat org.testng.internal.TestMethodWorker.invokeTestMethods(TestMethodWorker.java:125)\n\tat org.testng.internal.TestMethodWorker.run(TestMethodWorker.java:109)\n\tat java.base/java.util.concurrent.ThreadPoolExecutor.runWorker(ThreadPoolExecutor.java:1128)\n\tat java.base/java.util.concurrent.ThreadPoolExecutor$Worker.run(ThreadPoolExecutor.java:628)\n\tat java.base/java.lang.Thread.run(Thread.java:829)\n","flaky":false,"newFailed":false,"newBroken":false,"newPassed":false,"retriesCount":0,"retriesStatusChange":false,"beforeStages":[{"name":"setupClass","time":{"start":1728926236487,"stop":1728926236487,"duration":0},"description":"","status":"passed","steps":[],"attachments":[],"parameters":[],"shouldDisplayMessage":false,"stepsCount":0,"attachmentsCount":0,"hasContent":false}],"testStage":{"description":"Verify that GET All players call returns data as expected","status":"failed","statusMessage":"1 expectation failed.\nResponse body doesn't match expectation.\nExpected: The content to match the given JSON schema.\nerror: object has missing required properties ([\"role\"])\n    level: \"error\"\n    schema: {\"loadingURI\":\"file:/home/runner/work/player-service-taf/player-service-taf/player-service-test/target/test-classes/playerservice/schemas/get-all-players-response.json#\",\"pointer\":\"/properties/players/items\"}\n    instance: {\"pointer\":\"/players/0\"}\n    domain: \"validation\"\n    keyword: \"required\"\n    required: [\"age\",\"gender\",\"id\",\"role\",\"screenName\"]\n    missing: [\"role\"]\nerror: object has missing required properties ([\"role\"])\n    level: \"error\"\n    schema: {\"loadingURI\":\"file:/home/runner/work/player-service-taf/player-service-taf/player-service-test/target/test-classes/playerservice/schemas/get-all-players-response.json#\",\"pointer\":\"/properties/players/items\"}\n    instance: {\"pointer\":\"/players/1\"}\n    domain: \"validation\"\n    keyword: \"required\"\n    required: [\"age\",\"gender\",\"id\",\"role\",\"screenName\"]\n    missing: [\"role\"]\nerror: object has missing required properties ([\"role\"])\n    level: \"error\"\n    schema: {\"loadingURI\":\"file:/home/runner/work/player-service-taf/player-service-taf/player-service-test/target/test-classes/playerservice/schemas/get-all-players-response.json#\",\"pointer\":\"/properties/players/items\"}\n    instance: {\"pointer\":\"/players/2\"}\n    domain: \"validation\"\n    keyword: \"required\"\n    required: [\"age\",\"gender\",\"id\",\"role\",\"screenName\"]\n    missing: [\"role\"]\nerror: object has missing required properties ([\"role\"])\n    level: \"error\"\n    schema: {\"loadingURI\":\"file:/home/runner/work/player-service-taf/player-service-taf/player-service-test/target/test-classes/playerservice/schemas/get-all-players-response.json#\",\"pointer\":\"/properties/players/items\"}\n    instance: {\"pointer\":\"/players/3\"}\n    domain: \"validation\"\n    keyword: \"required\"\n    required: [\"age\",\"gender\",\"id\",\"role\",\"screenName\"]\n    missing: [\"role\"]\n\n  Actual: {\"players\":[{\"id\":1,\"screenName\":\"testSupervisor\",\"gender\":\"male\",\"age\":28},{\"id\":762709864,\"screenName\":\"Use3\",\"gender\":\"male\",\"age\":17},{\"id\":432124159,\"screenName\":\"kanfw\",\"gender\":\"Dionysus\",\"age\":47},{\"id\":286846115,\"screenName\":\"uwbjs\",\"gender\":\"Male\",\"age\":35}]}\n","statusTrace":"java.lang.AssertionError: 1 expectation failed.\nResponse body doesn't match expectation.\nExpected: The content to match the given JSON schema.\nerror: object has missing required properties ([\"role\"])\n    level: \"error\"\n    schema: {\"loadingURI\":\"file:/home/runner/work/player-service-taf/player-service-taf/player-service-test/target/test-classes/playerservice/schemas/get-all-players-response.json#\",\"pointer\":\"/properties/players/items\"}\n    instance: {\"pointer\":\"/players/0\"}\n    domain: \"validation\"\n    keyword: \"required\"\n    required: [\"age\",\"gender\",\"id\",\"role\",\"screenName\"]\n    missing: [\"role\"]\nerror: object has missing required properties ([\"role\"])\n    level: \"error\"\n    schema: {\"loadingURI\":\"file:/home/runner/work/player-service-taf/player-service-taf/player-service-test/target/test-classes/playerservice/schemas/get-all-players-response.json#\",\"pointer\":\"/properties/players/items\"}\n    instance: {\"pointer\":\"/players/1\"}\n    domain: \"validation\"\n    keyword: \"required\"\n    required: [\"age\",\"gender\",\"id\",\"role\",\"screenName\"]\n    missing: [\"role\"]\nerror: object has missing required properties ([\"role\"])\n    level: \"error\"\n    schema: {\"loadingURI\":\"file:/home/runner/work/player-service-taf/player-service-taf/player-service-test/target/test-classes/playerservice/schemas/get-all-players-response.json#\",\"pointer\":\"/properties/players/items\"}\n    instance: {\"pointer\":\"/players/2\"}\n    domain: \"validation\"\n    keyword: \"required\"\n    required: [\"age\",\"gender\",\"id\",\"role\",\"screenName\"]\n    missing: [\"role\"]\nerror: object has missing required properties ([\"role\"])\n    level: \"error\"\n    schema: {\"loadingURI\":\"file:/home/runner/work/player-service-taf/player-service-taf/player-service-test/target/test-classes/playerservice/schemas/get-all-players-response.json#\",\"pointer\":\"/properties/players/items\"}\n    instance: {\"pointer\":\"/players/3\"}\n    domain: \"validation\"\n    keyword: \"required\"\n    required: [\"age\",\"gender\",\"id\",\"role\",\"screenName\"]\n    missing: [\"role\"]\n\n  Actual: {\"players\":[{\"id\":1,\"screenName\":\"testSupervisor\",\"gender\":\"male\",\"age\":28},{\"id\":762709864,\"screenName\":\"Use3\",\"gender\":\"male\",\"age\":17},{\"id\":432124159,\"screenName\":\"kanfw\",\"gender\":\"Dionysus\",\"age\":47},{\"id\":286846115,\"screenName\":\"uwbjs\",\"gender\":\"Male\",\"age\":35}]}\n\n\tat java.base/jdk.internal.reflect.NativeConstructorAccessorImpl.newInstance0(Native Method)\n\tat java.base/jdk.internal.reflect.NativeConstructorAccessorImpl.newInstance(NativeConstructorAccessorImpl.java:62)\n\tat java.base/jdk.internal.reflect.DelegatingConstructorAccessorImpl.newInstance(DelegatingConstructorAccessorImpl.java:45)\n\tat java.base/java.lang.reflect.Constructor.newInstance(Constructor.java:490)\n\tat org.codehaus.groovy.reflection.CachedConstructor.invoke(CachedConstructor.java:72)\n\tat org.codehaus.groovy.reflection.CachedConstructor.doConstructorInvoke(CachedConstructor.java:59)\n\tat org.codehaus.groovy.runtime.callsite.ConstructorSite$ConstructorSiteNoUnwrap.callConstructor(ConstructorSite.java:84)\n\tat org.codehaus.groovy.runtime.callsite.AbstractCallSite.callConstructor(AbstractCallSite.java:277)\n\tat io.restassured.internal.ResponseSpecificationImpl$HamcrestAssertionClosure.validate(ResponseSpecificationImpl.groovy:512)\n\tat io.restassured.internal.ResponseSpecificationImpl$HamcrestAssertionClosure$validate$4.call(Unknown Source)\n\tat io.restassured.internal.ResponseSpecificationImpl.validateResponseIfRequired(ResponseSpecificationImpl.groovy:696)\n\tat io.restassured.internal.ResponseSpecificationImpl.this$2$validateResponseIfRequired(ResponseSpecificationImpl.groovy)\n\tat java.base/jdk.internal.reflect.NativeMethodAccessorImpl.invoke0(Native Method)\n\tat java.base/jdk.internal.reflect.NativeMethodAccessorImpl.invoke(NativeMethodAccessorImpl.java:62)\n\tat java.base/jdk.internal.reflect.DelegatingMethodAccessorImpl.invoke(DelegatingMethodAccessorImpl.java:43)\n\tat java.base/java.lang.reflect.Method.invoke(Method.java:566)\n\tat org.codehaus.groovy.runtime.callsite.PlainObjectMetaMethodSite.doInvoke(PlainObjectMetaMethodSite.java:48)\n\tat org.codehaus.groovy.runtime.callsite.PogoMetaMethodSite$PogoCachedMethodSiteNoUnwrapNoCoerce.invoke(PogoMetaMethodSite.java:189)\n\tat org.codehaus.groovy.runtime.callsite.PogoMetaMethodSite.callCurrent(PogoMetaMethodSite.java:57)\n\tat org.codehaus.groovy.runtime.callsite.AbstractCallSite.callCurrent(AbstractCallSite.java:185)\n\tat io.restassured.internal.ResponseSpecificationImpl.body(ResponseSpecificationImpl.groovy:107)\n\tat io.restassured.internal.ValidatableResponseOptionsImpl.body(ValidatableResponseOptionsImpl.java:238)\n\tat com.companyname.assertions.TestAssertions.assertResponseMatchesJsonSchema(TestAssertions.java:24)\n\tat com.companyname.playerservice.functionaltests.get.GetAllPlayersTests.testGetAllPlayersRequest(GetAllPlayersTests.java:26)\n\tat java.base/jdk.internal.reflect.NativeMethodAccessorImpl.invoke0(Native Method)\n\tat java.base/jdk.internal.reflect.NativeMethodAccessorImpl.invoke(NativeMethodAccessorImpl.java:62)\n\tat java.base/jdk.internal.reflect.DelegatingMethodAccessorImpl.invoke(DelegatingMethodAccessorImpl.java:43)\n\tat java.base/java.lang.reflect.Method.invoke(Method.java:566)\n\tat org.testng.internal.MethodInvocationHelper.invokeMethod(MethodInvocationHelper.java:124)\n\tat org.testng.internal.Invoker.invokeMethod(Invoker.java:583)\n\tat org.testng.internal.Invoker.invokeTestMethod(Invoker.java:719)\n\tat org.testng.internal.Invoker.invokeTestMethods(Invoker.java:989)\n\tat org.testng.internal.TestMethodWorker.invokeTestMethods(TestMethodWorker.java:125)\n\tat org.testng.internal.TestMethodWorker.run(TestMethodWorker.java:109)\n\tat java.base/java.util.concurrent.ThreadPoolExecutor.runWorker(ThreadPoolExecutor.java:1128)\n\tat java.base/java.util.concurrent.ThreadPoolExecutor$Worker.run(ThreadPoolExecutor.java:628)\n\tat java.base/java.lang.Thread.run(Thread.java:829)\n","steps":[{"name":"Get all players","time":{"start":1728926236491,"stop":1728926236719,"duration":228},"status":"passed","steps":[{"name":"Execute GET request to GET all players","time":{"start":1728926236491,"stop":1728926236719,"duration":228},"status":"passed","steps":[],"attachments":[{"uid":"17b01e1d2b4ca47","name":"Request","source":"17b01e1d2b4ca47.html","type":"text/html","size":323},{"uid":"57f12eca0900218b","name":"HTTP/1.1 200 ","source":"57f12eca0900218b.html","type":"text/html","size":1198}],"parameters":[],"shouldDisplayMessage":false,"stepsCount":0,"attachmentsCount":2,"hasContent":true}],"attachments":[],"parameters":[],"shouldDisplayMessage":false,"stepsCount":1,"attachmentsCount":2,"hasContent":true},{"name":"Assert response HTTP Status code is: 200","time":{"start":1728926236719,"stop":1728926236719,"duration":0},"status":"passed","steps":[{"name":"assertThat '200'","time":{"start":1728926236719,"stop":1728926236719,"duration":0},"status":"passed","steps":[],"attachments":[],"parameters":[],"shouldDisplayMessage":false,"stepsCount":0,"attachmentsCount":0,"hasContent":false},{"name":"as 'Verify status code is 200 []'","time":{"start":1728926236719,"stop":1728926236719,"duration":0},"status":"passed","steps":[{"name":"describedAs 'Verify status code is 200'","time":{"start":1728926236719,"stop":1728926236719,"duration":0},"status":"passed","steps":[],"attachments":[],"parameters":[],"shouldDisplayMessage":false,"stepsCount":0,"attachmentsCount":0,"hasContent":false}],"attachments":[],"parameters":[],"shouldDisplayMessage":false,"stepsCount":1,"attachmentsCount":0,"hasContent":true},{"name":"isEqualTo '200'","time":{"start":1728926236719,"stop":1728926236719,"duration":0},"status":"passed","steps":[],"attachments":[],"parameters":[],"shouldDisplayMessage":false,"stepsCount":0,"attachmentsCount":0,"hasContent":false}],"attachments":[],"parameters":[{"name":"response","value":"io.restassured.internal.ValidatableResponseImpl@287a8e15"},{"name":"expectedStatusCode","value":"200"}],"shouldDisplayMessage":false,"stepsCount":4,"attachmentsCount":0,"hasContent":true},{"name":"Assert response matches JSON schema: playerservice/schemas/get-all-players-response.json","time":{"start":1728926236719,"stop":1728926236728,"duration":9},"status":"failed","statusMessage":"1 expectation failed.\nResponse body doesn't match expectation.\nExpected: The content to match the given JSON schema.\nerror: object has missing required properties ([\"role\"])\n    level: \"error\"\n    schema: {\"loadingURI\":\"file:/home/runner/work/player-service-taf/player-service-taf/player-service-test/target/test-classes/playerservice/schemas/get-all-players-response.json#\",\"pointer\":\"/properties/players/items\"}\n    instance: {\"pointer\":\"/players/0\"}\n    domain: \"validation\"\n    keyword: \"required\"\n    required: [\"age\",\"gender\",\"id\",\"role\",\"screenName\"]\n    missing: [\"role\"]\nerror: object has missing required properties ([\"role\"])\n    level: \"error\"\n    schema: {\"loadingURI\":\"file:/home/runner/work/player-service-taf/player-service-taf/player-service-test/target/test-classes/playerservice/schemas/get-all-players-response.json#\",\"pointer\":\"/properties/players/items\"}\n    instance: {\"pointer\":\"/players/1\"}\n    domain: \"validation\"\n    keyword: \"required\"\n    required: [\"age\",\"gender\",\"id\",\"role\",\"screenName\"]\n    missing: [\"role\"]\nerror: object has missing required properties ([\"role\"])\n    level: \"error\"\n    schema: {\"loadingURI\":\"file:/home/runner/work/player-service-taf/player-service-taf/player-service-test/target/test-classes/playerservice/schemas/get-all-players-response.json#\",\"pointer\":\"/properties/players/items\"}\n    instance: {\"pointer\":\"/players/2\"}\n    domain: \"validation\"\n    keyword: \"required\"\n    required: [\"age\",\"gender\",\"id\",\"role\",\"screenName\"]\n    missing: [\"role\"]\nerror: object has missing required properties ([\"role\"])\n    level: \"error\"\n    schema: {\"loadingURI\":\"file:/home/runner/work/player-service-taf/player-service-taf/player-service-test/target/test-classes/playerservice/schemas/get-all-players-response.json#\",\"pointer\":\"/properties/players/items\"}\n    instance: {\"pointer\":\"/players/3\"}\n    domain: \"validation\"\n    keyword: \"required\"\n    required: [\"age\",\"gender\",\"id\",\"role\",\"screenName\"]\n    missing: [\"role\"]\n\n  Actual: {\"players\":[{\"id\":1,\"screenName\":\"testSupervisor\",\"gender\":\"male\",\"age\":28},{\"id\":762709864,\"screenName\":\"Use3\",\"gender\":\"male\",\"age\":17},{\"id\":432124159,\"screenName\":\"kanfw\",\"gender\":\"Dionysus\",\"age\":47},{\"id\":286846115,\"screenName\":\"uwbjs\",\"gender\":\"Male\",\"age\":35}]}\n","statusTrace":"java.lang.AssertionError: 1 expectation failed.\nResponse body doesn't match expectation.\nExpected: The content to match the given JSON schema.\nerror: object has missing required properties ([\"role\"])\n    level: \"error\"\n    schema: {\"loadingURI\":\"file:/home/runner/work/player-service-taf/player-service-taf/player-service-test/target/test-classes/playerservice/schemas/get-all-players-response.json#\",\"pointer\":\"/properties/players/items\"}\n    instance: {\"pointer\":\"/players/0\"}\n    domain: \"validation\"\n    keyword: \"required\"\n    required: [\"age\",\"gender\",\"id\",\"role\",\"screenName\"]\n    missing: [\"role\"]\nerror: object has missing required properties ([\"role\"])\n    level: \"error\"\n    schema: {\"loadingURI\":\"file:/home/runner/work/player-service-taf/player-service-taf/player-service-test/target/test-classes/playerservice/schemas/get-all-players-response.json#\",\"pointer\":\"/properties/players/items\"}\n    instance: {\"pointer\":\"/players/1\"}\n    domain: \"validation\"\n    keyword: \"required\"\n    required: [\"age\",\"gender\",\"id\",\"role\",\"screenName\"]\n    missing: [\"role\"]\nerror: object has missing required properties ([\"role\"])\n    level: \"error\"\n    schema: {\"loadingURI\":\"file:/home/runner/work/player-service-taf/player-service-taf/player-service-test/target/test-classes/playerservice/schemas/get-all-players-response.json#\",\"pointer\":\"/properties/players/items\"}\n    instance: {\"pointer\":\"/players/2\"}\n    domain: \"validation\"\n    keyword: \"required\"\n    required: [\"age\",\"gender\",\"id\",\"role\",\"screenName\"]\n    missing: [\"role\"]\nerror: object has missing required properties ([\"role\"])\n    level: \"error\"\n    schema: {\"loadingURI\":\"file:/home/runner/work/player-service-taf/player-service-taf/player-service-test/target/test-classes/playerservice/schemas/get-all-players-response.json#\",\"pointer\":\"/properties/players/items\"}\n    instance: {\"pointer\":\"/players/3\"}\n    domain: \"validation\"\n    keyword: \"required\"\n    required: [\"age\",\"gender\",\"id\",\"role\",\"screenName\"]\n    missing: [\"role\"]\n\n  Actual: {\"players\":[{\"id\":1,\"screenName\":\"testSupervisor\",\"gender\":\"male\",\"age\":28},{\"id\":762709864,\"screenName\":\"Use3\",\"gender\":\"male\",\"age\":17},{\"id\":432124159,\"screenName\":\"kanfw\",\"gender\":\"Dionysus\",\"age\":47},{\"id\":286846115,\"screenName\":\"uwbjs\",\"gender\":\"Male\",\"age\":35}]}\n\n\tat java.base/jdk.internal.reflect.NativeConstructorAccessorImpl.newInstance0(Native Method)\n\tat java.base/jdk.internal.reflect.NativeConstructorAccessorImpl.newInstance(NativeConstructorAccessorImpl.java:62)\n\tat java.base/jdk.internal.reflect.DelegatingConstructorAccessorImpl.newInstance(DelegatingConstructorAccessorImpl.java:45)\n\tat java.base/java.lang.reflect.Constructor.newInstance(Constructor.java:490)\n\tat org.codehaus.groovy.reflection.CachedConstructor.invoke(CachedConstructor.java:72)\n\tat org.codehaus.groovy.reflection.CachedConstructor.doConstructorInvoke(CachedConstructor.java:59)\n\tat org.codehaus.groovy.runtime.callsite.ConstructorSite$ConstructorSiteNoUnwrap.callConstructor(ConstructorSite.java:84)\n\tat org.codehaus.groovy.runtime.callsite.AbstractCallSite.callConstructor(AbstractCallSite.java:277)\n\tat io.restassured.internal.ResponseSpecificationImpl$HamcrestAssertionClosure.validate(ResponseSpecificationImpl.groovy:512)\n\tat io.restassured.internal.ResponseSpecificationImpl$HamcrestAssertionClosure$validate$4.call(Unknown Source)\n\tat io.restassured.internal.ResponseSpecificationImpl.validateResponseIfRequired(ResponseSpecificationImpl.groovy:696)\n\tat io.restassured.internal.ResponseSpecificationImpl.this$2$validateResponseIfRequired(ResponseSpecificationImpl.groovy)\n\tat java.base/jdk.internal.reflect.NativeMethodAccessorImpl.invoke0(Native Method)\n\tat java.base/jdk.internal.reflect.NativeMethodAccessorImpl.invoke(NativeMethodAccessorImpl.java:62)\n\tat java.base/jdk.internal.reflect.DelegatingMethodAccessorImpl.invoke(DelegatingMethodAccessorImpl.java:43)\n\tat java.base/java.lang.reflect.Method.invoke(Method.java:566)\n\tat org.codehaus.groovy.runtime.callsite.PlainObjectMetaMethodSite.doInvoke(PlainObjectMetaMethodSite.java:48)\n\tat org.codehaus.groovy.runtime.callsite.PogoMetaMethodSite$PogoCachedMethodSiteNoUnwrapNoCoerce.invoke(PogoMetaMethodSite.java:189)\n\tat org.codehaus.groovy.runtime.callsite.PogoMetaMethodSite.callCurrent(PogoMetaMethodSite.java:57)\n\tat org.codehaus.groovy.runtime.callsite.AbstractCallSite.callCurrent(AbstractCallSite.java:185)\n\tat io.restassured.internal.ResponseSpecificationImpl.body(ResponseSpecificationImpl.groovy:107)\n\tat io.restassured.internal.ValidatableResponseOptionsImpl.body(ValidatableResponseOptionsImpl.java:238)\n\tat com.companyname.assertions.TestAssertions.assertResponseMatchesJsonSchema(TestAssertions.java:24)\n\tat com.companyname.playerservice.functionaltests.get.GetAllPlayersTests.testGetAllPlayersRequest(GetAllPlayersTests.java:26)\n\tat java.base/jdk.internal.reflect.NativeMethodAccessorImpl.invoke0(Native Method)\n\tat java.base/jdk.internal.reflect.NativeMethodAccessorImpl.invoke(NativeMethodAccessorImpl.java:62)\n\tat java.base/jdk.internal.reflect.DelegatingMethodAccessorImpl.invoke(DelegatingMethodAccessorImpl.java:43)\n\tat java.base/java.lang.reflect.Method.invoke(Method.java:566)\n\tat org.testng.internal.MethodInvocationHelper.invokeMethod(MethodInvocationHelper.java:124)\n\tat org.testng.internal.Invoker.invokeMethod(Invoker.java:583)\n\tat org.testng.internal.Invoker.invokeTestMethod(Invoker.java:719)\n\tat org.testng.internal.Invoker.invokeTestMethods(Invoker.java:989)\n\tat org.testng.internal.TestMethodWorker.invokeTestMethods(TestMethodWorker.java:125)\n\tat org.testng.internal.TestMethodWorker.run(TestMethodWorker.java:109)\n\tat java.base/java.util.concurrent.ThreadPoolExecutor.runWorker(ThreadPoolExecutor.java:1128)\n\tat java.base/java.util.concurrent.ThreadPoolExecutor$Worker.run(ThreadPoolExecutor.java:628)\n\tat java.base/java.lang.Thread.run(Thread.java:829)\n","steps":[],"attachments":[],"parameters":[{"name":"response","value":"io.restassured.internal.ValidatableResponseImpl@287a8e15"},{"name":"schemaPath","value":"playerservice/schemas/get-all-players-response.json"}],"shouldDisplayMessage":true,"stepsCount":0,"attachmentsCount":0,"hasContent":true}],"attachments":[],"parameters":[],"shouldDisplayMessage":false,"stepsCount":8,"attachmentsCount":2,"hasContent":true},"afterStages":[],"labels":[{"name":"package","value":"com.companyname.playerservice.functionaltests.get.GetAllPlayersTests"},{"name":"testClass","value":"com.companyname.playerservice.functionaltests.get.GetAllPlayersTests"},{"name":"testMethod","value":"testGetAllPlayersRequest"},{"name":"parentSuite","value":"Surefire suite"},{"name":"suite","value":"Surefire test"},{"name":"subSuite","value":"com.companyname.playerservice.functionaltests.get.GetAllPlayersTests"},{"name":"host","value":"fv-az1691-595"},{"name":"thread","value":"2545@fv-az1691-595.TestNG-test=Surefire test-3(17)"},{"name":"framework","value":"testng"},{"name":"language","value":"java"},{"name":"tag","value":"SMOKE"},{"name":"tag","value":"BUG"},{"name":"epic","value":"Player service implementation"},{"name":"story","value":"API consumer is able to get all Players"},{"name":"feature","value":"Get Player"},{"name":"severity","value":"critical"},{"name":"resultFormat","value":"allure2"}],"parameters":[],"links":[{"name":"PS-320","type":"tms"},{"name":"PS-12350","type":"issue"}],"hidden":false,"retry":false,"extra":{"severity":"critical","retries":[],"categories":[{"name":"Product defects","matchedStatuses":[],"flaky":false}],"tags":["BUG","SMOKE"]},"source":"2c0b41b5a217531.json","parameterValues":[]}