{"uid":"dbd041fccc04ec8f","name":"testPlayerWithAllFieldsCanBeCreated","fullName":"com.companyname.playerservice.functionaltests.create.CreatePlayerTests.testPlayerWithAllFieldsCanBeCreated","historyId":"c81bbac6b4fd61587f9b2ada29d5c271","time":{"start":1728926233987,"stop":1728926234902,"duration":915},"description":"Verify that user with different roles are able to CREATE Players","descriptionHtml":"<p>Verify that user with different roles are able to CREATE Players</p>\n","status":"failed","statusMessage":"1 expectation failed.\nResponse body doesn't match expectation.\nExpected: The content to match the given JSON schema.\nerror: instance type (null) does not match any allowed primitive type (allowed: [\"integer\"])\n    level: \"error\"\n    schema: {\"loadingURI\":\"file:/home/runner/work/player-service-taf/player-service-taf/player-service-test/target/test-classes/playerservice/schemas/create-player-response.json#\",\"pointer\":\"/properties/age\"}\n    instance: {\"pointer\":\"/age\"}\n    domain: \"validation\"\n    keyword: \"type\"\n    found: \"null\"\n    expected: [\"integer\"]\nerror: instance type (null) does not match any allowed primitive type (allowed: [\"string\"])\n    level: \"error\"\n    schema: {\"loadingURI\":\"file:/home/runner/work/player-service-taf/player-service-taf/player-service-test/target/test-classes/playerservice/schemas/create-player-response.json#\",\"pointer\":\"/properties/gender\"}\n    instance: {\"pointer\":\"/gender\"}\n    domain: \"validation\"\n    keyword: \"type\"\n    found: \"null\"\n    expected: [\"string\"]\nerror: instance type (null) does not match any allowed primitive type (allowed: [\"string\"])\n    level: \"error\"\n    schema: {\"loadingURI\":\"file:/home/runner/work/player-service-taf/player-service-taf/player-service-test/target/test-classes/playerservice/schemas/create-player-response.json#\",\"pointer\":\"/properties/password\"}\n    instance: {\"pointer\":\"/password\"}\n    domain: \"validation\"\n    keyword: \"type\"\n    found: \"null\"\n    expected: [\"string\"]\nerror: instance type (null) does not match any allowed primitive type (allowed: [\"string\"])\n    level: \"error\"\n    schema: {\"loadingURI\":\"file:/home/runner/work/player-service-taf/player-service-taf/player-service-test/target/test-classes/playerservice/schemas/create-player-response.json#\",\"pointer\":\"/properties/role\"}\n    instance: {\"pointer\":\"/role\"}\n    domain: \"validation\"\n    keyword: \"type\"\n    found: \"null\"\n    expected: [\"string\"]\nerror: instance type (null) does not match any allowed primitive type (allowed: [\"string\"])\n    level: \"error\"\n    schema: {\"loadingURI\":\"file:/home/runner/work/player-service-taf/player-service-taf/player-service-test/target/test-classes/playerservice/schemas/create-player-response.json#\",\"pointer\":\"/properties/screenName\"}\n    instance: {\"pointer\":\"/screenName\"}\n    domain: \"validation\"\n    keyword: \"type\"\n    found: \"null\"\n    expected: [\"string\"]\n\n  Actual: {\"id\":433552810,\"login\":\"M. Balmer\",\"password\":null,\"screenName\":null,\"gender\":null,\"age\":null,\"role\":null}\n","statusTrace":"java.lang.AssertionError: 1 expectation failed.\nResponse body doesn't match expectation.\nExpected: The content to match the given JSON schema.\nerror: instance type (null) does not match any allowed primitive type (allowed: [\"integer\"])\n    level: \"error\"\n    schema: {\"loadingURI\":\"file:/home/runner/work/player-service-taf/player-service-taf/player-service-test/target/test-classes/playerservice/schemas/create-player-response.json#\",\"pointer\":\"/properties/age\"}\n    instance: {\"pointer\":\"/age\"}\n    domain: \"validation\"\n    keyword: \"type\"\n    found: \"null\"\n    expected: [\"integer\"]\nerror: instance type (null) does not match any allowed primitive type (allowed: [\"string\"])\n    level: \"error\"\n    schema: {\"loadingURI\":\"file:/home/runner/work/player-service-taf/player-service-taf/player-service-test/target/test-classes/playerservice/schemas/create-player-response.json#\",\"pointer\":\"/properties/gender\"}\n    instance: {\"pointer\":\"/gender\"}\n    domain: \"validation\"\n    keyword: \"type\"\n    found: \"null\"\n    expected: [\"string\"]\nerror: instance type (null) does not match any allowed primitive type (allowed: [\"string\"])\n    level: \"error\"\n    schema: {\"loadingURI\":\"file:/home/runner/work/player-service-taf/player-service-taf/player-service-test/target/test-classes/playerservice/schemas/create-player-response.json#\",\"pointer\":\"/properties/password\"}\n    instance: {\"pointer\":\"/password\"}\n    domain: \"validation\"\n    keyword: \"type\"\n    found: \"null\"\n    expected: [\"string\"]\nerror: instance type (null) does not match any allowed primitive type (allowed: [\"string\"])\n    level: \"error\"\n    schema: {\"loadingURI\":\"file:/home/runner/work/player-service-taf/player-service-taf/player-service-test/target/test-classes/playerservice/schemas/create-player-response.json#\",\"pointer\":\"/properties/role\"}\n    instance: {\"pointer\":\"/role\"}\n    domain: \"validation\"\n    keyword: \"type\"\n    found: \"null\"\n    expected: [\"string\"]\nerror: instance type (null) does not match any allowed primitive type (allowed: [\"string\"])\n    level: \"error\"\n    schema: {\"loadingURI\":\"file:/home/runner/work/player-service-taf/player-service-taf/player-service-test/target/test-classes/playerservice/schemas/create-player-response.json#\",\"pointer\":\"/properties/screenName\"}\n    instance: {\"pointer\":\"/screenName\"}\n    domain: \"validation\"\n    keyword: \"type\"\n    found: \"null\"\n    expected: [\"string\"]\n\n  Actual: {\"id\":433552810,\"login\":\"M. Balmer\",\"password\":null,\"screenName\":null,\"gender\":null,\"age\":null,\"role\":null}\n\n\tat java.base/jdk.internal.reflect.NativeConstructorAccessorImpl.newInstance0(Native Method)\n\tat java.base/jdk.internal.reflect.NativeConstructorAccessorImpl.newInstance(NativeConstructorAccessorImpl.java:62)\n\tat java.base/jdk.internal.reflect.DelegatingConstructorAccessorImpl.newInstance(DelegatingConstructorAccessorImpl.java:45)\n\tat java.base/java.lang.reflect.Constructor.newInstance(Constructor.java:490)\n\tat org.codehaus.groovy.reflection.CachedConstructor.invoke(CachedConstructor.java:72)\n\tat org.codehaus.groovy.reflection.CachedConstructor.doConstructorInvoke(CachedConstructor.java:59)\n\tat org.codehaus.groovy.runtime.callsite.ConstructorSite$ConstructorSiteNoUnwrap.callConstructor(ConstructorSite.java:84)\n\tat org.codehaus.groovy.runtime.callsite.CallSiteArray.defaultCallConstructor(CallSiteArray.java:59)\n\tat org.codehaus.groovy.runtime.callsite.AbstractCallSite.callConstructor(AbstractCallSite.java:263)\n\tat org.codehaus.groovy.runtime.callsite.AbstractCallSite.callConstructor(AbstractCallSite.java:277)\n\tat io.restassured.internal.ResponseSpecificationImpl$HamcrestAssertionClosure.validate(ResponseSpecificationImpl.groovy:512)\n\tat io.restassured.internal.ResponseSpecificationImpl$HamcrestAssertionClosure$validate$4.call(Unknown Source)\n\tat io.restassured.internal.ResponseSpecificationImpl.validateResponseIfRequired(ResponseSpecificationImpl.groovy:696)\n\tat io.restassured.internal.ResponseSpecificationImpl.this$2$validateResponseIfRequired(ResponseSpecificationImpl.groovy)\n\tat java.base/jdk.internal.reflect.NativeMethodAccessorImpl.invoke0(Native Method)\n\tat java.base/jdk.internal.reflect.NativeMethodAccessorImpl.invoke(NativeMethodAccessorImpl.java:62)\n\tat java.base/jdk.internal.reflect.DelegatingMethodAccessorImpl.invoke(DelegatingMethodAccessorImpl.java:43)\n\tat java.base/java.lang.reflect.Method.invoke(Method.java:566)\n\tat org.codehaus.groovy.runtime.callsite.PlainObjectMetaMethodSite.doInvoke(PlainObjectMetaMethodSite.java:48)\n\tat org.codehaus.groovy.runtime.callsite.PogoMetaMethodSite$PogoCachedMethodSiteNoUnwrapNoCoerce.invoke(PogoMetaMethodSite.java:189)\n\tat org.codehaus.groovy.runtime.callsite.PogoMetaMethodSite.callCurrent(PogoMetaMethodSite.java:57)\n\tat org.codehaus.groovy.runtime.callsite.AbstractCallSite.callCurrent(AbstractCallSite.java:185)\n\tat org.codehaus.groovy.runtime.callsite.AbstractCallSite.callCurrent(AbstractCallSite.java:183)\n\tat io.restassured.internal.ResponseSpecificationImpl.body(ResponseSpecificationImpl.groovy:107)\n\tat io.restassured.internal.ValidatableResponseOptionsImpl.body(ValidatableResponseOptionsImpl.java:238)\n\tat com.companyname.assertions.TestAssertions.assertResponseMatchesJsonSchema(TestAssertions.java:24)\n\tat com.companyname.playerservice.functionaltests.create.CreatePlayerTests.testPlayerWithAllFieldsCanBeCreated(CreatePlayerTests.java:39)\n\tat java.base/jdk.internal.reflect.NativeMethodAccessorImpl.invoke0(Native Method)\n\tat java.base/jdk.internal.reflect.NativeMethodAccessorImpl.invoke(NativeMethodAccessorImpl.java:62)\n\tat java.base/jdk.internal.reflect.DelegatingMethodAccessorImpl.invoke(DelegatingMethodAccessorImpl.java:43)\n\tat java.base/java.lang.reflect.Method.invoke(Method.java:566)\n\tat org.testng.internal.MethodInvocationHelper.invokeMethod(MethodInvocationHelper.java:124)\n\tat org.testng.internal.Invoker.invokeMethod(Invoker.java:583)\n\tat org.testng.internal.Invoker.invokeTestMethod(Invoker.java:719)\n\tat org.testng.internal.Invoker.invokeTestMethods(Invoker.java:989)\n\tat org.testng.internal.TestMethodWorker.invokeTestMethods(TestMethodWorker.java:125)\n\tat org.testng.internal.TestMethodWorker.run(TestMethodWorker.java:109)\n\tat java.base/java.util.concurrent.ThreadPoolExecutor.runWorker(ThreadPoolExecutor.java:1128)\n\tat java.base/java.util.concurrent.ThreadPoolExecutor$Worker.run(ThreadPoolExecutor.java:628)\n\tat java.base/java.lang.Thread.run(Thread.java:829)\n","flaky":false,"newFailed":false,"newBroken":false,"newPassed":false,"retriesCount":0,"retriesStatusChange":false,"beforeStages":[{"name":"setupClass","time":{"start":1728926233979,"stop":1728926233979,"duration":0},"description":"","status":"passed","steps":[],"attachments":[],"parameters":[],"shouldDisplayMessage":false,"stepsCount":0,"attachmentsCount":0,"hasContent":false}],"testStage":{"description":"Verify that user with different roles are able to CREATE Players","status":"failed","statusMessage":"1 expectation failed.\nResponse body doesn't match expectation.\nExpected: The content to match the given JSON schema.\nerror: instance type (null) does not match any allowed primitive type (allowed: [\"integer\"])\n    level: \"error\"\n    schema: {\"loadingURI\":\"file:/home/runner/work/player-service-taf/player-service-taf/player-service-test/target/test-classes/playerservice/schemas/create-player-response.json#\",\"pointer\":\"/properties/age\"}\n    instance: {\"pointer\":\"/age\"}\n    domain: \"validation\"\n    keyword: \"type\"\n    found: \"null\"\n    expected: [\"integer\"]\nerror: instance type (null) does not match any allowed primitive type (allowed: [\"string\"])\n    level: \"error\"\n    schema: {\"loadingURI\":\"file:/home/runner/work/player-service-taf/player-service-taf/player-service-test/target/test-classes/playerservice/schemas/create-player-response.json#\",\"pointer\":\"/properties/gender\"}\n    instance: {\"pointer\":\"/gender\"}\n    domain: \"validation\"\n    keyword: \"type\"\n    found: \"null\"\n    expected: [\"string\"]\nerror: instance type (null) does not match any allowed primitive type (allowed: [\"string\"])\n    level: \"error\"\n    schema: {\"loadingURI\":\"file:/home/runner/work/player-service-taf/player-service-taf/player-service-test/target/test-classes/playerservice/schemas/create-player-response.json#\",\"pointer\":\"/properties/password\"}\n    instance: {\"pointer\":\"/password\"}\n    domain: \"validation\"\n    keyword: \"type\"\n    found: \"null\"\n    expected: [\"string\"]\nerror: instance type (null) does not match any allowed primitive type (allowed: [\"string\"])\n    level: \"error\"\n    schema: {\"loadingURI\":\"file:/home/runner/work/player-service-taf/player-service-taf/player-service-test/target/test-classes/playerservice/schemas/create-player-response.json#\",\"pointer\":\"/properties/role\"}\n    instance: {\"pointer\":\"/role\"}\n    domain: \"validation\"\n    keyword: \"type\"\n    found: \"null\"\n    expected: [\"string\"]\nerror: instance type (null) does not match any allowed primitive type (allowed: [\"string\"])\n    level: \"error\"\n    schema: {\"loadingURI\":\"file:/home/runner/work/player-service-taf/player-service-taf/player-service-test/target/test-classes/playerservice/schemas/create-player-response.json#\",\"pointer\":\"/properties/screenName\"}\n    instance: {\"pointer\":\"/screenName\"}\n    domain: \"validation\"\n    keyword: \"type\"\n    found: \"null\"\n    expected: [\"string\"]\n\n  Actual: {\"id\":433552810,\"login\":\"M. Balmer\",\"password\":null,\"screenName\":null,\"gender\":null,\"age\":null,\"role\":null}\n","statusTrace":"java.lang.AssertionError: 1 expectation failed.\nResponse body doesn't match expectation.\nExpected: The content to match the given JSON schema.\nerror: instance type (null) does not match any allowed primitive type (allowed: [\"integer\"])\n    level: \"error\"\n    schema: {\"loadingURI\":\"file:/home/runner/work/player-service-taf/player-service-taf/player-service-test/target/test-classes/playerservice/schemas/create-player-response.json#\",\"pointer\":\"/properties/age\"}\n    instance: {\"pointer\":\"/age\"}\n    domain: \"validation\"\n    keyword: \"type\"\n    found: \"null\"\n    expected: [\"integer\"]\nerror: instance type (null) does not match any allowed primitive type (allowed: [\"string\"])\n    level: \"error\"\n    schema: {\"loadingURI\":\"file:/home/runner/work/player-service-taf/player-service-taf/player-service-test/target/test-classes/playerservice/schemas/create-player-response.json#\",\"pointer\":\"/properties/gender\"}\n    instance: {\"pointer\":\"/gender\"}\n    domain: \"validation\"\n    keyword: \"type\"\n    found: \"null\"\n    expected: [\"string\"]\nerror: instance type (null) does not match any allowed primitive type (allowed: [\"string\"])\n    level: \"error\"\n    schema: {\"loadingURI\":\"file:/home/runner/work/player-service-taf/player-service-taf/player-service-test/target/test-classes/playerservice/schemas/create-player-response.json#\",\"pointer\":\"/properties/password\"}\n    instance: {\"pointer\":\"/password\"}\n    domain: \"validation\"\n    keyword: \"type\"\n    found: \"null\"\n    expected: [\"string\"]\nerror: instance type (null) does not match any allowed primitive type (allowed: [\"string\"])\n    level: \"error\"\n    schema: {\"loadingURI\":\"file:/home/runner/work/player-service-taf/player-service-taf/player-service-test/target/test-classes/playerservice/schemas/create-player-response.json#\",\"pointer\":\"/properties/role\"}\n    instance: {\"pointer\":\"/role\"}\n    domain: \"validation\"\n    keyword: \"type\"\n    found: \"null\"\n    expected: [\"string\"]\nerror: instance type (null) does not match any allowed primitive type (allowed: [\"string\"])\n    level: \"error\"\n    schema: {\"loadingURI\":\"file:/home/runner/work/player-service-taf/player-service-taf/player-service-test/target/test-classes/playerservice/schemas/create-player-response.json#\",\"pointer\":\"/properties/screenName\"}\n    instance: {\"pointer\":\"/screenName\"}\n    domain: \"validation\"\n    keyword: \"type\"\n    found: \"null\"\n    expected: [\"string\"]\n\n  Actual: {\"id\":433552810,\"login\":\"M. Balmer\",\"password\":null,\"screenName\":null,\"gender\":null,\"age\":null,\"role\":null}\n\n\tat java.base/jdk.internal.reflect.NativeConstructorAccessorImpl.newInstance0(Native Method)\n\tat java.base/jdk.internal.reflect.NativeConstructorAccessorImpl.newInstance(NativeConstructorAccessorImpl.java:62)\n\tat java.base/jdk.internal.reflect.DelegatingConstructorAccessorImpl.newInstance(DelegatingConstructorAccessorImpl.java:45)\n\tat java.base/java.lang.reflect.Constructor.newInstance(Constructor.java:490)\n\tat org.codehaus.groovy.reflection.CachedConstructor.invoke(CachedConstructor.java:72)\n\tat org.codehaus.groovy.reflection.CachedConstructor.doConstructorInvoke(CachedConstructor.java:59)\n\tat org.codehaus.groovy.runtime.callsite.ConstructorSite$ConstructorSiteNoUnwrap.callConstructor(ConstructorSite.java:84)\n\tat org.codehaus.groovy.runtime.callsite.CallSiteArray.defaultCallConstructor(CallSiteArray.java:59)\n\tat org.codehaus.groovy.runtime.callsite.AbstractCallSite.callConstructor(AbstractCallSite.java:263)\n\tat org.codehaus.groovy.runtime.callsite.AbstractCallSite.callConstructor(AbstractCallSite.java:277)\n\tat io.restassured.internal.ResponseSpecificationImpl$HamcrestAssertionClosure.validate(ResponseSpecificationImpl.groovy:512)\n\tat io.restassured.internal.ResponseSpecificationImpl$HamcrestAssertionClosure$validate$4.call(Unknown Source)\n\tat io.restassured.internal.ResponseSpecificationImpl.validateResponseIfRequired(ResponseSpecificationImpl.groovy:696)\n\tat io.restassured.internal.ResponseSpecificationImpl.this$2$validateResponseIfRequired(ResponseSpecificationImpl.groovy)\n\tat java.base/jdk.internal.reflect.NativeMethodAccessorImpl.invoke0(Native Method)\n\tat java.base/jdk.internal.reflect.NativeMethodAccessorImpl.invoke(NativeMethodAccessorImpl.java:62)\n\tat java.base/jdk.internal.reflect.DelegatingMethodAccessorImpl.invoke(DelegatingMethodAccessorImpl.java:43)\n\tat java.base/java.lang.reflect.Method.invoke(Method.java:566)\n\tat org.codehaus.groovy.runtime.callsite.PlainObjectMetaMethodSite.doInvoke(PlainObjectMetaMethodSite.java:48)\n\tat org.codehaus.groovy.runtime.callsite.PogoMetaMethodSite$PogoCachedMethodSiteNoUnwrapNoCoerce.invoke(PogoMetaMethodSite.java:189)\n\tat org.codehaus.groovy.runtime.callsite.PogoMetaMethodSite.callCurrent(PogoMetaMethodSite.java:57)\n\tat org.codehaus.groovy.runtime.callsite.AbstractCallSite.callCurrent(AbstractCallSite.java:185)\n\tat org.codehaus.groovy.runtime.callsite.AbstractCallSite.callCurrent(AbstractCallSite.java:183)\n\tat io.restassured.internal.ResponseSpecificationImpl.body(ResponseSpecificationImpl.groovy:107)\n\tat io.restassured.internal.ValidatableResponseOptionsImpl.body(ValidatableResponseOptionsImpl.java:238)\n\tat com.companyname.assertions.TestAssertions.assertResponseMatchesJsonSchema(TestAssertions.java:24)\n\tat com.companyname.playerservice.functionaltests.create.CreatePlayerTests.testPlayerWithAllFieldsCanBeCreated(CreatePlayerTests.java:39)\n\tat java.base/jdk.internal.reflect.NativeMethodAccessorImpl.invoke0(Native Method)\n\tat java.base/jdk.internal.reflect.NativeMethodAccessorImpl.invoke(NativeMethodAccessorImpl.java:62)\n\tat java.base/jdk.internal.reflect.DelegatingMethodAccessorImpl.invoke(DelegatingMethodAccessorImpl.java:43)\n\tat java.base/java.lang.reflect.Method.invoke(Method.java:566)\n\tat org.testng.internal.MethodInvocationHelper.invokeMethod(MethodInvocationHelper.java:124)\n\tat org.testng.internal.Invoker.invokeMethod(Invoker.java:583)\n\tat org.testng.internal.Invoker.invokeTestMethod(Invoker.java:719)\n\tat org.testng.internal.Invoker.invokeTestMethods(Invoker.java:989)\n\tat org.testng.internal.TestMethodWorker.invokeTestMethods(TestMethodWorker.java:125)\n\tat org.testng.internal.TestMethodWorker.run(TestMethodWorker.java:109)\n\tat java.base/java.util.concurrent.ThreadPoolExecutor.runWorker(ThreadPoolExecutor.java:1128)\n\tat java.base/java.util.concurrent.ThreadPoolExecutor$Worker.run(ThreadPoolExecutor.java:628)\n\tat java.base/java.lang.Thread.run(Thread.java:829)\n","steps":[{"name":"Create player","time":{"start":1728926233995,"stop":1728926234254,"duration":259},"status":"passed","steps":[{"name":"Execute GET request to CREATE player","time":{"start":1728926233995,"stop":1728926234254,"duration":259},"status":"passed","steps":[],"attachments":[{"uid":"52d6fa075aaf3258","name":"Request","source":"52d6fa075aaf3258.html","type":"text/html","size":599},{"uid":"8518e0c8e7ecf1f6","name":"HTTP/1.1 200 ","source":"8518e0c8e7ecf1f6.html","type":"text/html","size":601}],"parameters":[{"name":"editor","value":"supervisor"},{"name":"player","value":"PlayerCreateRequestDTO(age=31, editor=supervisor, gender=Male, login=M. Balmer, password=WjjoPff8GWkE, role=user, screenName=ogvrf)"}],"shouldDisplayMessage":false,"stepsCount":0,"attachmentsCount":2,"hasContent":true}],"attachments":[],"parameters":[{"name":"editor","value":"supervisor"},{"name":"player","value":"PlayerCreateRequestDTO(age=31, editor=supervisor, gender=Male, login=M. Balmer, password=WjjoPff8GWkE, role=user, screenName=ogvrf)"}],"shouldDisplayMessage":false,"stepsCount":1,"attachmentsCount":2,"hasContent":true},{"name":"Assert response HTTP Status code is: 200","time":{"start":1728926234254,"stop":1728926234254,"duration":0},"status":"passed","steps":[{"name":"assertThat '200'","time":{"start":1728926234254,"stop":1728926234254,"duration":0},"status":"passed","steps":[],"attachments":[],"parameters":[],"shouldDisplayMessage":false,"stepsCount":0,"attachmentsCount":0,"hasContent":false},{"name":"as 'Verify status code is 200 []'","time":{"start":1728926234254,"stop":1728926234254,"duration":0},"status":"passed","steps":[{"name":"describedAs 'Verify status code is 200'","time":{"start":1728926234254,"stop":1728926234254,"duration":0},"status":"passed","steps":[],"attachments":[],"parameters":[],"shouldDisplayMessage":false,"stepsCount":0,"attachmentsCount":0,"hasContent":false}],"attachments":[],"parameters":[],"shouldDisplayMessage":false,"stepsCount":1,"attachmentsCount":0,"hasContent":true},{"name":"isEqualTo '200'","time":{"start":1728926234254,"stop":1728926234254,"duration":0},"status":"passed","steps":[],"attachments":[],"parameters":[],"shouldDisplayMessage":false,"stepsCount":0,"attachmentsCount":0,"hasContent":false}],"attachments":[],"parameters":[{"name":"response","value":"io.restassured.internal.ValidatableResponseImpl@64e29232"},{"name":"expectedStatusCode","value":"200"}],"shouldDisplayMessage":false,"stepsCount":4,"attachmentsCount":0,"hasContent":true},{"name":"Assert response matches JSON schema: playerservice/schemas/create-player-response.json","time":{"start":1728926234262,"stop":1728926234901,"duration":639},"status":"failed","statusMessage":"1 expectation failed.\nResponse body doesn't match expectation.\nExpected: The content to match the given JSON schema.\nerror: instance type (null) does not match any allowed primitive type (allowed: [\"integer\"])\n    level: \"error\"\n    schema: {\"loadingURI\":\"file:/home/runner/work/player-service-taf/player-service-taf/player-service-test/target/test-classes/playerservice/schemas/create-player-response.json#\",\"pointer\":\"/properties/age\"}\n    instance: {\"pointer\":\"/age\"}\n    domain: \"validation\"\n    keyword: \"type\"\n    found: \"null\"\n    expected: [\"integer\"]\nerror: instance type (null) does not match any allowed primitive type (allowed: [\"string\"])\n    level: \"error\"\n    schema: {\"loadingURI\":\"file:/home/runner/work/player-service-taf/player-service-taf/player-service-test/target/test-classes/playerservice/schemas/create-player-response.json#\",\"pointer\":\"/properties/gender\"}\n    instance: {\"pointer\":\"/gender\"}\n    domain: \"validation\"\n    keyword: \"type\"\n    found: \"null\"\n    expected: [\"string\"]\nerror: instance type (null) does not match any allowed primitive type (allowed: [\"string\"])\n    level: \"error\"\n    schema: {\"loadingURI\":\"file:/home/runner/work/player-service-taf/player-service-taf/player-service-test/target/test-classes/playerservice/schemas/create-player-response.json#\",\"pointer\":\"/properties/password\"}\n    instance: {\"pointer\":\"/password\"}\n    domain: \"validation\"\n    keyword: \"type\"\n    found: \"null\"\n    expected: [\"string\"]\nerror: instance type (null) does not match any allowed primitive type (allowed: [\"string\"])\n    level: \"error\"\n    schema: {\"loadingURI\":\"file:/home/runner/work/player-service-taf/player-service-taf/player-service-test/target/test-classes/playerservice/schemas/create-player-response.json#\",\"pointer\":\"/properties/role\"}\n    instance: {\"pointer\":\"/role\"}\n    domain: \"validation\"\n    keyword: \"type\"\n    found: \"null\"\n    expected: [\"string\"]\nerror: instance type (null) does not match any allowed primitive type (allowed: [\"string\"])\n    level: \"error\"\n    schema: {\"loadingURI\":\"file:/home/runner/work/player-service-taf/player-service-taf/player-service-test/target/test-classes/playerservice/schemas/create-player-response.json#\",\"pointer\":\"/properties/screenName\"}\n    instance: {\"pointer\":\"/screenName\"}\n    domain: \"validation\"\n    keyword: \"type\"\n    found: \"null\"\n    expected: [\"string\"]\n\n  Actual: {\"id\":433552810,\"login\":\"M. Balmer\",\"password\":null,\"screenName\":null,\"gender\":null,\"age\":null,\"role\":null}\n","statusTrace":"java.lang.AssertionError: 1 expectation failed.\nResponse body doesn't match expectation.\nExpected: The content to match the given JSON schema.\nerror: instance type (null) does not match any allowed primitive type (allowed: [\"integer\"])\n    level: \"error\"\n    schema: {\"loadingURI\":\"file:/home/runner/work/player-service-taf/player-service-taf/player-service-test/target/test-classes/playerservice/schemas/create-player-response.json#\",\"pointer\":\"/properties/age\"}\n    instance: {\"pointer\":\"/age\"}\n    domain: \"validation\"\n    keyword: \"type\"\n    found: \"null\"\n    expected: [\"integer\"]\nerror: instance type (null) does not match any allowed primitive type (allowed: [\"string\"])\n    level: \"error\"\n    schema: {\"loadingURI\":\"file:/home/runner/work/player-service-taf/player-service-taf/player-service-test/target/test-classes/playerservice/schemas/create-player-response.json#\",\"pointer\":\"/properties/gender\"}\n    instance: {\"pointer\":\"/gender\"}\n    domain: \"validation\"\n    keyword: \"type\"\n    found: \"null\"\n    expected: [\"string\"]\nerror: instance type (null) does not match any allowed primitive type (allowed: [\"string\"])\n    level: \"error\"\n    schema: {\"loadingURI\":\"file:/home/runner/work/player-service-taf/player-service-taf/player-service-test/target/test-classes/playerservice/schemas/create-player-response.json#\",\"pointer\":\"/properties/password\"}\n    instance: {\"pointer\":\"/password\"}\n    domain: \"validation\"\n    keyword: \"type\"\n    found: \"null\"\n    expected: [\"string\"]\nerror: instance type (null) does not match any allowed primitive type (allowed: [\"string\"])\n    level: \"error\"\n    schema: {\"loadingURI\":\"file:/home/runner/work/player-service-taf/player-service-taf/player-service-test/target/test-classes/playerservice/schemas/create-player-response.json#\",\"pointer\":\"/properties/role\"}\n    instance: {\"pointer\":\"/role\"}\n    domain: \"validation\"\n    keyword: \"type\"\n    found: \"null\"\n    expected: [\"string\"]\nerror: instance type (null) does not match any allowed primitive type (allowed: [\"string\"])\n    level: \"error\"\n    schema: {\"loadingURI\":\"file:/home/runner/work/player-service-taf/player-service-taf/player-service-test/target/test-classes/playerservice/schemas/create-player-response.json#\",\"pointer\":\"/properties/screenName\"}\n    instance: {\"pointer\":\"/screenName\"}\n    domain: \"validation\"\n    keyword: \"type\"\n    found: \"null\"\n    expected: [\"string\"]\n\n  Actual: {\"id\":433552810,\"login\":\"M. Balmer\",\"password\":null,\"screenName\":null,\"gender\":null,\"age\":null,\"role\":null}\n\n\tat java.base/jdk.internal.reflect.NativeConstructorAccessorImpl.newInstance0(Native Method)\n\tat java.base/jdk.internal.reflect.NativeConstructorAccessorImpl.newInstance(NativeConstructorAccessorImpl.java:62)\n\tat java.base/jdk.internal.reflect.DelegatingConstructorAccessorImpl.newInstance(DelegatingConstructorAccessorImpl.java:45)\n\tat java.base/java.lang.reflect.Constructor.newInstance(Constructor.java:490)\n\tat org.codehaus.groovy.reflection.CachedConstructor.invoke(CachedConstructor.java:72)\n\tat org.codehaus.groovy.reflection.CachedConstructor.doConstructorInvoke(CachedConstructor.java:59)\n\tat org.codehaus.groovy.runtime.callsite.ConstructorSite$ConstructorSiteNoUnwrap.callConstructor(ConstructorSite.java:84)\n\tat org.codehaus.groovy.runtime.callsite.CallSiteArray.defaultCallConstructor(CallSiteArray.java:59)\n\tat org.codehaus.groovy.runtime.callsite.AbstractCallSite.callConstructor(AbstractCallSite.java:263)\n\tat org.codehaus.groovy.runtime.callsite.AbstractCallSite.callConstructor(AbstractCallSite.java:277)\n\tat io.restassured.internal.ResponseSpecificationImpl$HamcrestAssertionClosure.validate(ResponseSpecificationImpl.groovy:512)\n\tat io.restassured.internal.ResponseSpecificationImpl$HamcrestAssertionClosure$validate$4.call(Unknown Source)\n\tat io.restassured.internal.ResponseSpecificationImpl.validateResponseIfRequired(ResponseSpecificationImpl.groovy:696)\n\tat io.restassured.internal.ResponseSpecificationImpl.this$2$validateResponseIfRequired(ResponseSpecificationImpl.groovy)\n\tat java.base/jdk.internal.reflect.NativeMethodAccessorImpl.invoke0(Native Method)\n\tat java.base/jdk.internal.reflect.NativeMethodAccessorImpl.invoke(NativeMethodAccessorImpl.java:62)\n\tat java.base/jdk.internal.reflect.DelegatingMethodAccessorImpl.invoke(DelegatingMethodAccessorImpl.java:43)\n\tat java.base/java.lang.reflect.Method.invoke(Method.java:566)\n\tat org.codehaus.groovy.runtime.callsite.PlainObjectMetaMethodSite.doInvoke(PlainObjectMetaMethodSite.java:48)\n\tat org.codehaus.groovy.runtime.callsite.PogoMetaMethodSite$PogoCachedMethodSiteNoUnwrapNoCoerce.invoke(PogoMetaMethodSite.java:189)\n\tat org.codehaus.groovy.runtime.callsite.PogoMetaMethodSite.callCurrent(PogoMetaMethodSite.java:57)\n\tat org.codehaus.groovy.runtime.callsite.AbstractCallSite.callCurrent(AbstractCallSite.java:185)\n\tat org.codehaus.groovy.runtime.callsite.AbstractCallSite.callCurrent(AbstractCallSite.java:183)\n\tat io.restassured.internal.ResponseSpecificationImpl.body(ResponseSpecificationImpl.groovy:107)\n\tat io.restassured.internal.ValidatableResponseOptionsImpl.body(ValidatableResponseOptionsImpl.java:238)\n\tat com.companyname.assertions.TestAssertions.assertResponseMatchesJsonSchema(TestAssertions.java:24)\n\tat com.companyname.playerservice.functionaltests.create.CreatePlayerTests.testPlayerWithAllFieldsCanBeCreated(CreatePlayerTests.java:39)\n\tat java.base/jdk.internal.reflect.NativeMethodAccessorImpl.invoke0(Native Method)\n\tat java.base/jdk.internal.reflect.NativeMethodAccessorImpl.invoke(NativeMethodAccessorImpl.java:62)\n\tat java.base/jdk.internal.reflect.DelegatingMethodAccessorImpl.invoke(DelegatingMethodAccessorImpl.java:43)\n\tat java.base/java.lang.reflect.Method.invoke(Method.java:566)\n\tat org.testng.internal.MethodInvocationHelper.invokeMethod(MethodInvocationHelper.java:124)\n\tat org.testng.internal.Invoker.invokeMethod(Invoker.java:583)\n\tat org.testng.internal.Invoker.invokeTestMethod(Invoker.java:719)\n\tat org.testng.internal.Invoker.invokeTestMethods(Invoker.java:989)\n\tat org.testng.internal.TestMethodWorker.invokeTestMethods(TestMethodWorker.java:125)\n\tat org.testng.internal.TestMethodWorker.run(TestMethodWorker.java:109)\n\tat java.base/java.util.concurrent.ThreadPoolExecutor.runWorker(ThreadPoolExecutor.java:1128)\n\tat java.base/java.util.concurrent.ThreadPoolExecutor$Worker.run(ThreadPoolExecutor.java:628)\n\tat java.base/java.lang.Thread.run(Thread.java:829)\n","steps":[],"attachments":[],"parameters":[{"name":"response","value":"io.restassured.internal.ValidatableResponseImpl@64e29232"},{"name":"schemaPath","value":"playerservice/schemas/create-player-response.json"}],"shouldDisplayMessage":true,"stepsCount":0,"attachmentsCount":0,"hasContent":true}],"attachments":[],"parameters":[],"shouldDisplayMessage":false,"stepsCount":8,"attachmentsCount":2,"hasContent":true},"afterStages":[{"name":"cleanupTest","time":{"start":1728926234913,"stop":1728926235189,"duration":276},"description":"","status":"passed","steps":[{"name":"Delete player","time":{"start":1728926234913,"stop":1728926235188,"duration":275},"status":"passed","steps":[{"name":"Execute DELETE request to DELETE player","time":{"start":1728926234913,"stop":1728926235188,"duration":275},"status":"passed","steps":[],"attachments":[{"uid":"47ee06faa0aa1467","name":"Request","source":"47ee06faa0aa1467.html","type":"text/html","size":514},{"uid":"8aaa4645718e3d2b","name":"HTTP/1.1 204 ","source":"8aaa4645718e3d2b.html","type":"text/html","size":275}],"parameters":[{"name":"editor","value":"supervisor"},{"name":"id","value":"433552810"}],"shouldDisplayMessage":false,"stepsCount":0,"attachmentsCount":2,"hasContent":true}],"attachments":[],"parameters":[{"name":"editor","value":"supervisor"},{"name":"playerId","value":"433552810"}],"shouldDisplayMessage":false,"stepsCount":1,"attachmentsCount":2,"hasContent":true}],"attachments":[],"parameters":[],"shouldDisplayMessage":false,"stepsCount":2,"attachmentsCount":2,"hasContent":true}],"labels":[{"name":"package","value":"com.companyname.playerservice.functionaltests.create.CreatePlayerTests"},{"name":"testClass","value":"com.companyname.playerservice.functionaltests.create.CreatePlayerTests"},{"name":"testMethod","value":"testPlayerWithAllFieldsCanBeCreated"},{"name":"parentSuite","value":"Surefire suite"},{"name":"suite","value":"Surefire test"},{"name":"subSuite","value":"com.companyname.playerservice.functionaltests.create.CreatePlayerTests"},{"name":"host","value":"fv-az1691-595"},{"name":"thread","value":"2545@fv-az1691-595.TestNG-test=Surefire test-2(16)"},{"name":"framework","value":"testng"},{"name":"language","value":"java"},{"name":"tag","value":"SMOKE"},{"name":"epic","value":"Player service implementation"},{"name":"feature","value":"Create Player"},{"name":"story","value":"Admin or Supervisor is able to create Player"},{"name":"severity","value":"critical"},{"name":"resultFormat","value":"allure2"}],"parameters":[{"name":"arg0","value":"supervisor"}],"links":[{"name":"PS-1234","type":"issue"},{"name":"PS-321","type":"tms"},{"name":"PS-1235","type":"issue"}],"hidden":false,"retry":false,"extra":{"severity":"critical","retries":[],"categories":[{"name":"Product defects","matchedStatuses":[],"flaky":false}],"tags":["SMOKE"]},"source":"dbd041fccc04ec8f.json","parameterValues":["supervisor"]}